Using pre-set license
Built from '2021.2/china_unity/release' branch; Version is '2021.2.14f1c1 (7c06c4af091b) revision 8128196'; Using compiler version '192829333'; Build Type 'Release'
OS: 'Windows 10  (10.0.19044) 64bit Professional' Language: 'zh' Physical Memory: 16202 MB
BatchMode: 1, IsHumanControllingUs: 0, StartBugReporterOnCrash: 0, Is64bit: 1, IsPro: 1

COMMAND LINE ARGUMENTS:
C:\Program Files\Unity\Hub\Editor\2021.2.14f1c1\Editor\Unity.exe
-adb2
-batchMode
-noUpm
-name
AssetImportWorker1
-projectPath
C:/Users/HHH/Desktop/This-onetest-main
-logFile
Logs/AssetImportWorker1.log
-srvPort
49957
Successfully changed project path to: C:/Users/HHH/Desktop/This-onetest-main
C:/Users/HHH/Desktop/This-onetest-main
[UnityMemory] Configuration Parameters - Can be set up in boot.config
    "memorysetup-bucket-allocator-granularity=16"
    "memorysetup-bucket-allocator-bucket-count=8"
    "memorysetup-bucket-allocator-block-size=33554432"
    "memorysetup-bucket-allocator-block-count=8"
    "memorysetup-main-allocator-block-size=16777216"
    "memorysetup-thread-allocator-block-size=16777216"
    "memorysetup-gfx-main-allocator-block-size=16777216"
    "memorysetup-gfx-thread-allocator-block-size=16777216"
    "memorysetup-cache-allocator-block-size=4194304"
    "memorysetup-typetree-allocator-block-size=2097152"
    "memorysetup-profiler-bucket-allocator-granularity=16"
    "memorysetup-profiler-bucket-allocator-bucket-count=8"
    "memorysetup-profiler-bucket-allocator-block-size=33554432"
    "memorysetup-profiler-bucket-allocator-block-count=8"
    "memorysetup-profiler-allocator-block-size=16777216"
    "memorysetup-profiler-editor-allocator-block-size=1048576"
    "memorysetup-temp-allocator-size-main=16777216"
    "memorysetup-job-temp-allocator-block-size=2097152"
    "memorysetup-job-temp-allocator-block-size-background=1048576"
    "memorysetup-job-temp-allocator-reduction-small-platforms=262144"
    "memorysetup-temp-allocator-size-background-worker=32768"
    "memorysetup-temp-allocator-size-job-worker=262144"
    "memorysetup-temp-allocator-size-preload-manager=33554432"
    "memorysetup-temp-allocator-size-nav-mesh-worker=65536"
    "memorysetup-temp-allocator-size-audio-worker=65536"
    "memorysetup-temp-allocator-size-cloud-worker=32768"
    "memorysetup-temp-allocator-size-gi-baking-worker=262144"
    "memorysetup-temp-allocator-size-gfx=262144"
AS: AutoStreaming module initializing.
Refreshing native plugins compatible for Editor in 92.88 ms, found 3 plugins.
Preloading 0 native plugins for Editor in 0.00 ms.
Initialize engine version: 2021.2.14f1c1 (7c06c4af091b)
[Subsystems] Discovering subsystems at path C:/Program Files/Unity/Hub/Editor/2021.2.14f1c1/Editor/Data/Resources/UnitySubsystems
[Subsystems] Discovering subsystems at path C:/Users/HHH/Desktop/This-onetest-main/Assets
GfxDevice: creating device client; threaded=0; jobified=0
Direct3D:
    Version:  Direct3D 11.0 [level 11.1]
    Renderer: NVIDIA GeForce RTX 2060 (ID=0x1f15)
    Vendor:   NVIDIA
    VRAM:     5980 MB
    Driver:   27.21.14.6275
Initialize mono
Mono path[0] = 'C:/Program Files/Unity/Hub/Editor/2021.2.14f1c1/Editor/Data/Managed'
Mono path[1] = 'C:/Program Files/Unity/Hub/Editor/2021.2.14f1c1/Editor/Data/MonoBleedingEdge/lib/mono/unityjit-win32'
Mono config path = 'C:/Program Files/Unity/Hub/Editor/2021.2.14f1c1/Editor/Data/MonoBleedingEdge/etc'
Using monoOptions --debugger-agent=transport=dt_socket,embedding=1,server=y,suspend=n,address=127.0.0.1:56556
Begin MonoManager ReloadAssembly
Registering precompiled unity dll's ...
Register platform support module: C:/Program Files/Unity/Hub/Editor/2021.2.14f1c1/Editor/Data/PlaybackEngines/WindowsStandaloneSupport/UnityEditor.WindowsStandalone.Extensions.dll
Registered in 0.007809 seconds.
Native extension for WindowsStandalone target not found
Refreshing native plugins compatible for Editor in 91.49 ms, found 3 plugins.
Preloading 0 native plugins for Editor in 0.00 ms.
Mono: successfully reloaded assembly
- Completed reload, in  0.651 seconds
Domain Reload Profiling:
	ReloadAssembly (652ms)
		BeginReloadAssembly (73ms)
			ExecutionOrderSort (0ms)
			DisableScriptedObjects (0ms)
			BackupInstance (0ms)
			ReleaseScriptingObjects (0ms)
			CreateAndSetChildDomain (1ms)
		EndReloadAssembly (444ms)
			LoadAssemblies (67ms)
			RebuildTransferFunctionScriptingTraits (0ms)
			SetupTypeCache (99ms)
			ReleaseScriptCaches (0ms)
			RebuildScriptCaches (25ms)
			SetupLoadedEditorAssemblies (266ms)
				LogAssemblyErrors (0ms)
				InitializePlatformSupportModulesInManaged (8ms)
				SetLoadedEditorAssemblies (0ms)
				RefreshPlugins (92ms)
				BeforeProcessingInitializeOnLoad (1ms)
				ProcessInitializeOnLoadAttributes (120ms)
				ProcessInitializeOnLoadMethodAttributes (45ms)
				AfterProcessingInitializeOnLoad (0ms)
				EditorAssembliesLoaded (0ms)
			ExecutionOrderSort2 (0ms)
			AwakeInstancesAfterBackupRestoration (0ms)
Platform modules already initialized, skipping
Registering precompiled user dll's ...
Registered in 0.008475 seconds.
Begin MonoManager ReloadAssembly
Symbol file LoadedFromMemory doesn't match image C:\Users\HHH\Desktop\This-onetest-main\Library\PackageCache\com.unity.visualscripting@1.7.6\Editor\VisualScripting.Core\Dependencies\YamlDotNet\Unity.VisualScripting.YamlDotNet.dll
Symbol file LoadedFromMemory doesn't match image C:\Users\HHH\Desktop\This-onetest-main\Library\PackageCache\com.unity.visualscripting@1.7.6\Editor\VisualScripting.Core\Dependencies\DotNetZip\Unity.VisualScripting.IonicZip.dll
Native extension for WindowsStandalone target not found
Refreshing native plugins compatible for Editor in 0.78 ms, found 3 plugins.
Preloading 0 native plugins for Editor in 0.00 ms.
Mono: successfully reloaded assembly
- Completed reload, in  1.153 seconds
Domain Reload Profiling:
	ReloadAssembly (1154ms)
		BeginReloadAssembly (116ms)
			ExecutionOrderSort (0ms)
			DisableScriptedObjects (6ms)
			BackupInstance (0ms)
			ReleaseScriptingObjects (0ms)
			CreateAndSetChildDomain (19ms)
		EndReloadAssembly (884ms)
			LoadAssemblies (84ms)
			RebuildTransferFunctionScriptingTraits (0ms)
			SetupTypeCache (282ms)
			ReleaseScriptCaches (1ms)
			RebuildScriptCaches (65ms)
			SetupLoadedEditorAssemblies (393ms)
				LogAssemblyErrors (0ms)
				InitializePlatformSupportModulesInManaged (6ms)
				SetLoadedEditorAssemblies (0ms)
				RefreshPlugins (1ms)
				BeforeProcessingInitializeOnLoad (104ms)
				ProcessInitializeOnLoadAttributes (242ms)
				ProcessInitializeOnLoadMethodAttributes (26ms)
				AfterProcessingInitializeOnLoad (14ms)
				EditorAssembliesLoaded (0ms)
			ExecutionOrderSort2 (0ms)
			AwakeInstancesAfterBackupRestoration (7ms)
Platform modules already initialized, skipping
========================================================================
Worker process is ready to serve import requests
Launched and connected shader compiler UnityShaderCompiler.exe after 0.04 seconds
Refreshing native plugins compatible for Editor in 0.66 ms, found 3 plugins.
Preloading 0 native plugins for Editor in 0.00 ms.
Unloading 3865 Unused Serialized files (Serialized files now loaded: 0)
Unloading 31 unused Assets / (0.6 MB). Loaded Objects now: 4322.
Memory consumption went from 219.2 MB to 218.6 MB.
Total: 3.133100 ms (FindLiveObjects: 0.420800 ms CreateObjectMapping: 0.267500 ms MarkObjects: 2.252000 ms  DeleteObjects: 0.192000 ms)

AssetImportParameters requested are different than current active one (requested -> active):
  custom:video-decoder-ogg-theora: a1e56fd34408186e4bbccfd4996cb3dc -> 
  custom:container-muxer-webm: aa71ff27fc2769a1b78a27578f13a17b -> 
  custom:container-demuxer-webm: 4f35f7cbe854078d1ac9338744f61a02 -> 
  custom:video-encoder-webm-vp8: eb34c28f22e8b96e1ab97ce403110664 -> 
  custom:audio-encoder-webm-vorbis: bf7c407c2cedff20999df2af8eb42d56 -> 
  custom:framework-win-MediaFoundation: 216162199b28c13a410421893ffa2e32 -> 
  custom:container-demuxer-ogg: 62fdf1f143b41e24485cea50d1cbac27 -> 
  custom:video-decoder-webm-vp8: 9c59270c3fd7afecdb556c50c9e8de78 -> 
  custom:audio-decoder-ogg-vorbis: bf7c407c2cedff20999df2af8eb42d56 -> 
========================================================================
Received Prepare
Registering precompiled user dll's ...
Registered in 0.014355 seconds.
Begin MonoManager ReloadAssembly
Symbol file LoadedFromMemory doesn't match image C:\Users\HHH\Desktop\This-onetest-main\Library\PackageCache\com.unity.visualscripting@1.7.6\Editor\VisualScripting.Core\Dependencies\YamlDotNet\Unity.VisualScripting.YamlDotNet.dll
Symbol file LoadedFromMemory doesn't match image C:\Users\HHH\Desktop\This-onetest-main\Library\PackageCache\com.unity.visualscripting@1.7.6\Editor\VisualScripting.Core\Dependencies\DotNetZip\Unity.VisualScripting.IonicZip.dll
Native extension for WindowsStandalone target not found
Refreshing native plugins compatible for Editor in 0.64 ms, found 3 plugins.
Preloading 0 native plugins for Editor in 0.00 ms.
Mono: successfully reloaded assembly
- Completed reload, in  1.229 seconds
Domain Reload Profiling:
	ReloadAssembly (1230ms)
		BeginReloadAssembly (213ms)
			ExecutionOrderSort (0ms)
			DisableScriptedObjects (6ms)
			BackupInstance (0ms)
			ReleaseScriptingObjects (0ms)
			CreateAndSetChildDomain (46ms)
		EndReloadAssembly (857ms)
			LoadAssemblies (144ms)
			RebuildTransferFunctionScriptingTraits (0ms)
			SetupTypeCache (241ms)
			ReleaseScriptCaches (1ms)
			RebuildScriptCaches (40ms)
			SetupLoadedEditorAssemblies (396ms)
				LogAssemblyErrors (0ms)
				InitializePlatformSupportModulesInManaged (17ms)
				SetLoadedEditorAssemblies (0ms)
				RefreshPlugins (1ms)
				BeforeProcessingInitializeOnLoad (110ms)
				ProcessInitializeOnLoadAttributes (207ms)
				ProcessInitializeOnLoadMethodAttributes (24ms)
				AfterProcessingInitializeOnLoad (37ms)
				EditorAssembliesLoaded (0ms)
			ExecutionOrderSort2 (0ms)
			AwakeInstancesAfterBackupRestoration (11ms)
Platform modules already initialized, skipping
Refreshing native plugins compatible for Editor in 3.24 ms, found 3 plugins.
Preloading 0 native plugins for Editor in 0.00 ms.
Unloading 3801 Unused Serialized files (Serialized files now loaded: 0)
Unloading 24 unused Assets / (0.5 MB). Loaded Objects now: 4325.
Memory consumption went from 213.1 MB to 212.6 MB.
Total: 3.091900 ms (FindLiveObjects: 0.301400 ms CreateObjectMapping: 0.198600 ms MarkObjects: 2.419800 ms  DeleteObjects: 0.171100 ms)

AssetImportParameters requested are different than current active one (requested -> active):
  custom:video-decoder-ogg-theora: a1e56fd34408186e4bbccfd4996cb3dc -> 
  custom:container-muxer-webm: aa71ff27fc2769a1b78a27578f13a17b -> 
  custom:container-demuxer-webm: 4f35f7cbe854078d1ac9338744f61a02 -> 
  custom:video-encoder-webm-vp8: eb34c28f22e8b96e1ab97ce403110664 -> 
  custom:audio-encoder-webm-vorbis: bf7c407c2cedff20999df2af8eb42d56 -> 
  custom:framework-win-MediaFoundation: 216162199b28c13a410421893ffa2e32 -> 
  custom:container-demuxer-ogg: 62fdf1f143b41e24485cea50d1cbac27 -> 
  custom:video-decoder-webm-vp8: 9c59270c3fd7afecdb556c50c9e8de78 -> 
  custom:audio-decoder-ogg-vorbis: bf7c407c2cedff20999df2af8eb42d56 -> 
========================================================================
Received Prepare
Registering precompiled user dll's ...
Registered in 0.013978 seconds.
Begin MonoManager ReloadAssembly
Symbol file LoadedFromMemory doesn't match image C:\Users\HHH\Desktop\This-onetest-main\Library\PackageCache\com.unity.visualscripting@1.7.6\Editor\VisualScripting.Core\Dependencies\YamlDotNet\Unity.VisualScripting.YamlDotNet.dll
Symbol file LoadedFromMemory doesn't match image C:\Users\HHH\Desktop\This-onetest-main\Library\PackageCache\com.unity.visualscripting@1.7.6\Editor\VisualScripting.Core\Dependencies\DotNetZip\Unity.VisualScripting.IonicZip.dll
Native extension for WindowsStandalone target not found
Refreshing native plugins compatible for Editor in 0.68 ms, found 3 plugins.
Preloading 0 native plugins for Editor in 0.00 ms.
Mono: successfully reloaded assembly
- Completed reload, in  1.249 seconds
Domain Reload Profiling:
	ReloadAssembly (1249ms)
		BeginReloadAssembly (198ms)
			ExecutionOrderSort (0ms)
			DisableScriptedObjects (6ms)
			BackupInstance (0ms)
			ReleaseScriptingObjects (0ms)
			CreateAndSetChildDomain (36ms)
		EndReloadAssembly (902ms)
			LoadAssemblies (145ms)
			RebuildTransferFunctionScriptingTraits (0ms)
			SetupTypeCache (287ms)
			ReleaseScriptCaches (1ms)
			RebuildScriptCaches (42ms)
			SetupLoadedEditorAssemblies (389ms)
				LogAssemblyErrors (0ms)
				InitializePlatformSupportModulesInManaged (18ms)
				SetLoadedEditorAssemblies (0ms)
				RefreshPlugins (1ms)
				BeforeProcessingInitializeOnLoad (110ms)
				ProcessInitializeOnLoadAttributes (200ms)
				ProcessInitializeOnLoadMethodAttributes (23ms)
				AfterProcessingInitializeOnLoad (37ms)
				EditorAssembliesLoaded (0ms)
			ExecutionOrderSort2 (0ms)
			AwakeInstancesAfterBackupRestoration (10ms)
Platform modules already initialized, skipping
Refreshing native plugins compatible for Editor in 4.60 ms, found 3 plugins.
Preloading 0 native plugins for Editor in 0.00 ms.
Unloading 3800 Unused Serialized files (Serialized files now loaded: 0)
Unloading 25 unused Assets / (0.5 MB). Loaded Objects now: 4326.
Memory consumption went from 213.1 MB to 212.6 MB.
Total: 3.148800 ms (FindLiveObjects: 0.313400 ms CreateObjectMapping: 0.217800 ms MarkObjects: 2.385800 ms  DeleteObjects: 0.230900 ms)

AssetImportParameters requested are different than current active one (requested -> active):
  custom:video-decoder-ogg-theora: a1e56fd34408186e4bbccfd4996cb3dc -> 
  custom:container-muxer-webm: aa71ff27fc2769a1b78a27578f13a17b -> 
  custom:container-demuxer-webm: 4f35f7cbe854078d1ac9338744f61a02 -> 
  custom:video-encoder-webm-vp8: eb34c28f22e8b96e1ab97ce403110664 -> 
  custom:audio-encoder-webm-vorbis: bf7c407c2cedff20999df2af8eb42d56 -> 
  custom:framework-win-MediaFoundation: 216162199b28c13a410421893ffa2e32 -> 
  custom:container-demuxer-ogg: 62fdf1f143b41e24485cea50d1cbac27 -> 
  custom:video-decoder-webm-vp8: 9c59270c3fd7afecdb556c50c9e8de78 -> 
  custom:audio-decoder-ogg-vorbis: bf7c407c2cedff20999df2af8eb42d56 -> 
========================================================================
Received Prepare
Registering precompiled user dll's ...
Registered in 0.015264 seconds.
Begin MonoManager ReloadAssembly
Symbol file LoadedFromMemory doesn't match image C:\Users\HHH\Desktop\This-onetest-main\Library\PackageCache\com.unity.visualscripting@1.7.6\Editor\VisualScripting.Core\Dependencies\YamlDotNet\Unity.VisualScripting.YamlDotNet.dll
Symbol file LoadedFromMemory doesn't match image C:\Users\HHH\Desktop\This-onetest-main\Library\PackageCache\com.unity.visualscripting@1.7.6\Editor\VisualScripting.Core\Dependencies\DotNetZip\Unity.VisualScripting.IonicZip.dll
Native extension for WindowsStandalone target not found
Refreshing native plugins compatible for Editor in 0.64 ms, found 3 plugins.
Preloading 0 native plugins for Editor in 0.00 ms.
Mono: successfully reloaded assembly
- Completed reload, in  1.353 seconds
Domain Reload Profiling:
	ReloadAssembly (1354ms)
		BeginReloadAssembly (213ms)
			ExecutionOrderSort (0ms)
			DisableScriptedObjects (5ms)
			BackupInstance (0ms)
			ReleaseScriptingObjects (0ms)
			CreateAndSetChildDomain (40ms)
		EndReloadAssembly (987ms)
			LoadAssemblies (150ms)
			RebuildTransferFunctionScriptingTraits (0ms)
			SetupTypeCache (269ms)
			ReleaseScriptCaches (1ms)
			RebuildScriptCaches (45ms)
			SetupLoadedEditorAssemblies (480ms)
				LogAssemblyErrors (0ms)
				InitializePlatformSupportModulesInManaged (17ms)
				SetLoadedEditorAssemblies (0ms)
				RefreshPlugins (1ms)
				BeforeProcessingInitializeOnLoad (116ms)
				ProcessInitializeOnLoadAttributes (265ms)
				ProcessInitializeOnLoadMethodAttributes (28ms)
				AfterProcessingInitializeOnLoad (52ms)
				EditorAssembliesLoaded (1ms)
			ExecutionOrderSort2 (0ms)
			AwakeInstancesAfterBackupRestoration (24ms)
Platform modules already initialized, skipping
Refreshing native plugins compatible for Editor in 4.44 ms, found 3 plugins.
Preloading 0 native plugins for Editor in 0.00 ms.
Unloading 3800 Unused Serialized files (Serialized files now loaded: 0)
Unloading 24 unused Assets / (0.5 MB). Loaded Objects now: 4328.
Memory consumption went from 213.1 MB to 212.6 MB.
Total: 3.624600 ms (FindLiveObjects: 0.345000 ms CreateObjectMapping: 0.253900 ms MarkObjects: 2.771600 ms  DeleteObjects: 0.252700 ms)

AssetImportParameters requested are different than current active one (requested -> active):
  custom:video-decoder-ogg-theora: a1e56fd34408186e4bbccfd4996cb3dc -> 
  custom:container-muxer-webm: aa71ff27fc2769a1b78a27578f13a17b -> 
  custom:container-demuxer-webm: 4f35f7cbe854078d1ac9338744f61a02 -> 
  custom:video-encoder-webm-vp8: eb34c28f22e8b96e1ab97ce403110664 -> 
  custom:audio-encoder-webm-vorbis: bf7c407c2cedff20999df2af8eb42d56 -> 
  custom:framework-win-MediaFoundation: 216162199b28c13a410421893ffa2e32 -> 
  custom:container-demuxer-ogg: 62fdf1f143b41e24485cea50d1cbac27 -> 
  custom:video-decoder-webm-vp8: 9c59270c3fd7afecdb556c50c9e8de78 -> 
  custom:audio-decoder-ogg-vorbis: bf7c407c2cedff20999df2af8eb42d56 -> 
========================================================================
Received Prepare
Registering precompiled user dll's ...
Registered in 0.017592 seconds.
Begin MonoManager ReloadAssembly
Symbol file LoadedFromMemory doesn't match image C:\Users\HHH\Desktop\This-onetest-main\Library\PackageCache\com.unity.visualscripting@1.7.6\Editor\VisualScripting.Core\Dependencies\YamlDotNet\Unity.VisualScripting.YamlDotNet.dll
Symbol file LoadedFromMemory doesn't match image C:\Users\HHH\Desktop\This-onetest-main\Library\PackageCache\com.unity.visualscripting@1.7.6\Editor\VisualScripting.Core\Dependencies\DotNetZip\Unity.VisualScripting.IonicZip.dll
Native extension for WindowsStandalone target not found
Refreshing native plugins compatible for Editor in 0.62 ms, found 3 plugins.
Preloading 0 native plugins for Editor in 0.00 ms.
Mono: successfully reloaded assembly
- Completed reload, in  1.275 seconds
Domain Reload Profiling:
	ReloadAssembly (1276ms)
		BeginReloadAssembly (194ms)
			ExecutionOrderSort (0ms)
			DisableScriptedObjects (5ms)
			BackupInstance (0ms)
			ReleaseScriptingObjects (0ms)
			CreateAndSetChildDomain (38ms)
		EndReloadAssembly (921ms)
			LoadAssemblies (140ms)
			RebuildTransferFunctionScriptingTraits (0ms)
			SetupTypeCache (288ms)
			ReleaseScriptCaches (1ms)
			RebuildScriptCaches (40ms)
			SetupLoadedEditorAssemblies (420ms)
				LogAssemblyErrors (0ms)
				InitializePlatformSupportModulesInManaged (17ms)
				SetLoadedEditorAssemblies (0ms)
				RefreshPlugins (1ms)
				BeforeProcessingInitializeOnLoad (109ms)
				ProcessInitializeOnLoadAttributes (229ms)
				ProcessInitializeOnLoadMethodAttributes (26ms)
				AfterProcessingInitializeOnLoad (38ms)
				EditorAssembliesLoaded (0ms)
			ExecutionOrderSort2 (0ms)
			AwakeInstancesAfterBackupRestoration (12ms)
Platform modules already initialized, skipping
Refreshing native plugins compatible for Editor in 5.10 ms, found 3 plugins.
Preloading 0 native plugins for Editor in 0.00 ms.
Unloading 3800 Unused Serialized files (Serialized files now loaded: 0)
Unloading 24 unused Assets / (0.5 MB). Loaded Objects now: 4330.
Memory consumption went from 213.1 MB to 212.6 MB.
Total: 3.277900 ms (FindLiveObjects: 0.347200 ms CreateObjectMapping: 0.285000 ms MarkObjects: 2.426700 ms  DeleteObjects: 0.218000 ms)

AssetImportParameters requested are different than current active one (requested -> active):
  custom:video-decoder-ogg-theora: a1e56fd34408186e4bbccfd4996cb3dc -> 
  custom:container-muxer-webm: aa71ff27fc2769a1b78a27578f13a17b -> 
  custom:container-demuxer-webm: 4f35f7cbe854078d1ac9338744f61a02 -> 
  custom:video-encoder-webm-vp8: eb34c28f22e8b96e1ab97ce403110664 -> 
  custom:audio-encoder-webm-vorbis: bf7c407c2cedff20999df2af8eb42d56 -> 
  custom:framework-win-MediaFoundation: 216162199b28c13a410421893ffa2e32 -> 
  custom:container-demuxer-ogg: 62fdf1f143b41e24485cea50d1cbac27 -> 
  custom:video-decoder-webm-vp8: 9c59270c3fd7afecdb556c50c9e8de78 -> 
  custom:audio-decoder-ogg-vorbis: bf7c407c2cedff20999df2af8eb42d56 -> 
========================================================================
Received Prepare
Registering precompiled user dll's ...
Registered in 0.014451 seconds.
Begin MonoManager ReloadAssembly
Symbol file LoadedFromMemory doesn't match image C:\Users\HHH\Desktop\This-onetest-main\Library\PackageCache\com.unity.visualscripting@1.7.6\Editor\VisualScripting.Core\Dependencies\YamlDotNet\Unity.VisualScripting.YamlDotNet.dll
Symbol file LoadedFromMemory doesn't match image C:\Users\HHH\Desktop\This-onetest-main\Library\PackageCache\com.unity.visualscripting@1.7.6\Editor\VisualScripting.Core\Dependencies\DotNetZip\Unity.VisualScripting.IonicZip.dll
Native extension for WindowsStandalone target not found
Refreshing native plugins compatible for Editor in 1.15 ms, found 3 plugins.
Preloading 0 native plugins for Editor in 0.00 ms.
Mono: successfully reloaded assembly
- Completed reload, in  1.513 seconds
Domain Reload Profiling:
	ReloadAssembly (1514ms)
		BeginReloadAssembly (270ms)
			ExecutionOrderSort (0ms)
			DisableScriptedObjects (5ms)
			BackupInstance (0ms)
			ReleaseScriptingObjects (0ms)
			CreateAndSetChildDomain (44ms)
		EndReloadAssembly (1057ms)
			LoadAssemblies (213ms)
			RebuildTransferFunctionScriptingTraits (0ms)
			SetupTypeCache (317ms)
			ReleaseScriptCaches (2ms)
			RebuildScriptCaches (54ms)
			SetupLoadedEditorAssemblies (466ms)
				LogAssemblyErrors (0ms)
				InitializePlatformSupportModulesInManaged (20ms)
				SetLoadedEditorAssemblies (1ms)
				RefreshPlugins (1ms)
				BeforeProcessingInitializeOnLoad (134ms)
				ProcessInitializeOnLoadAttributes (238ms)
				ProcessInitializeOnLoadMethodAttributes (29ms)
				AfterProcessingInitializeOnLoad (42ms)
				EditorAssembliesLoaded (0ms)
			ExecutionOrderSort2 (0ms)
			AwakeInstancesAfterBackupRestoration (13ms)
Platform modules already initialized, skipping
Refreshing native plugins compatible for Editor in 4.00 ms, found 3 plugins.
Preloading 0 native plugins for Editor in 0.00 ms.
Unloading 3800 Unused Serialized files (Serialized files now loaded: 0)
Unloading 24 unused Assets / (0.5 MB). Loaded Objects now: 4332.
Memory consumption went from 213.2 MB to 212.6 MB.
Total: 2.954100 ms (FindLiveObjects: 0.330400 ms CreateObjectMapping: 0.223500 ms MarkObjects: 2.226700 ms  DeleteObjects: 0.172700 ms)

AssetImportParameters requested are different than current active one (requested -> active):
  custom:video-decoder-ogg-theora: a1e56fd34408186e4bbccfd4996cb3dc -> 
  custom:container-muxer-webm: aa71ff27fc2769a1b78a27578f13a17b -> 
  custom:container-demuxer-webm: 4f35f7cbe854078d1ac9338744f61a02 -> 
  custom:video-encoder-webm-vp8: eb34c28f22e8b96e1ab97ce403110664 -> 
  custom:audio-encoder-webm-vorbis: bf7c407c2cedff20999df2af8eb42d56 -> 
  custom:framework-win-MediaFoundation: 216162199b28c13a410421893ffa2e32 -> 
  custom:container-demuxer-ogg: 62fdf1f143b41e24485cea50d1cbac27 -> 
  custom:video-decoder-webm-vp8: 9c59270c3fd7afecdb556c50c9e8de78 -> 
  custom:audio-decoder-ogg-vorbis: bf7c407c2cedff20999df2af8eb42d56 -> 
========================================================================
Received Prepare
Registering precompiled user dll's ...
Registered in 0.014439 seconds.
Begin MonoManager ReloadAssembly
Symbol file LoadedFromMemory doesn't match image C:\Users\HHH\Desktop\This-onetest-main\Library\PackageCache\com.unity.visualscripting@1.7.6\Editor\VisualScripting.Core\Dependencies\YamlDotNet\Unity.VisualScripting.YamlDotNet.dll
Symbol file LoadedFromMemory doesn't match image C:\Users\HHH\Desktop\This-onetest-main\Library\PackageCache\com.unity.visualscripting@1.7.6\Editor\VisualScripting.Core\Dependencies\DotNetZip\Unity.VisualScripting.IonicZip.dll
Native extension for WindowsStandalone target not found
Refreshing native plugins compatible for Editor in 0.71 ms, found 3 plugins.
Preloading 0 native plugins for Editor in 0.00 ms.
Mono: successfully reloaded assembly
- Completed reload, in  1.380 seconds
Domain Reload Profiling:
	ReloadAssembly (1381ms)
		BeginReloadAssembly (193ms)
			ExecutionOrderSort (0ms)
			DisableScriptedObjects (5ms)
			BackupInstance (0ms)
			ReleaseScriptingObjects (0ms)
			CreateAndSetChildDomain (31ms)
		EndReloadAssembly (1038ms)
			LoadAssemblies (140ms)
			RebuildTransferFunctionScriptingTraits (0ms)
			SetupTypeCache (283ms)
			ReleaseScriptCaches (1ms)
			RebuildScriptCaches (54ms)
			SetupLoadedEditorAssemblies (498ms)
				LogAssemblyErrors (0ms)
				InitializePlatformSupportModulesInManaged (19ms)
				SetLoadedEditorAssemblies (1ms)
				RefreshPlugins (1ms)
				BeforeProcessingInitializeOnLoad (135ms)
				ProcessInitializeOnLoadAttributes (272ms)
				ProcessInitializeOnLoadMethodAttributes (29ms)
				AfterProcessingInitializeOnLoad (41ms)
				EditorAssembliesLoaded (0ms)
			ExecutionOrderSort2 (0ms)
			AwakeInstancesAfterBackupRestoration (15ms)
Platform modules already initialized, skipping
Refreshing native plugins compatible for Editor in 4.27 ms, found 3 plugins.
Preloading 0 native plugins for Editor in 0.00 ms.
Unloading 3800 Unused Serialized files (Serialized files now loaded: 0)
Unloading 24 unused Assets / (0.5 MB). Loaded Objects now: 4334.
Memory consumption went from 213.2 MB to 212.6 MB.
Total: 3.451100 ms (FindLiveObjects: 0.322900 ms CreateObjectMapping: 0.269500 ms MarkObjects: 2.620000 ms  DeleteObjects: 0.237800 ms)

AssetImportParameters requested are different than current active one (requested -> active):
  custom:video-decoder-ogg-theora: a1e56fd34408186e4bbccfd4996cb3dc -> 
  custom:container-muxer-webm: aa71ff27fc2769a1b78a27578f13a17b -> 
  custom:container-demuxer-webm: 4f35f7cbe854078d1ac9338744f61a02 -> 
  custom:video-encoder-webm-vp8: eb34c28f22e8b96e1ab97ce403110664 -> 
  custom:audio-encoder-webm-vorbis: bf7c407c2cedff20999df2af8eb42d56 -> 
  custom:framework-win-MediaFoundation: 216162199b28c13a410421893ffa2e32 -> 
  custom:container-demuxer-ogg: 62fdf1f143b41e24485cea50d1cbac27 -> 
  custom:video-decoder-webm-vp8: 9c59270c3fd7afecdb556c50c9e8de78 -> 
  custom:audio-decoder-ogg-vorbis: bf7c407c2cedff20999df2af8eb42d56 -> 
========================================================================
Received Prepare
Registering precompiled user dll's ...
Registered in 0.013765 seconds.
Begin MonoManager ReloadAssembly
Symbol file LoadedFromMemory doesn't match image C:\Users\HHH\Desktop\This-onetest-main\Library\PackageCache\com.unity.visualscripting@1.7.6\Editor\VisualScripting.Core\Dependencies\YamlDotNet\Unity.VisualScripting.YamlDotNet.dll
Symbol file LoadedFromMemory doesn't match image C:\Users\HHH\Desktop\This-onetest-main\Library\PackageCache\com.unity.visualscripting@1.7.6\Editor\VisualScripting.Core\Dependencies\DotNetZip\Unity.VisualScripting.IonicZip.dll
Native extension for WindowsStandalone target not found
Refreshing native plugins compatible for Editor in 0.85 ms, found 3 plugins.
Preloading 0 native plugins for Editor in 0.00 ms.
Mono: successfully reloaded assembly
- Completed reload, in  1.309 seconds
Domain Reload Profiling:
	ReloadAssembly (1309ms)
		BeginReloadAssembly (188ms)
			ExecutionOrderSort (0ms)
			DisableScriptedObjects (5ms)
			BackupInstance (0ms)
			ReleaseScriptingObjects (0ms)
			CreateAndSetChildDomain (34ms)
		EndReloadAssembly (978ms)
			LoadAssemblies (136ms)
			RebuildTransferFunctionScriptingTraits (0ms)
			SetupTypeCache (299ms)
			ReleaseScriptCaches (2ms)
			RebuildScriptCaches (48ms)
			SetupLoadedEditorAssemblies (442ms)
				LogAssemblyErrors (0ms)
				InitializePlatformSupportModulesInManaged (19ms)
				SetLoadedEditorAssemblies (1ms)
				RefreshPlugins (1ms)
				BeforeProcessingInitializeOnLoad (127ms)
				ProcessInitializeOnLoadAttributes (227ms)
				ProcessInitializeOnLoadMethodAttributes (28ms)
				AfterProcessingInitializeOnLoad (39ms)
				EditorAssembliesLoaded (0ms)
			ExecutionOrderSort2 (0ms)
			AwakeInstancesAfterBackupRestoration (12ms)
Platform modules already initialized, skipping
Refreshing native plugins compatible for Editor in 3.38 ms, found 3 plugins.
Preloading 0 native plugins for Editor in 0.00 ms.
Unloading 3800 Unused Serialized files (Serialized files now loaded: 0)
Unloading 24 unused Assets / (0.5 MB). Loaded Objects now: 4336.
Memory consumption went from 213.2 MB to 212.6 MB.
Total: 3.300300 ms (FindLiveObjects: 0.354000 ms CreateObjectMapping: 0.284100 ms MarkObjects: 2.474100 ms  DeleteObjects: 0.186700 ms)

AssetImportParameters requested are different than current active one (requested -> active):
  custom:video-decoder-ogg-theora: a1e56fd34408186e4bbccfd4996cb3dc -> 
  custom:container-muxer-webm: aa71ff27fc2769a1b78a27578f13a17b -> 
  custom:container-demuxer-webm: 4f35f7cbe854078d1ac9338744f61a02 -> 
  custom:video-encoder-webm-vp8: eb34c28f22e8b96e1ab97ce403110664 -> 
  custom:audio-encoder-webm-vorbis: bf7c407c2cedff20999df2af8eb42d56 -> 
  custom:framework-win-MediaFoundation: 216162199b28c13a410421893ffa2e32 -> 
  custom:container-demuxer-ogg: 62fdf1f143b41e24485cea50d1cbac27 -> 
  custom:video-decoder-webm-vp8: 9c59270c3fd7afecdb556c50c9e8de78 -> 
  custom:audio-decoder-ogg-vorbis: bf7c407c2cedff20999df2af8eb42d56 -> 
========================================================================
Received Prepare
Registering precompiled user dll's ...
Registered in 0.014163 seconds.
Begin MonoManager ReloadAssembly
Symbol file LoadedFromMemory doesn't match image C:\Users\HHH\Desktop\This-onetest-main\Library\PackageCache\com.unity.visualscripting@1.7.6\Editor\VisualScripting.Core\Dependencies\YamlDotNet\Unity.VisualScripting.YamlDotNet.dll
Symbol file LoadedFromMemory doesn't match image C:\Users\HHH\Desktop\This-onetest-main\Library\PackageCache\com.unity.visualscripting@1.7.6\Editor\VisualScripting.Core\Dependencies\DotNetZip\Unity.VisualScripting.IonicZip.dll
Native extension for WindowsStandalone target not found
Refreshing native plugins compatible for Editor in 0.75 ms, found 3 plugins.
Preloading 0 native plugins for Editor in 0.00 ms.
Mono: successfully reloaded assembly
- Completed reload, in  1.333 seconds
Domain Reload Profiling:
	ReloadAssembly (1333ms)
		BeginReloadAssembly (232ms)
			ExecutionOrderSort (0ms)
			DisableScriptedObjects (8ms)
			BackupInstance (0ms)
			ReleaseScriptingObjects (0ms)
			CreateAndSetChildDomain (47ms)
		EndReloadAssembly (932ms)
			LoadAssemblies (172ms)
			RebuildTransferFunctionScriptingTraits (0ms)
			SetupTypeCache (277ms)
			ReleaseScriptCaches (1ms)
			RebuildScriptCaches (46ms)
			SetupLoadedEditorAssemblies (415ms)
				LogAssemblyErrors (0ms)
				InitializePlatformSupportModulesInManaged (17ms)
				SetLoadedEditorAssemblies (0ms)
				RefreshPlugins (1ms)
				BeforeProcessingInitializeOnLoad (115ms)
				ProcessInitializeOnLoadAttributes (215ms)
				ProcessInitializeOnLoadMethodAttributes (28ms)
				AfterProcessingInitializeOnLoad (38ms)
				EditorAssembliesLoaded (0ms)
			ExecutionOrderSort2 (0ms)
			AwakeInstancesAfterBackupRestoration (11ms)
Platform modules already initialized, skipping
Refreshing native plugins compatible for Editor in 3.62 ms, found 3 plugins.
Preloading 0 native plugins for Editor in 0.00 ms.
Unloading 3800 Unused Serialized files (Serialized files now loaded: 0)
Unloading 24 unused Assets / (0.5 MB). Loaded Objects now: 4338.
Memory consumption went from 213.2 MB to 212.6 MB.
Total: 3.056900 ms (FindLiveObjects: 0.338300 ms CreateObjectMapping: 0.264300 ms MarkObjects: 2.271400 ms  DeleteObjects: 0.181900 ms)

AssetImportParameters requested are different than current active one (requested -> active):
  custom:video-decoder-ogg-theora: a1e56fd34408186e4bbccfd4996cb3dc -> 
  custom:container-muxer-webm: aa71ff27fc2769a1b78a27578f13a17b -> 
  custom:container-demuxer-webm: 4f35f7cbe854078d1ac9338744f61a02 -> 
  custom:video-encoder-webm-vp8: eb34c28f22e8b96e1ab97ce403110664 -> 
  custom:audio-encoder-webm-vorbis: bf7c407c2cedff20999df2af8eb42d56 -> 
  custom:framework-win-MediaFoundation: 216162199b28c13a410421893ffa2e32 -> 
  custom:container-demuxer-ogg: 62fdf1f143b41e24485cea50d1cbac27 -> 
  custom:video-decoder-webm-vp8: 9c59270c3fd7afecdb556c50c9e8de78 -> 
  custom:audio-decoder-ogg-vorbis: bf7c407c2cedff20999df2af8eb42d56 -> 
========================================================================
Received Prepare
Registering precompiled user dll's ...
Registered in 0.015250 seconds.
Begin MonoManager ReloadAssembly
Symbol file LoadedFromMemory doesn't match image C:\Users\HHH\Desktop\This-onetest-main\Library\PackageCache\com.unity.visualscripting@1.7.6\Editor\VisualScripting.Core\Dependencies\YamlDotNet\Unity.VisualScripting.YamlDotNet.dll
Symbol file LoadedFromMemory doesn't match image C:\Users\HHH\Desktop\This-onetest-main\Library\PackageCache\com.unity.visualscripting@1.7.6\Editor\VisualScripting.Core\Dependencies\DotNetZip\Unity.VisualScripting.IonicZip.dll
Native extension for WindowsStandalone target not found
Refreshing native plugins compatible for Editor in 0.85 ms, found 3 plugins.
Preloading 0 native plugins for Editor in 0.00 ms.
Mono: successfully reloaded assembly
- Completed reload, in  1.327 seconds
Domain Reload Profiling:
	ReloadAssembly (1327ms)
		BeginReloadAssembly (198ms)
			ExecutionOrderSort (0ms)
			DisableScriptedObjects (6ms)
			BackupInstance (0ms)
			ReleaseScriptingObjects (0ms)
			CreateAndSetChildDomain (35ms)
		EndReloadAssembly (971ms)
			LoadAssemblies (148ms)
			RebuildTransferFunctionScriptingTraits (0ms)
			SetupTypeCache (274ms)
			ReleaseScriptCaches (1ms)
			RebuildScriptCaches (39ms)
			SetupLoadedEditorAssemblies (466ms)
				LogAssemblyErrors (0ms)
				InitializePlatformSupportModulesInManaged (16ms)
				SetLoadedEditorAssemblies (0ms)
				RefreshPlugins (1ms)
				BeforeProcessingInitializeOnLoad (167ms)
				ProcessInitializeOnLoadAttributes (217ms)
				ProcessInitializeOnLoadMethodAttributes (24ms)
				AfterProcessingInitializeOnLoad (39ms)
				EditorAssembliesLoaded (0ms)
			ExecutionOrderSort2 (0ms)
			AwakeInstancesAfterBackupRestoration (12ms)
Platform modules already initialized, skipping
Refreshing native plugins compatible for Editor in 3.38 ms, found 3 plugins.
Preloading 0 native plugins for Editor in 0.00 ms.
Unloading 3800 Unused Serialized files (Serialized files now loaded: 0)
Unloading 24 unused Assets / (0.5 MB). Loaded Objects now: 4340.
Memory consumption went from 213.2 MB to 212.6 MB.
Total: 3.035100 ms (FindLiveObjects: 0.330000 ms CreateObjectMapping: 0.206400 ms MarkObjects: 2.293500 ms  DeleteObjects: 0.204300 ms)

AssetImportParameters requested are different than current active one (requested -> active):
  custom:video-decoder-ogg-theora: a1e56fd34408186e4bbccfd4996cb3dc -> 
  custom:container-muxer-webm: aa71ff27fc2769a1b78a27578f13a17b -> 
  custom:container-demuxer-webm: 4f35f7cbe854078d1ac9338744f61a02 -> 
  custom:video-encoder-webm-vp8: eb34c28f22e8b96e1ab97ce403110664 -> 
  custom:audio-encoder-webm-vorbis: bf7c407c2cedff20999df2af8eb42d56 -> 
  custom:framework-win-MediaFoundation: 216162199b28c13a410421893ffa2e32 -> 
  custom:container-demuxer-ogg: 62fdf1f143b41e24485cea50d1cbac27 -> 
  custom:video-decoder-webm-vp8: 9c59270c3fd7afecdb556c50c9e8de78 -> 
  custom:audio-decoder-ogg-vorbis: bf7c407c2cedff20999df2af8eb42d56 -> 
========================================================================
Received Prepare
Registering precompiled user dll's ...
Registered in 0.014843 seconds.
Begin MonoManager ReloadAssembly
Symbol file LoadedFromMemory doesn't match image C:\Users\HHH\Desktop\This-onetest-main\Library\PackageCache\com.unity.visualscripting@1.7.6\Editor\VisualScripting.Core\Dependencies\YamlDotNet\Unity.VisualScripting.YamlDotNet.dll
Symbol file LoadedFromMemory doesn't match image C:\Users\HHH\Desktop\This-onetest-main\Library\PackageCache\com.unity.visualscripting@1.7.6\Editor\VisualScripting.Core\Dependencies\DotNetZip\Unity.VisualScripting.IonicZip.dll
Native extension for WindowsStandalone target not found
Refreshing native plugins compatible for Editor in 0.84 ms, found 3 plugins.
Preloading 0 native plugins for Editor in 0.00 ms.
Mono: successfully reloaded assembly
- Completed reload, in  1.375 seconds
Domain Reload Profiling:
	ReloadAssembly (1376ms)
		BeginReloadAssembly (189ms)
			ExecutionOrderSort (0ms)
			DisableScriptedObjects (5ms)
			BackupInstance (0ms)
			ReleaseScriptingObjects (0ms)
			CreateAndSetChildDomain (34ms)
		EndReloadAssembly (1044ms)
			LoadAssemblies (137ms)
			RebuildTransferFunctionScriptingTraits (0ms)
			SetupTypeCache (345ms)
			ReleaseScriptCaches (1ms)
			RebuildScriptCaches (52ms)
			SetupLoadedEditorAssemblies (447ms)
				LogAssemblyErrors (0ms)
				InitializePlatformSupportModulesInManaged (19ms)
				SetLoadedEditorAssemblies (0ms)
				RefreshPlugins (1ms)
				BeforeProcessingInitializeOnLoad (130ms)
				ProcessInitializeOnLoadAttributes (228ms)
				ProcessInitializeOnLoadMethodAttributes (26ms)
				AfterProcessingInitializeOnLoad (42ms)
				EditorAssembliesLoaded (0ms)
			ExecutionOrderSort2 (0ms)
			AwakeInstancesAfterBackupRestoration (14ms)
Platform modules already initialized, skipping
Refreshing native plugins compatible for Editor in 5.39 ms, found 3 plugins.
Preloading 0 native plugins for Editor in 0.00 ms.
Unloading 3808 Unused Serialized files (Serialized files now loaded: 0)
Unloading 24 unused Assets / (0.5 MB). Loaded Objects now: 4350.
Memory consumption went from 213.4 MB to 212.8 MB.
Total: 3.283400 ms (FindLiveObjects: 0.459500 ms CreateObjectMapping: 0.272300 ms MarkObjects: 2.334800 ms  DeleteObjects: 0.215700 ms)

AssetImportParameters requested are different than current active one (requested -> active):
  custom:video-decoder-ogg-theora: a1e56fd34408186e4bbccfd4996cb3dc -> 
  custom:container-muxer-webm: aa71ff27fc2769a1b78a27578f13a17b -> 
  custom:container-demuxer-webm: 4f35f7cbe854078d1ac9338744f61a02 -> 
  custom:video-encoder-webm-vp8: eb34c28f22e8b96e1ab97ce403110664 -> 
  custom:audio-encoder-webm-vorbis: bf7c407c2cedff20999df2af8eb42d56 -> 
  custom:framework-win-MediaFoundation: 216162199b28c13a410421893ffa2e32 -> 
  custom:container-demuxer-ogg: 62fdf1f143b41e24485cea50d1cbac27 -> 
  custom:video-decoder-webm-vp8: 9c59270c3fd7afecdb556c50c9e8de78 -> 
  custom:audio-decoder-ogg-vorbis: bf7c407c2cedff20999df2af8eb42d56 -> 
========================================================================
Received Prepare
Registering precompiled user dll's ...
Registered in 0.014188 seconds.
Begin MonoManager ReloadAssembly
Symbol file LoadedFromMemory doesn't match image C:\Users\HHH\Desktop\This-onetest-main\Library\PackageCache\com.unity.visualscripting@1.7.6\Editor\VisualScripting.Core\Dependencies\YamlDotNet\Unity.VisualScripting.YamlDotNet.dll
Symbol file LoadedFromMemory doesn't match image C:\Users\HHH\Desktop\This-onetest-main\Library\PackageCache\com.unity.visualscripting@1.7.6\Editor\VisualScripting.Core\Dependencies\DotNetZip\Unity.VisualScripting.IonicZip.dll
Native extension for WindowsStandalone target not found
Refreshing native plugins compatible for Editor in 0.84 ms, found 3 plugins.
Preloading 0 native plugins for Editor in 0.00 ms.
Mono: successfully reloaded assembly
- Completed reload, in  1.411 seconds
Domain Reload Profiling:
	ReloadAssembly (1412ms)
		BeginReloadAssembly (221ms)
			ExecutionOrderSort (0ms)
			DisableScriptedObjects (7ms)
			BackupInstance (0ms)
			ReleaseScriptingObjects (0ms)
			CreateAndSetChildDomain (39ms)
		EndReloadAssembly (1022ms)
			LoadAssemblies (159ms)
			RebuildTransferFunctionScriptingTraits (0ms)
			SetupTypeCache (315ms)
			ReleaseScriptCaches (2ms)
			RebuildScriptCaches (57ms)
			SetupLoadedEditorAssemblies (445ms)
				LogAssemblyErrors (0ms)
				InitializePlatformSupportModulesInManaged (21ms)
				SetLoadedEditorAssemblies (0ms)
				RefreshPlugins (1ms)
				BeforeProcessingInitializeOnLoad (130ms)
				ProcessInitializeOnLoadAttributes (230ms)
				ProcessInitializeOnLoadMethodAttributes (26ms)
				AfterProcessingInitializeOnLoad (37ms)
				EditorAssembliesLoaded (0ms)
			ExecutionOrderSort2 (0ms)
			AwakeInstancesAfterBackupRestoration (11ms)
Platform modules already initialized, skipping
Refreshing native plugins compatible for Editor in 3.42 ms, found 3 plugins.
Preloading 0 native plugins for Editor in 0.00 ms.
Unloading 3808 Unused Serialized files (Serialized files now loaded: 0)
Unloading 24 unused Assets / (0.5 MB). Loaded Objects now: 4352.
Memory consumption went from 213.4 MB to 212.8 MB.
Total: 3.121100 ms (FindLiveObjects: 0.345900 ms CreateObjectMapping: 0.268100 ms MarkObjects: 2.326500 ms  DeleteObjects: 0.179500 ms)

AssetImportParameters requested are different than current active one (requested -> active):
  custom:video-decoder-ogg-theora: a1e56fd34408186e4bbccfd4996cb3dc -> 
  custom:container-muxer-webm: aa71ff27fc2769a1b78a27578f13a17b -> 
  custom:container-demuxer-webm: 4f35f7cbe854078d1ac9338744f61a02 -> 
  custom:video-encoder-webm-vp8: eb34c28f22e8b96e1ab97ce403110664 -> 
  custom:audio-encoder-webm-vorbis: bf7c407c2cedff20999df2af8eb42d56 -> 
  custom:framework-win-MediaFoundation: 216162199b28c13a410421893ffa2e32 -> 
  custom:container-demuxer-ogg: 62fdf1f143b41e24485cea50d1cbac27 -> 
  custom:video-decoder-webm-vp8: 9c59270c3fd7afecdb556c50c9e8de78 -> 
  custom:audio-decoder-ogg-vorbis: bf7c407c2cedff20999df2af8eb42d56 -> 
========================================================================
Received Prepare
Registering precompiled user dll's ...
Registered in 0.015286 seconds.
Begin MonoManager ReloadAssembly
Symbol file LoadedFromMemory doesn't match image C:\Users\HHH\Desktop\This-onetest-main\Library\PackageCache\com.unity.visualscripting@1.7.6\Editor\VisualScripting.Core\Dependencies\YamlDotNet\Unity.VisualScripting.YamlDotNet.dll
Symbol file LoadedFromMemory doesn't match image C:\Users\HHH\Desktop\This-onetest-main\Library\PackageCache\com.unity.visualscripting@1.7.6\Editor\VisualScripting.Core\Dependencies\DotNetZip\Unity.VisualScripting.IonicZip.dll
Native extension for WindowsStandalone target not found
Refreshing native plugins compatible for Editor in 0.74 ms, found 3 plugins.
Preloading 0 native plugins for Editor in 0.00 ms.
Mono: successfully reloaded assembly
- Completed reload, in  1.260 seconds
Domain Reload Profiling:
	ReloadAssembly (1261ms)
		BeginReloadAssembly (198ms)
			ExecutionOrderSort (0ms)
			DisableScriptedObjects (5ms)
			BackupInstance (0ms)
			ReleaseScriptingObjects (0ms)
			CreateAndSetChildDomain (35ms)
		EndReloadAssembly (904ms)
			LoadAssemblies (147ms)
			RebuildTransferFunctionScriptingTraits (0ms)
			SetupTypeCache (270ms)
			ReleaseScriptCaches (1ms)
			RebuildScriptCaches (42ms)
			SetupLoadedEditorAssemblies (405ms)
				LogAssemblyErrors (0ms)
				InitializePlatformSupportModulesInManaged (18ms)
				SetLoadedEditorAssemblies (0ms)
				RefreshPlugins (1ms)
				BeforeProcessingInitializeOnLoad (116ms)
				ProcessInitializeOnLoadAttributes (208ms)
				ProcessInitializeOnLoadMethodAttributes (24ms)
				AfterProcessingInitializeOnLoad (37ms)
				EditorAssembliesLoaded (0ms)
			ExecutionOrderSort2 (0ms)
			AwakeInstancesAfterBackupRestoration (11ms)
Platform modules already initialized, skipping
Refreshing native plugins compatible for Editor in 3.60 ms, found 3 plugins.
Preloading 0 native plugins for Editor in 0.00 ms.
Unloading 3808 Unused Serialized files (Serialized files now loaded: 0)
Unloading 24 unused Assets / (0.5 MB). Loaded Objects now: 4354.
Memory consumption went from 213.4 MB to 212.9 MB.
Total: 2.901100 ms (FindLiveObjects: 0.289800 ms CreateObjectMapping: 0.239800 ms MarkObjects: 2.193600 ms  DeleteObjects: 0.176900 ms)

AssetImportParameters requested are different than current active one (requested -> active):
  custom:video-decoder-ogg-theora: a1e56fd34408186e4bbccfd4996cb3dc -> 
  custom:container-muxer-webm: aa71ff27fc2769a1b78a27578f13a17b -> 
  custom:container-demuxer-webm: 4f35f7cbe854078d1ac9338744f61a02 -> 
  custom:video-encoder-webm-vp8: eb34c28f22e8b96e1ab97ce403110664 -> 
  custom:audio-encoder-webm-vorbis: bf7c407c2cedff20999df2af8eb42d56 -> 
  custom:framework-win-MediaFoundation: 216162199b28c13a410421893ffa2e32 -> 
  custom:container-demuxer-ogg: 62fdf1f143b41e24485cea50d1cbac27 -> 
  custom:video-decoder-webm-vp8: 9c59270c3fd7afecdb556c50c9e8de78 -> 
  custom:audio-decoder-ogg-vorbis: bf7c407c2cedff20999df2af8eb42d56 -> 
========================================================================
Received Import Request.
  Time since last request: 3315.794039 seconds.
  path: Assets/All Assets/Simple Fantasy GUI/PNG/Character Bar/HealthMana_Cover.png
  artifactKey: Guid(0d17ab7bbdf3dc544b7e132df546fa81) Importer(815301076,1909f56bfc062723c751e8b465ee728b)
Start importing Assets/All Assets/Simple Fantasy GUI/PNG/Character Bar/HealthMana_Cover.png using Guid(0d17ab7bbdf3dc544b7e132df546fa81) Importer(815301076,1909f56bfc062723c751e8b465ee728b)  -> (artifact id: 'b5166f827a7cbfd9dee4f5cd8b6d2f4b') in 0.164618 seconds 
========================================================================
Received Import Request.
  Time since last request: 0.000028 seconds.
  path: Assets/All Assets/Tiny RPG Forest/Artwork/sprites/hero/walk/hero-walk-side/hero-walk-side-6.png
  artifactKey: Guid(280d5eb6ec4ee40a3922d520ee42863d) Importer(815301076,1909f56bfc062723c751e8b465ee728b)
Start importing Assets/All Assets/Tiny RPG Forest/Artwork/sprites/hero/walk/hero-walk-side/hero-walk-side-6.png using Guid(280d5eb6ec4ee40a3922d520ee42863d) Importer(815301076,1909f56bfc062723c751e8b465ee728b)  -> (artifact id: '3cbf5d808b533d580433007ba29428d3') in 0.015721 seconds 
========================================================================
Received Import Request.
  Time since last request: 0.000029 seconds.
  path: Assets/All Assets/Simple Fantasy GUI/PNG/Character Bar/Mana.png
  artifactKey: Guid(78ee397acef927a439f9c6db499a7d33) Importer(815301076,1909f56bfc062723c751e8b465ee728b)
Start importing Assets/All Assets/Simple Fantasy GUI/PNG/Character Bar/Mana.png using Guid(78ee397acef927a439f9c6db499a7d33) Importer(815301076,1909f56bfc062723c751e8b465ee728b)  -> (artifact id: '99dda9b89e68e2d35dc9edab8276eced') in 0.015380 seconds 
========================================================================
Received Import Request.
  Time since last request: 0.000018 seconds.
  path: Assets/All Assets/Tiny RPG Forest/Artwork/sprites/hero/walk/hero-walk-front/hero-walk-front-6.png
  artifactKey: Guid(54e307e02e8174335a835d5efe3c8380) Importer(815301076,1909f56bfc062723c751e8b465ee728b)
Start importing Assets/All Assets/Tiny RPG Forest/Artwork/sprites/hero/walk/hero-walk-front/hero-walk-front-6.png using Guid(54e307e02e8174335a835d5efe3c8380) Importer(815301076,1909f56bfc062723c751e8b465ee728b)  -> (artifact id: '51dda5da032c9c961073404e5b6959f6') in 0.014825 seconds 
========================================================================
Received Import Request.
  Time since last request: 0.000019 seconds.
  path: Assets/All Assets/Simple Fantasy GUI/PSD/Inventory_Box.psd
  artifactKey: Guid(dceb80cb518a6b641921bae5d443b25c) Importer(815301076,1909f56bfc062723c751e8b465ee728b)
Start importing Assets/All Assets/Simple Fantasy GUI/PSD/Inventory_Box.psd using Guid(dceb80cb518a6b641921bae5d443b25c) Importer(815301076,1909f56bfc062723c751e8b465ee728b)  -> (artifact id: 'd3e9718cb6c425643b9df1590dbb8717') in 0.042512 seconds 
========================================================================
Received Import Request.
  Time since last request: 0.000022 seconds.
  path: Assets/All Assets/Tiny RPG Forest/Artwork/sprites/hero/walk/hero-walk-side-filp/hero-walk-side-1.png
  artifactKey: Guid(6fcdd4fbf2c094156872d182dd97cc15) Importer(815301076,1909f56bfc062723c751e8b465ee728b)
Start importing Assets/All Assets/Tiny RPG Forest/Artwork/sprites/hero/walk/hero-walk-side-filp/hero-walk-side-1.png using Guid(6fcdd4fbf2c094156872d182dd97cc15) Importer(815301076,1909f56bfc062723c751e8b465ee728b)  -> (artifact id: '9a89c1111b14a8c78b6b70ba50aefc3a') in 0.012835 seconds 
========================================================================
Received Import Request.
  Time since last request: 0.000024 seconds.
  path: Assets/All Assets/Tiny RPG Forest/Artwork/sprites/hero/attack/hero-attack-front/hero-attack-front-3.png
  artifactKey: Guid(3bad3ce222de4482aae3c99a99cdf964) Importer(815301076,1909f56bfc062723c751e8b465ee728b)
Start importing Assets/All Assets/Tiny RPG Forest/Artwork/sprites/hero/attack/hero-attack-front/hero-attack-front-3.png using Guid(3bad3ce222de4482aae3c99a99cdf964) Importer(815301076,1909f56bfc062723c751e8b465ee728b)  -> (artifact id: '53ddd3eae342d0e155ca7f6fcf358b9e') in 0.011898 seconds 
========================================================================
Received Import Request.
  Time since last request: 0.000022 seconds.
  path: Assets/All Assets/Simple Fantasy GUI/PSD/Menu_Bar.psd
  artifactKey: Guid(b2d37404366e75e438141a075599a322) Importer(815301076,1909f56bfc062723c751e8b465ee728b)
Start importing Assets/All Assets/Simple Fantasy GUI/PSD/Menu_Bar.psd using Guid(b2d37404366e75e438141a075599a322) Importer(815301076,1909f56bfc062723c751e8b465ee728b)  -> (artifact id: '1b4fa293779e9abd461f480f20ac507f') in 0.030178 seconds 
========================================================================
Received Import Request.
  Time since last request: 0.000018 seconds.
  path: Assets/All Assets/Tiny RPG Forest/Artwork/sprites/mole/idle/mole-idle-back.png
  artifactKey: Guid(c5ab53f1aba4f405b838d610445575ff) Importer(815301076,1909f56bfc062723c751e8b465ee728b)
Start importing Assets/All Assets/Tiny RPG Forest/Artwork/sprites/mole/idle/mole-idle-back.png using Guid(c5ab53f1aba4f405b838d610445575ff) Importer(815301076,1909f56bfc062723c751e8b465ee728b)  -> (artifact id: '51f997f0b560719b1c2ec4109f30aa45') in 0.015482 seconds 
========================================================================
Received Import Request.
  Time since last request: 0.000024 seconds.
  path: Assets/All Assets/Tiny RPG Forest/Artwork/sprites/hero/walk/hero-walk-back/hero-walk-back-2.png
  artifactKey: Guid(bf39c8ce7ced841cdadf0334489a8ece) Importer(815301076,1909f56bfc062723c751e8b465ee728b)
Start importing Assets/All Assets/Tiny RPG Forest/Artwork/sprites/hero/walk/hero-walk-back/hero-walk-back-2.png using Guid(bf39c8ce7ced841cdadf0334489a8ece) Importer(815301076,1909f56bfc062723c751e8b465ee728b)  -> (artifact id: '015c2c968746fb90c64191520062db14') in 0.015863 seconds 
========================================================================
Received Import Request.
  Time since last request: 0.000018 seconds.
  path: Assets/All Assets/Simple Fantasy GUI/PNG/Login Panel/LoginDemo.png
  artifactKey: Guid(f87fc246712f16e4d875613fc90a11d6) Importer(815301076,1909f56bfc062723c751e8b465ee728b)
Start importing Assets/All Assets/Simple Fantasy GUI/PNG/Login Panel/LoginDemo.png using Guid(f87fc246712f16e4d875613fc90a11d6) Importer(815301076,1909f56bfc062723c751e8b465ee728b)  -> (artifact id: 'b7d3175cd8c506c291b8283d37d5086a') in 0.023894 seconds 
========================================================================
Received Import Request.
  Time since last request: 0.000029 seconds.
  path: Assets/All Assets/Tiny RPG Forest/Artwork/sprites/hero/attack/hero-attack-back/hero-attack-back-2.png
  artifactKey: Guid(af44b838e74a6481b8e4c615bdbdd0af) Importer(815301076,1909f56bfc062723c751e8b465ee728b)
Start importing Assets/All Assets/Tiny RPG Forest/Artwork/sprites/hero/attack/hero-attack-back/hero-attack-back-2.png using Guid(af44b838e74a6481b8e4c615bdbdd0af) Importer(815301076,1909f56bfc062723c751e8b465ee728b)  -> (artifact id: '3f7c477d3c1ad1a741bfbe97265ce136') in 0.012443 seconds 
========================================================================
Received Import Request.
  Time since last request: 0.000018 seconds.
  path: Assets/All Assets/Tiny RPG Forest/Artwork/sprites/hero/idle/hero-idle-front/hero-idle-front.png
  artifactKey: Guid(0f39a9205e4394ee1b6ba8269428d176) Importer(815301076,1909f56bfc062723c751e8b465ee728b)
Start importing Assets/All Assets/Tiny RPG Forest/Artwork/sprites/hero/idle/hero-idle-front/hero-idle-front.png using Guid(0f39a9205e4394ee1b6ba8269428d176) Importer(815301076,1909f56bfc062723c751e8b465ee728b)  -> (artifact id: '8766c6b94ae55206cb686fe83fdc9274') in 0.014523 seconds 
========================================================================
Received Import Request.
  Time since last request: 0.000019 seconds.
  path: Assets/All Assets/Tiny RPG Forest/Artwork/sprites/hero/attack-weapon/hero-attack-side/hero-attack-side-weapon-1.png
  artifactKey: Guid(06aae4ddb038e4d5db20cbfa9674d4ca) Importer(815301076,1909f56bfc062723c751e8b465ee728b)
Start importing Assets/All Assets/Tiny RPG Forest/Artwork/sprites/hero/attack-weapon/hero-attack-side/hero-attack-side-weapon-1.png using Guid(06aae4ddb038e4d5db20cbfa9674d4ca) Importer(815301076,1909f56bfc062723c751e8b465ee728b)  -> (artifact id: 'dcf39d4a717ce4b4750cd0aec70f99e3') in 0.014133 seconds 
========================================================================
Received Import Request.
  Time since last request: 0.000018 seconds.
  path: Assets/All Assets/Tiny RPG Forest/Artwork/sprites/hero/walk/hero-walk-front/hero-walk-front-1.png
  artifactKey: Guid(8f92b2d912773479894490421de2bc04) Importer(815301076,1909f56bfc062723c751e8b465ee728b)
Start importing Assets/All Assets/Tiny RPG Forest/Artwork/sprites/hero/walk/hero-walk-front/hero-walk-front-1.png using Guid(8f92b2d912773479894490421de2bc04) Importer(815301076,1909f56bfc062723c751e8b465ee728b)  -> (artifact id: 'aa7439fbda58507ea8d63322439c2957') in 0.013031 seconds 
========================================================================
Received Import Request.
  Time since last request: 0.000019 seconds.
  path: Assets/All Assets/Tiny RPG Forest/Artwork/sprites/misc/hearts/hearts-1.png
  artifactKey: Guid(8f03d65eca65243d0963f648c2e9824a) Importer(815301076,1909f56bfc062723c751e8b465ee728b)
Start importing Assets/All Assets/Tiny RPG Forest/Artwork/sprites/misc/hearts/hearts-1.png using Guid(8f03d65eca65243d0963f648c2e9824a) Importer(815301076,1909f56bfc062723c751e8b465ee728b)  -> (artifact id: 'd0be088e5834167591e131b0e35bba18') in 0.013073 seconds 
========================================================================
Received Import Request.
  Time since last request: 0.000026 seconds.
  path: Assets/All Assets/Tiny RPG Forest/Artwork/sprites/hero/walk/hero-walk-side/hero-walk-side-3.png
  artifactKey: Guid(a274e989dc8e043a1b30c36987c3ecb1) Importer(815301076,1909f56bfc062723c751e8b465ee728b)
Start importing Assets/All Assets/Tiny RPG Forest/Artwork/sprites/hero/walk/hero-walk-side/hero-walk-side-3.png using Guid(a274e989dc8e043a1b30c36987c3ecb1) Importer(815301076,1909f56bfc062723c751e8b465ee728b)  -> (artifact id: '6000baca52067e3913d26383e5b96f17') in 0.014026 seconds 
========================================================================
Received Import Request.
  Time since last request: 0.000034 seconds.
  path: Assets/All Assets/Tiny RPG Forest/Artwork/sprites/hero/walk/hero-walk-back/hero-walk-back-3.png
  artifactKey: Guid(a7663080596d341069f6dbaaecd4ab9d) Importer(815301076,1909f56bfc062723c751e8b465ee728b)
Start importing Assets/All Assets/Tiny RPG Forest/Artwork/sprites/hero/walk/hero-walk-back/hero-walk-back-3.png using Guid(a7663080596d341069f6dbaaecd4ab9d) Importer(815301076,1909f56bfc062723c751e8b465ee728b)  -> (artifact id: '891399087be1e84c452ed5a19007f2eb') in 0.017558 seconds 
========================================================================
Received Import Request.
  Time since last request: 0.000027 seconds.
  path: Assets/All Assets/Tiny RPG Forest/Artwork/sprites/hero/idle/hero-idle-left/hero-idle-side.png
  artifactKey: Guid(f83e4da744b424626be9649be9df8c67) Importer(815301076,1909f56bfc062723c751e8b465ee728b)
Start importing Assets/All Assets/Tiny RPG Forest/Artwork/sprites/hero/idle/hero-idle-left/hero-idle-side.png using Guid(f83e4da744b424626be9649be9df8c67) Importer(815301076,1909f56bfc062723c751e8b465ee728b)  -> (artifact id: '1947622e61b3bd7fe597c5f0ddce4527') in 0.020721 seconds 
========================================================================
Received Import Request.
  Time since last request: 0.000036 seconds.
  path: Assets/All Assets/Tiny RPG Forest/Artwork/sprites/hero/attack/hero-attack-side/hero-attack-side-2.png
  artifactKey: Guid(461602cf177724a5b9780734e1f408fb) Importer(815301076,1909f56bfc062723c751e8b465ee728b)
Start importing Assets/All Assets/Tiny RPG Forest/Artwork/sprites/hero/attack/hero-attack-side/hero-attack-side-2.png using Guid(461602cf177724a5b9780734e1f408fb) Importer(815301076,1909f56bfc062723c751e8b465ee728b)  -> (artifact id: '4d9f7a639d0543970acac45f83cad76e') in 0.022050 seconds 
========================================================================
Received Import Request.
  Time since last request: 0.000041 seconds.
  path: Assets/All Assets/Simple Fantasy GUI/PNG/Login Panel/LoginButton_Hover.png
  artifactKey: Guid(11068e6cb0f18044e93ad0154715d958) Importer(815301076,1909f56bfc062723c751e8b465ee728b)
Start importing Assets/All Assets/Simple Fantasy GUI/PNG/Login Panel/LoginButton_Hover.png using Guid(11068e6cb0f18044e93ad0154715d958) Importer(815301076,1909f56bfc062723c751e8b465ee728b)  -> (artifact id: 'e4a9a2d9a13b4835b38abc6a29125fbc') in 0.027800 seconds 
========================================================================
Received Import Request.
  Time since last request: 0.000111 seconds.
  path: Assets/All Assets/Simple Fantasy GUI/PNG/Quest Panel/Comleted_Icon.png
  artifactKey: Guid(6d49331c7dc06794f98d4a1c17790d0b) Importer(815301076,1909f56bfc062723c751e8b465ee728b)
Start importing Assets/All Assets/Simple Fantasy GUI/PNG/Quest Panel/Comleted_Icon.png using Guid(6d49331c7dc06794f98d4a1c17790d0b) Importer(815301076,1909f56bfc062723c751e8b465ee728b)  -> (artifact id: 'fc0b17bc99a9cd556d6672b3bedf608b') in 0.035520 seconds 
========================================================================
Received Import Request.
  Time since last request: 0.000031 seconds.
  path: Assets/All Assets/Tiny RPG Forest/Artwork/sprites/misc/enemy-death/enemy-death-4.png
  artifactKey: Guid(37a2d4b7807fb4089a452e9a68acc935) Importer(815301076,1909f56bfc062723c751e8b465ee728b)
Start importing Assets/All Assets/Tiny RPG Forest/Artwork/sprites/misc/enemy-death/enemy-death-4.png using Guid(37a2d4b7807fb4089a452e9a68acc935) Importer(815301076,1909f56bfc062723c751e8b465ee728b)  -> (artifact id: '0e23895747c7120d814932920c16fadd') in 0.034059 seconds 
========================================================================
Received Import Request.
  Time since last request: 0.000020 seconds.
  path: Assets/All Assets/Simple Fantasy GUI/PNG/Icons/Coin_Icon.png
  artifactKey: Guid(45ff5a9f5ffb13c48a6d5b706cdf0e53) Importer(815301076,1909f56bfc062723c751e8b465ee728b)
Start importing Assets/All Assets/Simple Fantasy GUI/PNG/Icons/Coin_Icon.png using Guid(45ff5a9f5ffb13c48a6d5b706cdf0e53) Importer(815301076,1909f56bfc062723c751e8b465ee728b)  -> (artifact id: '59421ba176091717afdc16d0b95888ce') in 0.038231 seconds 
========================================================================
Received Import Request.
  Time since last request: 0.000024 seconds.
  path: Assets/All Assets/Tiny RPG Forest/Artwork/sprites/misc/coin/coin-3.png
  artifactKey: Guid(a1938ef5e3ea44afd9b1ca7a23b8f39f) Importer(815301076,1909f56bfc062723c751e8b465ee728b)
Start importing Assets/All Assets/Tiny RPG Forest/Artwork/sprites/misc/coin/coin-3.png using Guid(a1938ef5e3ea44afd9b1ca7a23b8f39f) Importer(815301076,1909f56bfc062723c751e8b465ee728b)  -> (artifact id: '0aea573d596ea6bffce49715c7c359ea') in 0.027243 seconds 
========================================================================
Received Import Request.
  Time since last request: 0.000024 seconds.
  path: Assets/All Assets/Simple Fantasy GUI/PNG/Icons/Crystal_Icon.png
  artifactKey: Guid(ae7e1099aaff73c4b8e6e623e8c96910) Importer(815301076,1909f56bfc062723c751e8b465ee728b)
Start importing Assets/All Assets/Simple Fantasy GUI/PNG/Icons/Crystal_Icon.png using Guid(ae7e1099aaff73c4b8e6e623e8c96910) Importer(815301076,1909f56bfc062723c751e8b465ee728b)  -> (artifact id: '5b416b26fbe3be85494fcfdda6621c76') in 0.017861 seconds 
========================================================================
Received Import Request.
  Time since last request: 0.000044 seconds.
  path: Assets/All Assets/Tiny RPG Forest/Artwork/sprites/misc/enemy-death/enemy-death-1.png
  artifactKey: Guid(56acb1bfd0b1049e89df9be859dc3615) Importer(815301076,1909f56bfc062723c751e8b465ee728b)
Start importing Assets/All Assets/Tiny RPG Forest/Artwork/sprites/misc/enemy-death/enemy-death-1.png using Guid(56acb1bfd0b1049e89df9be859dc3615) Importer(815301076,1909f56bfc062723c751e8b465ee728b)  -> (artifact id: 'd03a268f0eb8b13c3e3905f1702226fd') in 0.017919 seconds 
========================================================================
Received Import Request.
  Time since last request: 0.000040 seconds.
  path: Assets/All Assets/Tiny RPG Forest/Artwork/sprites/mole/walk/mole-walk-back/mole-walk-back-2.png
  artifactKey: Guid(75fafb449cfe64629a4ff0e8f01361ca) Importer(815301076,1909f56bfc062723c751e8b465ee728b)
Start importing Assets/All Assets/Tiny RPG Forest/Artwork/sprites/mole/walk/mole-walk-back/mole-walk-back-2.png using Guid(75fafb449cfe64629a4ff0e8f01361ca) Importer(815301076,1909f56bfc062723c751e8b465ee728b)  -> (artifact id: 'df47e33644aefa0629c6a438f1b83030') in 0.018307 seconds 
========================================================================
Received Import Request.
  Time since last request: 0.000026 seconds.
  path: Assets/All Assets/Tiny RPG Forest/Artwork/sprites/hero/walk/hero-walk-front/hero-walk-front-5.png
  artifactKey: Guid(7376652f4768d4adf82c2dec25babcaa) Importer(815301076,1909f56bfc062723c751e8b465ee728b)
Start importing Assets/All Assets/Tiny RPG Forest/Artwork/sprites/hero/walk/hero-walk-front/hero-walk-front-5.png using Guid(7376652f4768d4adf82c2dec25babcaa) Importer(815301076,1909f56bfc062723c751e8b465ee728b)  -> (artifact id: 'a0b27152118e6bc41a8ee2c31613eabd') in 0.017302 seconds 
========================================================================
Received Import Request.
  Time since last request: 0.000031 seconds.
  path: Assets/All Assets/Simple Fantasy GUI/PNG/Inventory/Inventory_Box.png
  artifactKey: Guid(6217b7e11307ad64884406331d3ca2ce) Importer(815301076,1909f56bfc062723c751e8b465ee728b)
Start importing Assets/All Assets/Simple Fantasy GUI/PNG/Inventory/Inventory_Box.png using Guid(6217b7e11307ad64884406331d3ca2ce) Importer(815301076,1909f56bfc062723c751e8b465ee728b)  -> (artifact id: 'c58751c3b185d67e0fbc66ea2cc1987b') in 0.034228 seconds 
========================================================================
Received Import Request.
  Time since last request: 0.000027 seconds.
  path: Assets/All Assets/Tiny RPG Forest/Artwork/sprites/misc/enemy-death/enemy-death-6.png
  artifactKey: Guid(071c2f3c390094fbe96e77d4670007d0) Importer(815301076,1909f56bfc062723c751e8b465ee728b)
Start importing Assets/All Assets/Tiny RPG Forest/Artwork/sprites/misc/enemy-death/enemy-death-6.png using Guid(071c2f3c390094fbe96e77d4670007d0) Importer(815301076,1909f56bfc062723c751e8b465ee728b)  -> (artifact id: '3300eeeddb22542192519d53970bb15b') in 0.017889 seconds 
========================================================================
Received Import Request.
  Time since last request: 0.000032 seconds.
  path: Assets/All Assets/Simple Fantasy GUI/PNG/Menu Panel/ButtonShadow.png
  artifactKey: Guid(a1bad59df67816b4e87ffbadf3753955) Importer(815301076,1909f56bfc062723c751e8b465ee728b)
Start importing Assets/All Assets/Simple Fantasy GUI/PNG/Menu Panel/ButtonShadow.png using Guid(a1bad59df67816b4e87ffbadf3753955) Importer(815301076,1909f56bfc062723c751e8b465ee728b)  -> (artifact id: '73492abb43962f8b2a9d045b21062548') in 0.018632 seconds 
========================================================================
Received Import Request.
  Time since last request: 0.000031 seconds.
  path: Assets/All Assets/Simple Fantasy GUI/PSD/Characer_Panel.psd
  artifactKey: Guid(d2388be99b238b443a853d04bafc14d7) Importer(815301076,1909f56bfc062723c751e8b465ee728b)
Start importing Assets/All Assets/Simple Fantasy GUI/PSD/Characer_Panel.psd using Guid(d2388be99b238b443a853d04bafc14d7) Importer(815301076,1909f56bfc062723c751e8b465ee728b)  -> (artifact id: '6650340f391b775162d056c79272287f') in 0.041182 seconds 
========================================================================
Received Import Request.
  Time since last request: 0.000028 seconds.
  path: Assets/All Assets/Tiny RPG Forest/Artwork/Environment/sliced-objects/bush-tall.png
  artifactKey: Guid(aa94c6da14ecf4a8690f02549a9ac6a7) Importer(815301076,1909f56bfc062723c751e8b465ee728b)
Start importing Assets/All Assets/Tiny RPG Forest/Artwork/Environment/sliced-objects/bush-tall.png using Guid(aa94c6da14ecf4a8690f02549a9ac6a7) Importer(815301076,1909f56bfc062723c751e8b465ee728b)  -> (artifact id: '7f228af5b9479310b6ad2bc9a752e2b3') in 0.014371 seconds 
========================================================================
Received Import Request.
  Time since last request: 0.000026 seconds.
  path: Assets/All Assets/Tiny RPG Forest/Artwork/sprites/mole/idle/mole-idle-front.png
  artifactKey: Guid(7cefe9e9e8c984bbd9ff43235be8f54f) Importer(815301076,1909f56bfc062723c751e8b465ee728b)
Start importing Assets/All Assets/Tiny RPG Forest/Artwork/sprites/mole/idle/mole-idle-front.png using Guid(7cefe9e9e8c984bbd9ff43235be8f54f) Importer(815301076,1909f56bfc062723c751e8b465ee728b)  -> (artifact id: '787c18beda0cdc75fa3187309f06c9a4') in 0.015492 seconds 
========================================================================
Received Import Request.
  Time since last request: 0.000030 seconds.
  path: Assets/All Assets/Tiny RPG Forest/Artwork/sprites/hero/attack-weapon/hero-attack-side/hero-attack-side-weapon-3.png
  artifactKey: Guid(94f37dc86c80b4bbcb69aa5196138416) Importer(815301076,1909f56bfc062723c751e8b465ee728b)
Start importing Assets/All Assets/Tiny RPG Forest/Artwork/sprites/hero/attack-weapon/hero-attack-side/hero-attack-side-weapon-3.png using Guid(94f37dc86c80b4bbcb69aa5196138416) Importer(815301076,1909f56bfc062723c751e8b465ee728b)  -> (artifact id: '9b20ec1e041bdfe4a05458413deb34c1') in 0.017346 seconds 
========================================================================
Received Import Request.
  Time since last request: 0.000030 seconds.
  path: Assets/All Assets/Tiny RPG Forest/Artwork/sprites/hero/walk/hero-walk-side/hero-walk-side-5.png
  artifactKey: Guid(b770b77e5762c4d3491a467ece3ee7e4) Importer(815301076,1909f56bfc062723c751e8b465ee728b)
Start importing Assets/All Assets/Tiny RPG Forest/Artwork/sprites/hero/walk/hero-walk-side/hero-walk-side-5.png using Guid(b770b77e5762c4d3491a467ece3ee7e4) Importer(815301076,1909f56bfc062723c751e8b465ee728b)  -> (artifact id: 'b55e602d799a6f9d23a4bfd907049386') in 0.013954 seconds 
========================================================================
Received Import Request.
  Time since last request: 0.000028 seconds.
  path: Assets/All Assets/Simple Fantasy GUI/PNG/Icons/Minus_Icon.png
  artifactKey: Guid(479eafb2543431043a8ee390637ac0f7) Importer(815301076,1909f56bfc062723c751e8b465ee728b)
Start importing Assets/All Assets/Simple Fantasy GUI/PNG/Icons/Minus_Icon.png using Guid(479eafb2543431043a8ee390637ac0f7) Importer(815301076,1909f56bfc062723c751e8b465ee728b)  -> (artifact id: '0d38a5f53ac7b9fee7ba10211cdd7bdf') in 0.018809 seconds 
========================================================================
Received Import Request.
  Time since last request: 0.000028 seconds.
  path: Assets/All Assets/Tiny RPG Forest/Artwork/sprites/hero/walk/hero-walk-side/hero-walk-side-1.png
  artifactKey: Guid(2521b6229a37c4a56b4fd4e12227c2fb) Importer(815301076,1909f56bfc062723c751e8b465ee728b)
Start importing Assets/All Assets/Tiny RPG Forest/Artwork/sprites/hero/walk/hero-walk-side/hero-walk-side-1.png using Guid(2521b6229a37c4a56b4fd4e12227c2fb) Importer(815301076,1909f56bfc062723c751e8b465ee728b)  -> (artifact id: '8f092f30257da3ad978887de8fdff821') in 0.014548 seconds 
========================================================================
Received Import Request.
  Time since last request: 0.000024 seconds.
  path: Assets/All Assets/Tiny RPG Forest/Artwork/sprites/misc/gem/gem-1.png
  artifactKey: Guid(d1c1523651c71449cb32c2c7933acf8c) Importer(815301076,1909f56bfc062723c751e8b465ee728b)
Start importing Assets/All Assets/Tiny RPG Forest/Artwork/sprites/misc/gem/gem-1.png using Guid(d1c1523651c71449cb32c2c7933acf8c) Importer(815301076,1909f56bfc062723c751e8b465ee728b)  -> (artifact id: '62587879180a0be3ef0dede48cbfa373') in 0.015199 seconds 
========================================================================
Received Import Request.
  Time since last request: 0.000032 seconds.
  path: Assets/All Assets/Tiny RPG Forest/Artwork/sprites/misc/hearts/hearts-2.png
  artifactKey: Guid(af1d44c8d77c341869dcdb0b63c5cff8) Importer(815301076,1909f56bfc062723c751e8b465ee728b)
Start importing Assets/All Assets/Tiny RPG Forest/Artwork/sprites/misc/hearts/hearts-2.png using Guid(af1d44c8d77c341869dcdb0b63c5cff8) Importer(815301076,1909f56bfc062723c751e8b465ee728b)  -> (artifact id: '4c654c1136e1e69f02851918c1554507') in 0.017983 seconds 
========================================================================
Received Import Request.
  Time since last request: 0.000024 seconds.
  path: Assets/All Assets/Tiny RPG Forest/Artwork/sprites/hero/attack-weapon/hero-attack-front/hero-attack-front-weapon-2.png
  artifactKey: Guid(0e983ad8fc7bd4f4187c33223f6b784c) Importer(815301076,1909f56bfc062723c751e8b465ee728b)
Start importing Assets/All Assets/Tiny RPG Forest/Artwork/sprites/hero/attack-weapon/hero-attack-front/hero-attack-front-weapon-2.png using Guid(0e983ad8fc7bd4f4187c33223f6b784c) Importer(815301076,1909f56bfc062723c751e8b465ee728b)  -> (artifact id: '9be2e19f97cc3a32c3e62a1d816a1c43') in 0.014877 seconds 
========================================================================
Received Import Request.
  Time since last request: 0.000022 seconds.
  path: Assets/All Assets/Simple Fantasy GUI/PSD/Character_Bar.psd
  artifactKey: Guid(79372c27978c1e44fa230e023508be47) Importer(815301076,1909f56bfc062723c751e8b465ee728b)
Start importing Assets/All Assets/Simple Fantasy GUI/PSD/Character_Bar.psd using Guid(79372c27978c1e44fa230e023508be47) Importer(815301076,1909f56bfc062723c751e8b465ee728b)  -> (artifact id: 'dfb9082f0190d04a3a61b0a182c93600') in 0.030093 seconds 
========================================================================
Received Import Request.
  Time since last request: 0.000027 seconds.
  path: Assets/All Assets/Simple Fantasy GUI/PNG/Icons/Accept_Icon.png
  artifactKey: Guid(391f97da05cf45240a8ecdec752cd9be) Importer(815301076,1909f56bfc062723c751e8b465ee728b)
Start importing Assets/All Assets/Simple Fantasy GUI/PNG/Icons/Accept_Icon.png using Guid(391f97da05cf45240a8ecdec752cd9be) Importer(815301076,1909f56bfc062723c751e8b465ee728b)  -> (artifact id: 'd789df00e2ccfddd41c5902479d0e84f') in 0.016687 seconds 
========================================================================
Received Import Request.
  Time since last request: 0.000041 seconds.
  path: Assets/All Assets/Tiny RPG Forest/Artwork/sprites/misc/coin/coin-4.png
  artifactKey: Guid(601ee6102f54d41e9908ba8c8ade2173) Importer(815301076,1909f56bfc062723c751e8b465ee728b)
Start importing Assets/All Assets/Tiny RPG Forest/Artwork/sprites/misc/coin/coin-4.png using Guid(601ee6102f54d41e9908ba8c8ade2173) Importer(815301076,1909f56bfc062723c751e8b465ee728b)  -> (artifact id: '82cafd767e1519f81f883aede7ef6a46') in 0.015190 seconds 
========================================================================
Received Import Request.
  Time since last request: 0.000022 seconds.
  path: Assets/All Assets/Simple Fantasy GUI/PNG/Icons/Comleted_Icon.png
  artifactKey: Guid(a3464046b5f29474b891e5a6b0602b66) Importer(815301076,1909f56bfc062723c751e8b465ee728b)
Start importing Assets/All Assets/Simple Fantasy GUI/PNG/Icons/Comleted_Icon.png using Guid(a3464046b5f29474b891e5a6b0602b66) Importer(815301076,1909f56bfc062723c751e8b465ee728b)  -> (artifact id: '29951f2d4ef4da854b7968d28decd375') in 0.015754 seconds 
========================================================================
Received Import Request.
  Time since last request: 0.000033 seconds.
  path: Assets/All Assets/Tiny RPG Forest/Artwork/sprites/misc/gem/gem-2.png
  artifactKey: Guid(0cf9bf4506ad5439987f6fdb1805dcc2) Importer(815301076,1909f56bfc062723c751e8b465ee728b)
Start importing Assets/All Assets/Tiny RPG Forest/Artwork/sprites/misc/gem/gem-2.png using Guid(0cf9bf4506ad5439987f6fdb1805dcc2) Importer(815301076,1909f56bfc062723c751e8b465ee728b)  -> (artifact id: 'd4d55dedc0a5e03911ea8fee1375590b') in 0.015845 seconds 
========================================================================
Received Import Request.
  Time since last request: 0.000036 seconds.
  path: Assets/All Assets/Tiny RPG Forest/Artwork/sprites/misc/gem/gem-4.png
  artifactKey: Guid(c43e5b8489c04479bafe8967422f3abb) Importer(815301076,1909f56bfc062723c751e8b465ee728b)
Start importing Assets/All Assets/Tiny RPG Forest/Artwork/sprites/misc/gem/gem-4.png using Guid(c43e5b8489c04479bafe8967422f3abb) Importer(815301076,1909f56bfc062723c751e8b465ee728b)  -> (artifact id: 'f4dac0797d9247a743a6cae7811ff61e') in 0.015903 seconds 
========================================================================
Received Import Request.
  Time since last request: 0.000032 seconds.
  path: Assets/All Assets/Simple Fantasy GUI/PNG/Character Panel/Minus_Icon.png
  artifactKey: Guid(47e51aa03c8cd16448f9cba068b87887) Importer(815301076,1909f56bfc062723c751e8b465ee728b)
Start importing Assets/All Assets/Simple Fantasy GUI/PNG/Character Panel/Minus_Icon.png using Guid(47e51aa03c8cd16448f9cba068b87887) Importer(815301076,1909f56bfc062723c751e8b465ee728b)  -> (artifact id: '0732b272d64d9968dc8a0a6a419ad2ab') in 0.015455 seconds 
========================================================================
Received Import Request.
  Time since last request: 0.000034 seconds.
  path: Assets/All Assets/Simple Fantasy GUI/PNG/Icons/Helmet_Icon.png
  artifactKey: Guid(f8fceb41b68ef0a4ea35add24f4635e0) Importer(815301076,1909f56bfc062723c751e8b465ee728b)
Start importing Assets/All Assets/Simple Fantasy GUI/PNG/Icons/Helmet_Icon.png using Guid(f8fceb41b68ef0a4ea35add24f4635e0) Importer(815301076,1909f56bfc062723c751e8b465ee728b)  -> (artifact id: '8ff8fc0dd718b662f7a6fe26dffddcfd') in 0.018243 seconds 
========================================================================
Received Import Request.
  Time since last request: 0.000031 seconds.
  path: Assets/All Assets/Tiny RPG Forest/Artwork/sprites/hero/walk/hero-walk-side/hero-walk-side-2.png
  artifactKey: Guid(becb8a6873c144b738fc9cc5fceece35) Importer(815301076,1909f56bfc062723c751e8b465ee728b)
Start importing Assets/All Assets/Tiny RPG Forest/Artwork/sprites/hero/walk/hero-walk-side/hero-walk-side-2.png using Guid(becb8a6873c144b738fc9cc5fceece35) Importer(815301076,1909f56bfc062723c751e8b465ee728b)  -> (artifact id: '271eea87600d8e701ef3e6c47de94226') in 0.015738 seconds 
========================================================================
Received Import Request.
  Time since last request: 0.000027 seconds.
  path: Assets/All Assets/Tiny RPG Forest/Artwork/sprites/hero/attack-weapon/hero-attack-back/hero-attack-back-weapon-3.png
  artifactKey: Guid(afa49c1c777bc41729512b54c7cffb6a) Importer(815301076,1909f56bfc062723c751e8b465ee728b)
Start importing Assets/All Assets/Tiny RPG Forest/Artwork/sprites/hero/attack-weapon/hero-attack-back/hero-attack-back-weapon-3.png using Guid(afa49c1c777bc41729512b54c7cffb6a) Importer(815301076,1909f56bfc062723c751e8b465ee728b)  -> (artifact id: 'a91d199542bd4e204c163f7558eb323a') in 0.015098 seconds 
========================================================================
Received Import Request.
  Time since last request: 0.000029 seconds.
  path: Assets/All Assets/Simple Fantasy GUI/PNG/Menu Panel/MenuDemo.png
  artifactKey: Guid(c2aa7972cb52add4ab1b066df73161c6) Importer(815301076,1909f56bfc062723c751e8b465ee728b)
Start importing Assets/All Assets/Simple Fantasy GUI/PNG/Menu Panel/MenuDemo.png using Guid(c2aa7972cb52add4ab1b066df73161c6) Importer(815301076,1909f56bfc062723c751e8b465ee728b)  -> (artifact id: '057dd17f9337ef33ab5ccd90f4487d4e') in 0.029015 seconds 
========================================================================
Received Import Request.
  Time since last request: 0.000025 seconds.
  path: Assets/All Assets/Simple Fantasy GUI/PNG/Inventory/InventoryDemo.png
  artifactKey: Guid(db7440f3047d8254a9e4c31d20b8c489) Importer(815301076,1909f56bfc062723c751e8b465ee728b)
Start importing Assets/All Assets/Simple Fantasy GUI/PNG/Inventory/InventoryDemo.png using Guid(db7440f3047d8254a9e4c31d20b8c489) Importer(815301076,1909f56bfc062723c751e8b465ee728b)  -> (artifact id: '4ed7921b601dbb0b9e5bab1360134365') in 0.033012 seconds 
========================================================================
Received Import Request.
  Time since last request: 0.000033 seconds.
  path: Assets/All Assets/Simple Fantasy GUI/PNG/Menu Panel/Button.png
  artifactKey: Guid(26d2e70834704ab4caaa1bcabebb3873) Importer(815301076,1909f56bfc062723c751e8b465ee728b)
Start importing Assets/All Assets/Simple Fantasy GUI/PNG/Menu Panel/Button.png using Guid(26d2e70834704ab4caaa1bcabebb3873) Importer(815301076,1909f56bfc062723c751e8b465ee728b)  -> (artifact id: 'deafa471100d9efb684c369e2c0629ac') in 0.016818 seconds 
========================================================================
Received Import Request.
  Time since last request: 0.000030 seconds.
  path: Assets/All Assets/Tiny RPG Forest/Artwork/sprites/hero/attack-weapon/hero-attack-side/hero-attack-side-weapon-2.png
  artifactKey: Guid(431ab203426d64ed7acac3c93c98b22d) Importer(815301076,1909f56bfc062723c751e8b465ee728b)
Start importing Assets/All Assets/Tiny RPG Forest/Artwork/sprites/hero/attack-weapon/hero-attack-side/hero-attack-side-weapon-2.png using Guid(431ab203426d64ed7acac3c93c98b22d) Importer(815301076,1909f56bfc062723c751e8b465ee728b)  -> (artifact id: '78f7c3a29bf6773d164438c89cc97796') in 0.015883 seconds 
========================================================================
Received Import Request.
  Time since last request: 0.000024 seconds.
  path: Assets/All Assets/Simple Fantasy GUI/PNG/Icons/Close_Icon.png
  artifactKey: Guid(0b3d25bb30efc5847954849ba0b1453d) Importer(815301076,1909f56bfc062723c751e8b465ee728b)
Start importing Assets/All Assets/Simple Fantasy GUI/PNG/Icons/Close_Icon.png using Guid(0b3d25bb30efc5847954849ba0b1453d) Importer(815301076,1909f56bfc062723c751e8b465ee728b)  -> (artifact id: '22759c753b8bad429a507b184da18875') in 0.016238 seconds 
========================================================================
Received Import Request.
  Time since last request: 0.000023 seconds.
  path: Assets/All Assets/Tiny RPG Forest/Artwork/sprites/hero/attack/hero-attack-side/hero-attack-side-3.png
  artifactKey: Guid(afcfb31c2e79f4edcacff6d2ae846b1e) Importer(815301076,1909f56bfc062723c751e8b465ee728b)
Start importing Assets/All Assets/Tiny RPG Forest/Artwork/sprites/hero/attack/hero-attack-side/hero-attack-side-3.png using Guid(afcfb31c2e79f4edcacff6d2ae846b1e) Importer(815301076,1909f56bfc062723c751e8b465ee728b)  -> (artifact id: 'bd8e3752a6528bbafa2df1342162fe8e') in 0.016401 seconds 
========================================================================
Received Import Request.
  Time since last request: 0.000029 seconds.
  path: Assets/All Assets/Tiny RPG Forest/Artwork/sprites/hero/idle/hero-idle-right/hero-idle-side.png
  artifactKey: Guid(570b4facf479e48dfb81fe1849ac6fed) Importer(815301076,1909f56bfc062723c751e8b465ee728b)
Start importing Assets/All Assets/Tiny RPG Forest/Artwork/sprites/hero/idle/hero-idle-right/hero-idle-side.png using Guid(570b4facf479e48dfb81fe1849ac6fed) Importer(815301076,1909f56bfc062723c751e8b465ee728b)  -> (artifact id: '5e07aa3826bd4325a4c150990d13d411') in 0.018147 seconds 
========================================================================
Received Import Request.
  Time since last request: 0.000021 seconds.
  path: Assets/All Assets/Simple Fantasy GUI/PNG/Character Panel/Character_Box.png
  artifactKey: Guid(81c655d952ad6ca498cc4b1491740ee0) Importer(815301076,1909f56bfc062723c751e8b465ee728b)
Start importing Assets/All Assets/Simple Fantasy GUI/PNG/Character Panel/Character_Box.png using Guid(81c655d952ad6ca498cc4b1491740ee0) Importer(815301076,1909f56bfc062723c751e8b465ee728b)  -> (artifact id: '5339a53c27bfc28924a3dd0909a38fd6') in 0.037666 seconds 
========================================================================
Received Prepare
Registering precompiled user dll's ...
Registered in 0.015183 seconds.
Begin MonoManager ReloadAssembly
Symbol file LoadedFromMemory doesn't match image C:\Users\HHH\Desktop\This-onetest-main\Library\PackageCache\com.unity.visualscripting@1.7.6\Editor\VisualScripting.Core\Dependencies\YamlDotNet\Unity.VisualScripting.YamlDotNet.dll
Symbol file LoadedFromMemory doesn't match image C:\Users\HHH\Desktop\This-onetest-main\Library\PackageCache\com.unity.visualscripting@1.7.6\Editor\VisualScripting.Core\Dependencies\DotNetZip\Unity.VisualScripting.IonicZip.dll
Native extension for WindowsStandalone target not found
Refreshing native plugins compatible for Editor in 1.06 ms, found 3 plugins.
Preloading 0 native plugins for Editor in 0.00 ms.
Mono: successfully reloaded assembly
- Completed reload, in  1.704 seconds
Domain Reload Profiling:
	ReloadAssembly (1704ms)
		BeginReloadAssembly (283ms)
			ExecutionOrderSort (0ms)
			DisableScriptedObjects (7ms)
			BackupInstance (0ms)
			ReleaseScriptingObjects (0ms)
			CreateAndSetChildDomain (51ms)
		EndReloadAssembly (1217ms)
			LoadAssemblies (221ms)
			RebuildTransferFunctionScriptingTraits (0ms)
			SetupTypeCache (354ms)
			ReleaseScriptCaches (2ms)
			RebuildScriptCaches (63ms)
			SetupLoadedEditorAssemblies (554ms)
				LogAssemblyErrors (0ms)
				InitializePlatformSupportModulesInManaged (22ms)
				SetLoadedEditorAssemblies (1ms)
				RefreshPlugins (1ms)
				BeforeProcessingInitializeOnLoad (145ms)
				ProcessInitializeOnLoadAttributes (310ms)
				ProcessInitializeOnLoadMethodAttributes (29ms)
				AfterProcessingInitializeOnLoad (46ms)
				EditorAssembliesLoaded (0ms)
			ExecutionOrderSort2 (0ms)
			AwakeInstancesAfterBackupRestoration (13ms)
Platform modules already initialized, skipping
Refreshing native plugins compatible for Editor in 6.72 ms, found 3 plugins.
Preloading 0 native plugins for Editor in 0.00 ms.
Unloading 3808 Unused Serialized files (Serialized files now loaded: 0)
Unloading 24 unused Assets / (0.5 MB). Loaded Objects now: 4420.
Memory consumption went from 218.3 MB to 217.8 MB.
Total: 6.349100 ms (FindLiveObjects: 0.534300 ms CreateObjectMapping: 0.580800 ms MarkObjects: 4.920600 ms  DeleteObjects: 0.311400 ms)

AssetImportParameters requested are different than current active one (requested -> active):
  custom:video-decoder-ogg-theora: a1e56fd34408186e4bbccfd4996cb3dc -> 
  custom:container-muxer-webm: aa71ff27fc2769a1b78a27578f13a17b -> 
  custom:container-demuxer-webm: 4f35f7cbe854078d1ac9338744f61a02 -> 
  custom:video-encoder-webm-vp8: eb34c28f22e8b96e1ab97ce403110664 -> 
  custom:audio-encoder-webm-vorbis: bf7c407c2cedff20999df2af8eb42d56 -> 
  custom:framework-win-MediaFoundation: 216162199b28c13a410421893ffa2e32 -> 
  custom:container-demuxer-ogg: 62fdf1f143b41e24485cea50d1cbac27 -> 
  custom:video-decoder-webm-vp8: 9c59270c3fd7afecdb556c50c9e8de78 -> 
  custom:audio-decoder-ogg-vorbis: bf7c407c2cedff20999df2af8eb42d56 -> 
========================================================================
Received Prepare
Registering precompiled user dll's ...
Registered in 0.015310 seconds.
Begin MonoManager ReloadAssembly
Symbol file LoadedFromMemory doesn't match image C:\Users\HHH\Desktop\This-onetest-main\Library\PackageCache\com.unity.visualscripting@1.7.6\Editor\VisualScripting.Core\Dependencies\YamlDotNet\Unity.VisualScripting.YamlDotNet.dll
Symbol file LoadedFromMemory doesn't match image C:\Users\HHH\Desktop\This-onetest-main\Library\PackageCache\com.unity.visualscripting@1.7.6\Editor\VisualScripting.Core\Dependencies\DotNetZip\Unity.VisualScripting.IonicZip.dll
Native extension for WindowsStandalone target not found
Refreshing native plugins compatible for Editor in 1.11 ms, found 3 plugins.
Preloading 0 native plugins for Editor in 0.00 ms.
Mono: successfully reloaded assembly
- Completed reload, in  1.464 seconds
Domain Reload Profiling:
	ReloadAssembly (1465ms)
		BeginReloadAssembly (247ms)
			ExecutionOrderSort (0ms)
			DisableScriptedObjects (6ms)
			BackupInstance (0ms)
			ReleaseScriptingObjects (0ms)
			CreateAndSetChildDomain (37ms)
		EndReloadAssembly (1037ms)
			LoadAssemblies (194ms)
			RebuildTransferFunctionScriptingTraits (0ms)
			SetupTypeCache (310ms)
			ReleaseScriptCaches (1ms)
			RebuildScriptCaches (50ms)
			SetupLoadedEditorAssemblies (462ms)
				LogAssemblyErrors (0ms)
				InitializePlatformSupportModulesInManaged (23ms)
				SetLoadedEditorAssemblies (0ms)
				RefreshPlugins (1ms)
				BeforeProcessingInitializeOnLoad (134ms)
				ProcessInitializeOnLoadAttributes (231ms)
				ProcessInitializeOnLoadMethodAttributes (30ms)
				AfterProcessingInitializeOnLoad (43ms)
				EditorAssembliesLoaded (0ms)
			ExecutionOrderSort2 (0ms)
			AwakeInstancesAfterBackupRestoration (12ms)
Platform modules already initialized, skipping
Refreshing native plugins compatible for Editor in 6.56 ms, found 3 plugins.
Preloading 0 native plugins for Editor in 0.00 ms.
Unloading 3808 Unused Serialized files (Serialized files now loaded: 0)
Unloading 24 unused Assets / (0.5 MB). Loaded Objects now: 4422.
Memory consumption went from 218.3 MB to 217.8 MB.
Total: 6.494900 ms (FindLiveObjects: 1.300900 ms CreateObjectMapping: 0.519600 ms MarkObjects: 4.350400 ms  DeleteObjects: 0.322300 ms)

AssetImportParameters requested are different than current active one (requested -> active):
  custom:video-decoder-ogg-theora: a1e56fd34408186e4bbccfd4996cb3dc -> 
  custom:container-muxer-webm: aa71ff27fc2769a1b78a27578f13a17b -> 
  custom:container-demuxer-webm: 4f35f7cbe854078d1ac9338744f61a02 -> 
  custom:video-encoder-webm-vp8: eb34c28f22e8b96e1ab97ce403110664 -> 
  custom:audio-encoder-webm-vorbis: bf7c407c2cedff20999df2af8eb42d56 -> 
  custom:framework-win-MediaFoundation: 216162199b28c13a410421893ffa2e32 -> 
  custom:container-demuxer-ogg: 62fdf1f143b41e24485cea50d1cbac27 -> 
  custom:video-decoder-webm-vp8: 9c59270c3fd7afecdb556c50c9e8de78 -> 
  custom:audio-decoder-ogg-vorbis: bf7c407c2cedff20999df2af8eb42d56 -> 
Editor requested this worker to shutdown with reason: Scaling down because of idle timeout
AssetImportWorker is now disconnected from the server
Process exiting
Exiting without the bug reporter. Application will terminate with return code 0