Using pre-set license
Built from '2021.2/china_unity/release' branch; Version is '2021.2.14f1c1 (7c06c4af091b) revision 8128196'; Using compiler version '192829333'; Build Type 'Release'
OS: 'Windows 10  (10.0.19044) 64bit Professional' Language: 'zh' Physical Memory: 16202 MB
BatchMode: 1, IsHumanControllingUs: 0, StartBugReporterOnCrash: 0, Is64bit: 1, IsPro: 1

COMMAND LINE ARGUMENTS:
C:\Program Files\Unity\Hub\Editor\2021.2.14f1c1\Editor\Unity.exe
-adb2
-batchMode
-noUpm
-name
AssetImportWorker0
-projectPath
C:/Users/HHH/Desktop/This-onetest-main
-logFile
Logs/AssetImportWorker0.log
-srvPort
49957
Successfully changed project path to: C:/Users/HHH/Desktop/This-onetest-main
C:/Users/HHH/Desktop/This-onetest-main
[UnityMemory] Configuration Parameters - Can be set up in boot.config
    "memorysetup-bucket-allocator-granularity=16"
    "memorysetup-bucket-allocator-bucket-count=8"
    "memorysetup-bucket-allocator-block-size=33554432"
    "memorysetup-bucket-allocator-block-count=8"
    "memorysetup-main-allocator-block-size=16777216"
    "memorysetup-thread-allocator-block-size=16777216"
    "memorysetup-gfx-main-allocator-block-size=16777216"
    "memorysetup-gfx-thread-allocator-block-size=16777216"
    "memorysetup-cache-allocator-block-size=4194304"
    "memorysetup-typetree-allocator-block-size=2097152"
    "memorysetup-profiler-bucket-allocator-granularity=16"
    "memorysetup-profiler-bucket-allocator-bucket-count=8"
    "memorysetup-profiler-bucket-allocator-block-size=33554432"
    "memorysetup-profiler-bucket-allocator-block-count=8"
    "memorysetup-profiler-allocator-block-size=16777216"
    "memorysetup-profiler-editor-allocator-block-size=1048576"
    "memorysetup-temp-allocator-size-main=16777216"
    "memorysetup-job-temp-allocator-block-size=2097152"
    "memorysetup-job-temp-allocator-block-size-background=1048576"
    "memorysetup-job-temp-allocator-reduction-small-platforms=262144"
    "memorysetup-temp-allocator-size-background-worker=32768"
    "memorysetup-temp-allocator-size-job-worker=262144"
    "memorysetup-temp-allocator-size-preload-manager=33554432"
    "memorysetup-temp-allocator-size-nav-mesh-worker=65536"
    "memorysetup-temp-allocator-size-audio-worker=65536"
    "memorysetup-temp-allocator-size-cloud-worker=32768"
    "memorysetup-temp-allocator-size-gi-baking-worker=262144"
    "memorysetup-temp-allocator-size-gfx=262144"
AS: AutoStreaming module initializing.
Refreshing native plugins compatible for Editor in 93.21 ms, found 3 plugins.
Preloading 0 native plugins for Editor in 0.00 ms.
Initialize engine version: 2021.2.14f1c1 (7c06c4af091b)
[Subsystems] Discovering subsystems at path C:/Program Files/Unity/Hub/Editor/2021.2.14f1c1/Editor/Data/Resources/UnitySubsystems
[Subsystems] Discovering subsystems at path C:/Users/HHH/Desktop/This-onetest-main/Assets
GfxDevice: creating device client; threaded=0; jobified=0
Direct3D:
    Version:  Direct3D 11.0 [level 11.1]
    Renderer: NVIDIA GeForce RTX 2060 (ID=0x1f15)
    Vendor:   NVIDIA
    VRAM:     5980 MB
    Driver:   27.21.14.6275
Initialize mono
Mono path[0] = 'C:/Program Files/Unity/Hub/Editor/2021.2.14f1c1/Editor/Data/Managed'
Mono path[1] = 'C:/Program Files/Unity/Hub/Editor/2021.2.14f1c1/Editor/Data/MonoBleedingEdge/lib/mono/unityjit-win32'
Mono config path = 'C:/Program Files/Unity/Hub/Editor/2021.2.14f1c1/Editor/Data/MonoBleedingEdge/etc'
Using monoOptions --debugger-agent=transport=dt_socket,embedding=1,server=y,suspend=n,address=127.0.0.1:56508
Begin MonoManager ReloadAssembly
Registering precompiled unity dll's ...
Register platform support module: C:/Program Files/Unity/Hub/Editor/2021.2.14f1c1/Editor/Data/PlaybackEngines/WindowsStandaloneSupport/UnityEditor.WindowsStandalone.Extensions.dll
Registered in 0.007049 seconds.
Native extension for WindowsStandalone target not found
Refreshing native plugins compatible for Editor in 92.36 ms, found 3 plugins.
Preloading 0 native plugins for Editor in 0.00 ms.
Mono: successfully reloaded assembly
- Completed reload, in  0.651 seconds
Domain Reload Profiling:
	ReloadAssembly (652ms)
		BeginReloadAssembly (74ms)
			ExecutionOrderSort (0ms)
			DisableScriptedObjects (0ms)
			BackupInstance (0ms)
			ReleaseScriptingObjects (0ms)
			CreateAndSetChildDomain (1ms)
		EndReloadAssembly (450ms)
			LoadAssemblies (69ms)
			RebuildTransferFunctionScriptingTraits (0ms)
			SetupTypeCache (98ms)
			ReleaseScriptCaches (0ms)
			RebuildScriptCaches (27ms)
			SetupLoadedEditorAssemblies (270ms)
				LogAssemblyErrors (0ms)
				InitializePlatformSupportModulesInManaged (8ms)
				SetLoadedEditorAssemblies (0ms)
				RefreshPlugins (92ms)
				BeforeProcessingInitializeOnLoad (1ms)
				ProcessInitializeOnLoadAttributes (123ms)
				ProcessInitializeOnLoadMethodAttributes (45ms)
				AfterProcessingInitializeOnLoad (0ms)
				EditorAssembliesLoaded (0ms)
			ExecutionOrderSort2 (0ms)
			AwakeInstancesAfterBackupRestoration (0ms)
Platform modules already initialized, skipping
Registering precompiled user dll's ...
Registered in 0.008333 seconds.
Begin MonoManager ReloadAssembly
Symbol file LoadedFromMemory doesn't match image C:\Users\HHH\Desktop\This-onetest-main\Library\PackageCache\com.unity.visualscripting@1.7.6\Editor\VisualScripting.Core\Dependencies\YamlDotNet\Unity.VisualScripting.YamlDotNet.dll
Symbol file LoadedFromMemory doesn't match image C:\Users\HHH\Desktop\This-onetest-main\Library\PackageCache\com.unity.visualscripting@1.7.6\Editor\VisualScripting.Core\Dependencies\DotNetZip\Unity.VisualScripting.IonicZip.dll
Native extension for WindowsStandalone target not found
Refreshing native plugins compatible for Editor in 0.93 ms, found 3 plugins.
Preloading 0 native plugins for Editor in 0.00 ms.
Mono: successfully reloaded assembly
- Completed reload, in  1.154 seconds
Domain Reload Profiling:
	ReloadAssembly (1154ms)
		BeginReloadAssembly (125ms)
			ExecutionOrderSort (0ms)
			DisableScriptedObjects (7ms)
			BackupInstance (0ms)
			ReleaseScriptingObjects (0ms)
			CreateAndSetChildDomain (21ms)
		EndReloadAssembly (886ms)
			LoadAssemblies (95ms)
			RebuildTransferFunctionScriptingTraits (0ms)
			SetupTypeCache (285ms)
			ReleaseScriptCaches (1ms)
			RebuildScriptCaches (58ms)
			SetupLoadedEditorAssemblies (403ms)
				LogAssemblyErrors (0ms)
				InitializePlatformSupportModulesInManaged (6ms)
				SetLoadedEditorAssemblies (0ms)
				RefreshPlugins (1ms)
				BeforeProcessingInitializeOnLoad (105ms)
				ProcessInitializeOnLoadAttributes (252ms)
				ProcessInitializeOnLoadMethodAttributes (25ms)
				AfterProcessingInitializeOnLoad (14ms)
				EditorAssembliesLoaded (0ms)
			ExecutionOrderSort2 (0ms)
			AwakeInstancesAfterBackupRestoration (7ms)
Platform modules already initialized, skipping
========================================================================
Worker process is ready to serve import requests
Launched and connected shader compiler UnityShaderCompiler.exe after 0.04 seconds
Refreshing native plugins compatible for Editor in 0.63 ms, found 3 plugins.
Preloading 0 native plugins for Editor in 0.00 ms.
Unloading 3865 Unused Serialized files (Serialized files now loaded: 0)
Unloading 31 unused Assets / (0.6 MB). Loaded Objects now: 4322.
Memory consumption went from 219.2 MB to 218.6 MB.
Total: 3.217400 ms (FindLiveObjects: 0.317300 ms CreateObjectMapping: 0.228900 ms MarkObjects: 2.393100 ms  DeleteObjects: 0.277200 ms)

AssetImportParameters requested are different than current active one (requested -> active):
  custom:video-decoder-ogg-theora: a1e56fd34408186e4bbccfd4996cb3dc -> 
  custom:container-muxer-webm: aa71ff27fc2769a1b78a27578f13a17b -> 
  custom:container-demuxer-webm: 4f35f7cbe854078d1ac9338744f61a02 -> 
  custom:video-encoder-webm-vp8: eb34c28f22e8b96e1ab97ce403110664 -> 
  custom:audio-encoder-webm-vorbis: bf7c407c2cedff20999df2af8eb42d56 -> 
  custom:framework-win-MediaFoundation: 216162199b28c13a410421893ffa2e32 -> 
  custom:container-demuxer-ogg: 62fdf1f143b41e24485cea50d1cbac27 -> 
  custom:video-decoder-webm-vp8: 9c59270c3fd7afecdb556c50c9e8de78 -> 
  custom:audio-decoder-ogg-vorbis: bf7c407c2cedff20999df2af8eb42d56 -> 
========================================================================
Received Import Request.
  Time since last request: 155.276379 seconds.
  path: Assets/背包系统
  artifactKey: Guid(e1c9417847120ed49ac8af9e57601bca) Importer(815301076,1909f56bfc062723c751e8b465ee728b)
Start importing Assets/背包系统 using Guid(e1c9417847120ed49ac8af9e57601bca) Importer(815301076,1909f56bfc062723c751e8b465ee728b)  -> (artifact id: 'e4d6e2ab6859fa44ceafe069ae848d66') in 0.006901 seconds 
========================================================================
Received Import Request.
  Time since last request: 151.370426 seconds.
  path: Assets/背包系统/DragUI.cs
  artifactKey: Guid(b375638e49a96cf4ba144ddfd64a6f73) Importer(815301076,1909f56bfc062723c751e8b465ee728b)
Start importing Assets/背包系统/DragUI.cs using Guid(b375638e49a96cf4ba144ddfd64a6f73) Importer(815301076,1909f56bfc062723c751e8b465ee728b)  -> (artifact id: '8437331beec570748acc427a7df79da0') in 0.028741 seconds 
========================================================================
Received Prepare
Registering precompiled user dll's ...
Registered in 0.013687 seconds.
Begin MonoManager ReloadAssembly
Symbol file LoadedFromMemory doesn't match image C:\Users\HHH\Desktop\This-onetest-main\Library\PackageCache\com.unity.visualscripting@1.7.6\Editor\VisualScripting.Core\Dependencies\YamlDotNet\Unity.VisualScripting.YamlDotNet.dll
Symbol file LoadedFromMemory doesn't match image C:\Users\HHH\Desktop\This-onetest-main\Library\PackageCache\com.unity.visualscripting@1.7.6\Editor\VisualScripting.Core\Dependencies\DotNetZip\Unity.VisualScripting.IonicZip.dll
Native extension for WindowsStandalone target not found
Refreshing native plugins compatible for Editor in 0.63 ms, found 3 plugins.
Preloading 0 native plugins for Editor in 0.00 ms.
Mono: successfully reloaded assembly
- Completed reload, in  1.250 seconds
Domain Reload Profiling:
	ReloadAssembly (1251ms)
		BeginReloadAssembly (220ms)
			ExecutionOrderSort (0ms)
			DisableScriptedObjects (6ms)
			BackupInstance (0ms)
			ReleaseScriptingObjects (0ms)
			CreateAndSetChildDomain (48ms)
		EndReloadAssembly (876ms)
			LoadAssemblies (148ms)
			RebuildTransferFunctionScriptingTraits (0ms)
			SetupTypeCache (241ms)
			ReleaseScriptCaches (1ms)
			RebuildScriptCaches (40ms)
			SetupLoadedEditorAssemblies (412ms)
				LogAssemblyErrors (0ms)
				InitializePlatformSupportModulesInManaged (16ms)
				SetLoadedEditorAssemblies (0ms)
				RefreshPlugins (1ms)
				BeforeProcessingInitializeOnLoad (110ms)
				ProcessInitializeOnLoadAttributes (221ms)
				ProcessInitializeOnLoadMethodAttributes (26ms)
				AfterProcessingInitializeOnLoad (37ms)
				EditorAssembliesLoaded (0ms)
			ExecutionOrderSort2 (0ms)
			AwakeInstancesAfterBackupRestoration (12ms)
Platform modules already initialized, skipping
Refreshing native plugins compatible for Editor in 4.71 ms, found 3 plugins.
Preloading 0 native plugins for Editor in 0.00 ms.
Unloading 3801 Unused Serialized files (Serialized files now loaded: 0)
Unloading 24 unused Assets / (0.5 MB). Loaded Objects now: 4325.
Memory consumption went from 213.1 MB to 212.6 MB.
Total: 2.934300 ms (FindLiveObjects: 0.301900 ms CreateObjectMapping: 0.215600 ms MarkObjects: 2.221700 ms  DeleteObjects: 0.194100 ms)

AssetImportParameters requested are different than current active one (requested -> active):
  custom:video-decoder-ogg-theora: a1e56fd34408186e4bbccfd4996cb3dc -> 
  custom:container-muxer-webm: aa71ff27fc2769a1b78a27578f13a17b -> 
  custom:container-demuxer-webm: 4f35f7cbe854078d1ac9338744f61a02 -> 
  custom:video-encoder-webm-vp8: eb34c28f22e8b96e1ab97ce403110664 -> 
  custom:audio-encoder-webm-vorbis: bf7c407c2cedff20999df2af8eb42d56 -> 
  custom:framework-win-MediaFoundation: 216162199b28c13a410421893ffa2e32 -> 
  custom:container-demuxer-ogg: 62fdf1f143b41e24485cea50d1cbac27 -> 
  custom:video-decoder-webm-vp8: 9c59270c3fd7afecdb556c50c9e8de78 -> 
  custom:audio-decoder-ogg-vorbis: bf7c407c2cedff20999df2af8eb42d56 -> 
========================================================================
Received Import Request.
  Time since last request: 684.259000 seconds.
  path: Assets/背包系统/DragUI.cs
  artifactKey: Guid(b375638e49a96cf4ba144ddfd64a6f73) Importer(815301076,1909f56bfc062723c751e8b465ee728b)
Start importing Assets/背包系统/DragUI.cs using Guid(b375638e49a96cf4ba144ddfd64a6f73) Importer(815301076,1909f56bfc062723c751e8b465ee728b)  -> (artifact id: 'f8cadc0e93bf0c5ca47713fd48d84e84') in 0.011648 seconds 
========================================================================
Received Prepare
Registering precompiled user dll's ...
Registered in 0.014274 seconds.
Begin MonoManager ReloadAssembly
Symbol file LoadedFromMemory doesn't match image C:\Users\HHH\Desktop\This-onetest-main\Library\PackageCache\com.unity.visualscripting@1.7.6\Editor\VisualScripting.Core\Dependencies\YamlDotNet\Unity.VisualScripting.YamlDotNet.dll
Symbol file LoadedFromMemory doesn't match image C:\Users\HHH\Desktop\This-onetest-main\Library\PackageCache\com.unity.visualscripting@1.7.6\Editor\VisualScripting.Core\Dependencies\DotNetZip\Unity.VisualScripting.IonicZip.dll
Native extension for WindowsStandalone target not found
Refreshing native plugins compatible for Editor in 0.68 ms, found 3 plugins.
Preloading 0 native plugins for Editor in 0.00 ms.
Mono: successfully reloaded assembly
- Completed reload, in  1.243 seconds
Domain Reload Profiling:
	ReloadAssembly (1243ms)
		BeginReloadAssembly (202ms)
			ExecutionOrderSort (0ms)
			DisableScriptedObjects (7ms)
			BackupInstance (0ms)
			ReleaseScriptingObjects (0ms)
			CreateAndSetChildDomain (40ms)
		EndReloadAssembly (894ms)
			LoadAssemblies (142ms)
			RebuildTransferFunctionScriptingTraits (0ms)
			SetupTypeCache (275ms)
			ReleaseScriptCaches (1ms)
			RebuildScriptCaches (44ms)
			SetupLoadedEditorAssemblies (397ms)
				LogAssemblyErrors (0ms)
				InitializePlatformSupportModulesInManaged (20ms)
				SetLoadedEditorAssemblies (0ms)
				RefreshPlugins (1ms)
				BeforeProcessingInitializeOnLoad (113ms)
				ProcessInitializeOnLoadAttributes (202ms)
				ProcessInitializeOnLoadMethodAttributes (24ms)
				AfterProcessingInitializeOnLoad (37ms)
				EditorAssembliesLoaded (0ms)
			ExecutionOrderSort2 (0ms)
			AwakeInstancesAfterBackupRestoration (10ms)
Platform modules already initialized, skipping
Refreshing native plugins compatible for Editor in 3.25 ms, found 3 plugins.
Preloading 0 native plugins for Editor in 0.00 ms.
Unloading 3800 Unused Serialized files (Serialized files now loaded: 0)
Unloading 25 unused Assets / (0.5 MB). Loaded Objects now: 4326.
Memory consumption went from 213.1 MB to 212.6 MB.
Total: 2.851300 ms (FindLiveObjects: 0.281500 ms CreateObjectMapping: 0.175400 ms MarkObjects: 2.225800 ms  DeleteObjects: 0.167700 ms)

AssetImportParameters requested are different than current active one (requested -> active):
  custom:video-decoder-ogg-theora: a1e56fd34408186e4bbccfd4996cb3dc -> 
  custom:container-muxer-webm: aa71ff27fc2769a1b78a27578f13a17b -> 
  custom:container-demuxer-webm: 4f35f7cbe854078d1ac9338744f61a02 -> 
  custom:video-encoder-webm-vp8: eb34c28f22e8b96e1ab97ce403110664 -> 
  custom:audio-encoder-webm-vorbis: bf7c407c2cedff20999df2af8eb42d56 -> 
  custom:framework-win-MediaFoundation: 216162199b28c13a410421893ffa2e32 -> 
  custom:container-demuxer-ogg: 62fdf1f143b41e24485cea50d1cbac27 -> 
  custom:video-decoder-webm-vp8: 9c59270c3fd7afecdb556c50c9e8de78 -> 
  custom:audio-decoder-ogg-vorbis: bf7c407c2cedff20999df2af8eb42d56 -> 
========================================================================
Received Import Request.
  Time since last request: 1033.209442 seconds.
  path: Assets/UniStorm Weather System/Scenes/VR Example.unity
  artifactKey: Guid(a9ad4adf089a1914ba084ded10d15f69) Importer(815301076,1909f56bfc062723c751e8b465ee728b)
Start importing Assets/UniStorm Weather System/Scenes/VR Example.unity using Guid(a9ad4adf089a1914ba084ded10d15f69) Importer(815301076,1909f56bfc062723c751e8b465ee728b)  -> (artifact id: 'baab0b30bc8dc76ef85444d52c32c730') in 0.010217 seconds 
========================================================================
Received Import Request.
  Time since last request: 1.939994 seconds.
  path: Assets/UniStorm Weather System/Scenes/UniStorm Ultra with Empty Scene.unity
  artifactKey: Guid(e21406de6f4781c4a9ba0e9a245a58e4) Importer(815301076,1909f56bfc062723c751e8b465ee728b)
Start importing Assets/UniStorm Weather System/Scenes/UniStorm Ultra with Empty Scene.unity using Guid(e21406de6f4781c4a9ba0e9a245a58e4) Importer(815301076,1909f56bfc062723c751e8b465ee728b)  -> (artifact id: 'a5278e224b5350bf6f437e1cd0b475e4') in 0.002650 seconds 
========================================================================
Received Import Request.
  Time since last request: 3.300659 seconds.
  path: Assets/UniStorm Weather System/Scenes/Standard Demo.unity
  artifactKey: Guid(59e86a37489d1fb49828bc76f5ffd2fd) Importer(815301076,1909f56bfc062723c751e8b465ee728b)
Start importing Assets/UniStorm Weather System/Scenes/Standard Demo.unity using Guid(59e86a37489d1fb49828bc76f5ffd2fd) Importer(815301076,1909f56bfc062723c751e8b465ee728b)  -> (artifact id: '5c7bca7aeb9ca36ffd2721141afee4da') in 0.003759 seconds 
========================================================================
Received Import Request.
  Time since last request: 1.651031 seconds.
  path: Assets/UniStorm Weather System/Scenes/Save UniStorm Data Example.unity
  artifactKey: Guid(e18e3d385a71c5b41816effdab05f158) Importer(815301076,1909f56bfc062723c751e8b465ee728b)
Start importing Assets/UniStorm Weather System/Scenes/Save UniStorm Data Example.unity using Guid(e18e3d385a71c5b41816effdab05f158) Importer(815301076,1909f56bfc062723c751e8b465ee728b)  -> (artifact id: 'c1c109c82c5d6f70fd462cc2f4fe469e') in 0.002661 seconds 
========================================================================
Received Import Request.
  Time since last request: 1.589429 seconds.
  path: Assets/Scenes/SampleScene.unity
  artifactKey: Guid(9fc0d4010bbf28b4594072e72b8655ab) Importer(815301076,1909f56bfc062723c751e8b465ee728b)
Start importing Assets/Scenes/SampleScene.unity using Guid(9fc0d4010bbf28b4594072e72b8655ab) Importer(815301076,1909f56bfc062723c751e8b465ee728b)  -> (artifact id: '3fb42c19213efa7f3941b75a75549e61') in 0.002340 seconds 
========================================================================
Received Import Request.
  Time since last request: 2.240706 seconds.
  path: Assets/UniStorm Weather System/Scenes/Procedural Lightning Strikes Example.unity
  artifactKey: Guid(e82ec1aaee28272418c617bda02e04c2) Importer(815301076,1909f56bfc062723c751e8b465ee728b)
Start importing Assets/UniStorm Weather System/Scenes/Procedural Lightning Strikes Example.unity using Guid(e82ec1aaee28272418c617bda02e04c2) Importer(815301076,1909f56bfc062723c751e8b465ee728b)  -> (artifact id: '3e68b9f9eed9d6b3e654c9b121a0bd24') in 0.002441 seconds 
========================================================================
Received Prepare
Registering precompiled user dll's ...
Registered in 0.014218 seconds.
Begin MonoManager ReloadAssembly
Symbol file LoadedFromMemory doesn't match image C:\Users\HHH\Desktop\This-onetest-main\Library\PackageCache\com.unity.visualscripting@1.7.6\Editor\VisualScripting.Core\Dependencies\YamlDotNet\Unity.VisualScripting.YamlDotNet.dll
Symbol file LoadedFromMemory doesn't match image C:\Users\HHH\Desktop\This-onetest-main\Library\PackageCache\com.unity.visualscripting@1.7.6\Editor\VisualScripting.Core\Dependencies\DotNetZip\Unity.VisualScripting.IonicZip.dll
Native extension for WindowsStandalone target not found
Refreshing native plugins compatible for Editor in 1.09 ms, found 3 plugins.
Preloading 0 native plugins for Editor in 0.00 ms.
Mono: successfully reloaded assembly
- Completed reload, in  1.283 seconds
Domain Reload Profiling:
	ReloadAssembly (1285ms)
		BeginReloadAssembly (202ms)
			ExecutionOrderSort (0ms)
			DisableScriptedObjects (5ms)
			BackupInstance (0ms)
			ReleaseScriptingObjects (0ms)
			CreateAndSetChildDomain (40ms)
		EndReloadAssembly (929ms)
			LoadAssemblies (139ms)
			RebuildTransferFunctionScriptingTraits (0ms)
			SetupTypeCache (248ms)
			ReleaseScriptCaches (1ms)
			RebuildScriptCaches (40ms)
			SetupLoadedEditorAssemblies (460ms)
				LogAssemblyErrors (0ms)
				InitializePlatformSupportModulesInManaged (16ms)
				SetLoadedEditorAssemblies (0ms)
				RefreshPlugins (1ms)
				BeforeProcessingInitializeOnLoad (112ms)
				ProcessInitializeOnLoadAttributes (256ms)
				ProcessInitializeOnLoadMethodAttributes (36ms)
				AfterProcessingInitializeOnLoad (38ms)
				EditorAssembliesLoaded (0ms)
			ExecutionOrderSort2 (0ms)
			AwakeInstancesAfterBackupRestoration (12ms)
Platform modules already initialized, skipping
Refreshing native plugins compatible for Editor in 6.07 ms, found 3 plugins.
Preloading 0 native plugins for Editor in 0.00 ms.
Unloading 3800 Unused Serialized files (Serialized files now loaded: 0)
Unloading 24 unused Assets / (0.5 MB). Loaded Objects now: 4328.
Memory consumption went from 213.1 MB to 212.6 MB.
Total: 4.703900 ms (FindLiveObjects: 0.334900 ms CreateObjectMapping: 0.327500 ms MarkObjects: 3.802800 ms  DeleteObjects: 0.237500 ms)

AssetImportParameters requested are different than current active one (requested -> active):
  custom:video-decoder-ogg-theora: a1e56fd34408186e4bbccfd4996cb3dc -> 
  custom:container-muxer-webm: aa71ff27fc2769a1b78a27578f13a17b -> 
  custom:container-demuxer-webm: 4f35f7cbe854078d1ac9338744f61a02 -> 
  custom:video-encoder-webm-vp8: eb34c28f22e8b96e1ab97ce403110664 -> 
  custom:audio-encoder-webm-vorbis: bf7c407c2cedff20999df2af8eb42d56 -> 
  custom:framework-win-MediaFoundation: 216162199b28c13a410421893ffa2e32 -> 
  custom:container-demuxer-ogg: 62fdf1f143b41e24485cea50d1cbac27 -> 
  custom:video-decoder-webm-vp8: 9c59270c3fd7afecdb556c50c9e8de78 -> 
  custom:audio-decoder-ogg-vorbis: bf7c407c2cedff20999df2af8eb42d56 -> 
========================================================================
Received Import Request.
  Time since last request: 13.652937 seconds.
  path: Assets/UniStorm Weather System/Scenes/Playable Standard Demo.unity
  artifactKey: Guid(a9a2748686c6ea249a32a177be86490b) Importer(815301076,1909f56bfc062723c751e8b465ee728b)
Start importing Assets/UniStorm Weather System/Scenes/Playable Standard Demo.unity using Guid(a9a2748686c6ea249a32a177be86490b) Importer(815301076,1909f56bfc062723c751e8b465ee728b)  -> (artifact id: '6df3866ba867c9b911d1a4b5d470542d') in 0.006866 seconds 
========================================================================
Received Prepare
Registering precompiled user dll's ...
Registered in 0.016155 seconds.
Begin MonoManager ReloadAssembly
Symbol file LoadedFromMemory doesn't match image C:\Users\HHH\Desktop\This-onetest-main\Library\PackageCache\com.unity.visualscripting@1.7.6\Editor\VisualScripting.Core\Dependencies\YamlDotNet\Unity.VisualScripting.YamlDotNet.dll
Symbol file LoadedFromMemory doesn't match image C:\Users\HHH\Desktop\This-onetest-main\Library\PackageCache\com.unity.visualscripting@1.7.6\Editor\VisualScripting.Core\Dependencies\DotNetZip\Unity.VisualScripting.IonicZip.dll
Native extension for WindowsStandalone target not found
Refreshing native plugins compatible for Editor in 0.63 ms, found 3 plugins.
Preloading 0 native plugins for Editor in 0.00 ms.
Mono: successfully reloaded assembly
- Completed reload, in  1.271 seconds
Domain Reload Profiling:
	ReloadAssembly (1272ms)
		BeginReloadAssembly (194ms)
			ExecutionOrderSort (0ms)
			DisableScriptedObjects (5ms)
			BackupInstance (0ms)
			ReleaseScriptingObjects (0ms)
			CreateAndSetChildDomain (32ms)
		EndReloadAssembly (928ms)
			LoadAssemblies (150ms)
			RebuildTransferFunctionScriptingTraits (0ms)
			SetupTypeCache (274ms)
			ReleaseScriptCaches (1ms)
			RebuildScriptCaches (44ms)
			SetupLoadedEditorAssemblies (420ms)
				LogAssemblyErrors (0ms)
				InitializePlatformSupportModulesInManaged (16ms)
				SetLoadedEditorAssemblies (0ms)
				RefreshPlugins (1ms)
				BeforeProcessingInitializeOnLoad (110ms)
				ProcessInitializeOnLoadAttributes (230ms)
				ProcessInitializeOnLoadMethodAttributes (26ms)
				AfterProcessingInitializeOnLoad (37ms)
				EditorAssembliesLoaded (0ms)
			ExecutionOrderSort2 (0ms)
			AwakeInstancesAfterBackupRestoration (11ms)
Platform modules already initialized, skipping
Refreshing native plugins compatible for Editor in 4.40 ms, found 3 plugins.
Preloading 0 native plugins for Editor in 0.00 ms.
Unloading 3800 Unused Serialized files (Serialized files now loaded: 0)
Unloading 24 unused Assets / (0.5 MB). Loaded Objects now: 4330.
Memory consumption went from 213.2 MB to 212.6 MB.
Total: 4.174600 ms (FindLiveObjects: 0.362100 ms CreateObjectMapping: 0.267400 ms MarkObjects: 3.289700 ms  DeleteObjects: 0.254100 ms)

AssetImportParameters requested are different than current active one (requested -> active):
  custom:video-decoder-ogg-theora: a1e56fd34408186e4bbccfd4996cb3dc -> 
  custom:container-muxer-webm: aa71ff27fc2769a1b78a27578f13a17b -> 
  custom:container-demuxer-webm: 4f35f7cbe854078d1ac9338744f61a02 -> 
  custom:video-encoder-webm-vp8: eb34c28f22e8b96e1ab97ce403110664 -> 
  custom:audio-encoder-webm-vorbis: bf7c407c2cedff20999df2af8eb42d56 -> 
  custom:framework-win-MediaFoundation: 216162199b28c13a410421893ffa2e32 -> 
  custom:container-demuxer-ogg: 62fdf1f143b41e24485cea50d1cbac27 -> 
  custom:video-decoder-webm-vp8: 9c59270c3fd7afecdb556c50c9e8de78 -> 
  custom:audio-decoder-ogg-vorbis: bf7c407c2cedff20999df2af8eb42d56 -> 
========================================================================
Received Import Request.
  Time since last request: 15.037489 seconds.
  path: Assets/UniStorm Weather System/Scenes/Mobile Example.unity
  artifactKey: Guid(74f6b06e43319354eb3169ac970a8547) Importer(815301076,1909f56bfc062723c751e8b465ee728b)
Start importing Assets/UniStorm Weather System/Scenes/Mobile Example.unity using Guid(74f6b06e43319354eb3169ac970a8547) Importer(815301076,1909f56bfc062723c751e8b465ee728b)  -> (artifact id: '5ae4fc588a2739ecebb78b8a33df2e81') in 0.007068 seconds 
========================================================================
Received Prepare
Registering precompiled user dll's ...
Registered in 0.013755 seconds.
Begin MonoManager ReloadAssembly
Symbol file LoadedFromMemory doesn't match image C:\Users\HHH\Desktop\This-onetest-main\Library\PackageCache\com.unity.visualscripting@1.7.6\Editor\VisualScripting.Core\Dependencies\YamlDotNet\Unity.VisualScripting.YamlDotNet.dll
Symbol file LoadedFromMemory doesn't match image C:\Users\HHH\Desktop\This-onetest-main\Library\PackageCache\com.unity.visualscripting@1.7.6\Editor\VisualScripting.Core\Dependencies\DotNetZip\Unity.VisualScripting.IonicZip.dll
Native extension for WindowsStandalone target not found
Refreshing native plugins compatible for Editor in 0.93 ms, found 3 plugins.
Preloading 0 native plugins for Editor in 0.00 ms.
Mono: successfully reloaded assembly
- Completed reload, in  1.502 seconds
Domain Reload Profiling:
	ReloadAssembly (1503ms)
		BeginReloadAssembly (265ms)
			ExecutionOrderSort (0ms)
			DisableScriptedObjects (6ms)
			BackupInstance (0ms)
			ReleaseScriptingObjects (0ms)
			CreateAndSetChildDomain (41ms)
		EndReloadAssembly (1046ms)
			LoadAssemblies (216ms)
			RebuildTransferFunctionScriptingTraits (0ms)
			SetupTypeCache (316ms)
			ReleaseScriptCaches (2ms)
			RebuildScriptCaches (53ms)
			SetupLoadedEditorAssemblies (460ms)
				LogAssemblyErrors (0ms)
				InitializePlatformSupportModulesInManaged (20ms)
				SetLoadedEditorAssemblies (1ms)
				RefreshPlugins (1ms)
				BeforeProcessingInitializeOnLoad (130ms)
				ProcessInitializeOnLoadAttributes (237ms)
				ProcessInitializeOnLoadMethodAttributes (30ms)
				AfterProcessingInitializeOnLoad (40ms)
				EditorAssembliesLoaded (0ms)
			ExecutionOrderSort2 (0ms)
			AwakeInstancesAfterBackupRestoration (12ms)
Platform modules already initialized, skipping
Refreshing native plugins compatible for Editor in 3.94 ms, found 3 plugins.
Preloading 0 native plugins for Editor in 0.00 ms.
Unloading 3800 Unused Serialized files (Serialized files now loaded: 0)
Unloading 24 unused Assets / (0.5 MB). Loaded Objects now: 4332.
Memory consumption went from 213.2 MB to 212.6 MB.
Total: 3.366800 ms (FindLiveObjects: 0.290500 ms CreateObjectMapping: 0.191700 ms MarkObjects: 2.685800 ms  DeleteObjects: 0.197500 ms)

AssetImportParameters requested are different than current active one (requested -> active):
  custom:video-decoder-ogg-theora: a1e56fd34408186e4bbccfd4996cb3dc -> 
  custom:container-muxer-webm: aa71ff27fc2769a1b78a27578f13a17b -> 
  custom:container-demuxer-webm: 4f35f7cbe854078d1ac9338744f61a02 -> 
  custom:video-encoder-webm-vp8: eb34c28f22e8b96e1ab97ce403110664 -> 
  custom:audio-encoder-webm-vorbis: bf7c407c2cedff20999df2af8eb42d56 -> 
  custom:framework-win-MediaFoundation: 216162199b28c13a410421893ffa2e32 -> 
  custom:container-demuxer-ogg: 62fdf1f143b41e24485cea50d1cbac27 -> 
  custom:video-decoder-webm-vp8: 9c59270c3fd7afecdb556c50c9e8de78 -> 
  custom:audio-decoder-ogg-vorbis: bf7c407c2cedff20999df2af8eb42d56 -> 
========================================================================
Received Prepare
Registering precompiled user dll's ...
Registered in 0.014689 seconds.
Begin MonoManager ReloadAssembly
Symbol file LoadedFromMemory doesn't match image C:\Users\HHH\Desktop\This-onetest-main\Library\PackageCache\com.unity.visualscripting@1.7.6\Editor\VisualScripting.Core\Dependencies\YamlDotNet\Unity.VisualScripting.YamlDotNet.dll
Symbol file LoadedFromMemory doesn't match image C:\Users\HHH\Desktop\This-onetest-main\Library\PackageCache\com.unity.visualscripting@1.7.6\Editor\VisualScripting.Core\Dependencies\DotNetZip\Unity.VisualScripting.IonicZip.dll
Native extension for WindowsStandalone target not found
Refreshing native plugins compatible for Editor in 0.74 ms, found 3 plugins.
Preloading 0 native plugins for Editor in 0.00 ms.
Mono: successfully reloaded assembly
- Completed reload, in  1.368 seconds
Domain Reload Profiling:
	ReloadAssembly (1369ms)
		BeginReloadAssembly (196ms)
			ExecutionOrderSort (0ms)
			DisableScriptedObjects (8ms)
			BackupInstance (0ms)
			ReleaseScriptingObjects (0ms)
			CreateAndSetChildDomain (32ms)
		EndReloadAssembly (1026ms)
			LoadAssemblies (139ms)
			RebuildTransferFunctionScriptingTraits (0ms)
			SetupTypeCache (285ms)
			ReleaseScriptCaches (1ms)
			RebuildScriptCaches (47ms)
			SetupLoadedEditorAssemblies (498ms)
				LogAssemblyErrors (0ms)
				InitializePlatformSupportModulesInManaged (18ms)
				SetLoadedEditorAssemblies (1ms)
				RefreshPlugins (1ms)
				BeforeProcessingInitializeOnLoad (134ms)
				ProcessInitializeOnLoadAttributes (275ms)
				ProcessInitializeOnLoadMethodAttributes (31ms)
				AfterProcessingInitializeOnLoad (40ms)
				EditorAssembliesLoaded (0ms)
			ExecutionOrderSort2 (0ms)
			AwakeInstancesAfterBackupRestoration (11ms)
Platform modules already initialized, skipping
Refreshing native plugins compatible for Editor in 4.48 ms, found 3 plugins.
Preloading 0 native plugins for Editor in 0.00 ms.
Unloading 3800 Unused Serialized files (Serialized files now loaded: 0)
Unloading 24 unused Assets / (0.5 MB). Loaded Objects now: 4334.
Memory consumption went from 213.2 MB to 212.6 MB.
Total: 3.942800 ms (FindLiveObjects: 0.374400 ms CreateObjectMapping: 0.255200 ms MarkObjects: 3.090400 ms  DeleteObjects: 0.221500 ms)

AssetImportParameters requested are different than current active one (requested -> active):
  custom:video-decoder-ogg-theora: a1e56fd34408186e4bbccfd4996cb3dc -> 
  custom:container-muxer-webm: aa71ff27fc2769a1b78a27578f13a17b -> 
  custom:container-demuxer-webm: 4f35f7cbe854078d1ac9338744f61a02 -> 
  custom:video-encoder-webm-vp8: eb34c28f22e8b96e1ab97ce403110664 -> 
  custom:audio-encoder-webm-vorbis: bf7c407c2cedff20999df2af8eb42d56 -> 
  custom:framework-win-MediaFoundation: 216162199b28c13a410421893ffa2e32 -> 
  custom:container-demuxer-ogg: 62fdf1f143b41e24485cea50d1cbac27 -> 
  custom:video-decoder-webm-vp8: 9c59270c3fd7afecdb556c50c9e8de78 -> 
  custom:audio-decoder-ogg-vorbis: bf7c407c2cedff20999df2af8eb42d56 -> 
========================================================================
Received Prepare
Registering precompiled user dll's ...
Registered in 0.014509 seconds.
Begin MonoManager ReloadAssembly
Symbol file LoadedFromMemory doesn't match image C:\Users\HHH\Desktop\This-onetest-main\Library\PackageCache\com.unity.visualscripting@1.7.6\Editor\VisualScripting.Core\Dependencies\YamlDotNet\Unity.VisualScripting.YamlDotNet.dll
Symbol file LoadedFromMemory doesn't match image C:\Users\HHH\Desktop\This-onetest-main\Library\PackageCache\com.unity.visualscripting@1.7.6\Editor\VisualScripting.Core\Dependencies\DotNetZip\Unity.VisualScripting.IonicZip.dll
Native extension for WindowsStandalone target not found
Refreshing native plugins compatible for Editor in 0.70 ms, found 3 plugins.
Preloading 0 native plugins for Editor in 0.00 ms.
Mono: successfully reloaded assembly
- Completed reload, in  1.321 seconds
Domain Reload Profiling:
	ReloadAssembly (1322ms)
		BeginReloadAssembly (191ms)
			ExecutionOrderSort (0ms)
			DisableScriptedObjects (5ms)
			BackupInstance (0ms)
			ReleaseScriptingObjects (0ms)
			CreateAndSetChildDomain (37ms)
		EndReloadAssembly (986ms)
			LoadAssemblies (136ms)
			RebuildTransferFunctionScriptingTraits (0ms)
			SetupTypeCache (301ms)
			ReleaseScriptCaches (2ms)
			RebuildScriptCaches (52ms)
			SetupLoadedEditorAssemblies (446ms)
				LogAssemblyErrors (0ms)
				InitializePlatformSupportModulesInManaged (20ms)
				SetLoadedEditorAssemblies (1ms)
				RefreshPlugins (1ms)
				BeforeProcessingInitializeOnLoad (129ms)
				ProcessInitializeOnLoadAttributes (228ms)
				ProcessInitializeOnLoadMethodAttributes (27ms)
				AfterProcessingInitializeOnLoad (41ms)
				EditorAssembliesLoaded (0ms)
			ExecutionOrderSort2 (0ms)
			AwakeInstancesAfterBackupRestoration (11ms)
Platform modules already initialized, skipping
Refreshing native plugins compatible for Editor in 3.53 ms, found 3 plugins.
Preloading 0 native plugins for Editor in 0.00 ms.
Unloading 3800 Unused Serialized files (Serialized files now loaded: 0)
Unloading 24 unused Assets / (0.5 MB). Loaded Objects now: 4336.
Memory consumption went from 213.2 MB to 212.6 MB.
Total: 2.829900 ms (FindLiveObjects: 0.318700 ms CreateObjectMapping: 0.223600 ms MarkObjects: 2.115700 ms  DeleteObjects: 0.170500 ms)

AssetImportParameters requested are different than current active one (requested -> active):
  custom:video-decoder-ogg-theora: a1e56fd34408186e4bbccfd4996cb3dc -> 
  custom:container-muxer-webm: aa71ff27fc2769a1b78a27578f13a17b -> 
  custom:container-demuxer-webm: 4f35f7cbe854078d1ac9338744f61a02 -> 
  custom:video-encoder-webm-vp8: eb34c28f22e8b96e1ab97ce403110664 -> 
  custom:audio-encoder-webm-vorbis: bf7c407c2cedff20999df2af8eb42d56 -> 
  custom:framework-win-MediaFoundation: 216162199b28c13a410421893ffa2e32 -> 
  custom:container-demuxer-ogg: 62fdf1f143b41e24485cea50d1cbac27 -> 
  custom:video-decoder-webm-vp8: 9c59270c3fd7afecdb556c50c9e8de78 -> 
  custom:audio-decoder-ogg-vorbis: bf7c407c2cedff20999df2af8eb42d56 -> 
========================================================================
Received Import Request.
  Time since last request: 30.638439 seconds.
  path: Assets/PostProcessing/Utilities/CustomMotionTexture/ExampleScene.unity
  artifactKey: Guid(ed3a9f41209f84f6db99e07013da9628) Importer(815301076,1909f56bfc062723c751e8b465ee728b)
Start importing Assets/PostProcessing/Utilities/CustomMotionTexture/ExampleScene.unity using Guid(ed3a9f41209f84f6db99e07013da9628) Importer(815301076,1909f56bfc062723c751e8b465ee728b)  -> (artifact id: '16b1025b9f4436d90fb6fd49cd3538aa') in 0.007366 seconds 
========================================================================
Received Prepare
Registering precompiled user dll's ...
Registered in 0.013980 seconds.
Begin MonoManager ReloadAssembly
Symbol file LoadedFromMemory doesn't match image C:\Users\HHH\Desktop\This-onetest-main\Library\PackageCache\com.unity.visualscripting@1.7.6\Editor\VisualScripting.Core\Dependencies\YamlDotNet\Unity.VisualScripting.YamlDotNet.dll
Symbol file LoadedFromMemory doesn't match image C:\Users\HHH\Desktop\This-onetest-main\Library\PackageCache\com.unity.visualscripting@1.7.6\Editor\VisualScripting.Core\Dependencies\DotNetZip\Unity.VisualScripting.IonicZip.dll
Native extension for WindowsStandalone target not found
Refreshing native plugins compatible for Editor in 0.71 ms, found 3 plugins.
Preloading 0 native plugins for Editor in 0.00 ms.
Mono: successfully reloaded assembly
- Completed reload, in  1.363 seconds
Domain Reload Profiling:
	ReloadAssembly (1363ms)
		BeginReloadAssembly (231ms)
			ExecutionOrderSort (0ms)
			DisableScriptedObjects (6ms)
			BackupInstance (0ms)
			ReleaseScriptingObjects (0ms)
			CreateAndSetChildDomain (41ms)
		EndReloadAssembly (955ms)
			LoadAssemblies (171ms)
			RebuildTransferFunctionScriptingTraits (0ms)
			SetupTypeCache (285ms)
			ReleaseScriptCaches (1ms)
			RebuildScriptCaches (56ms)
			SetupLoadedEditorAssemblies (415ms)
				LogAssemblyErrors (0ms)
				InitializePlatformSupportModulesInManaged (18ms)
				SetLoadedEditorAssemblies (0ms)
				RefreshPlugins (1ms)
				BeforeProcessingInitializeOnLoad (113ms)
				ProcessInitializeOnLoadAttributes (219ms)
				ProcessInitializeOnLoadMethodAttributes (27ms)
				AfterProcessingInitializeOnLoad (36ms)
				EditorAssembliesLoaded (0ms)
			ExecutionOrderSort2 (0ms)
			AwakeInstancesAfterBackupRestoration (11ms)
Platform modules already initialized, skipping
Refreshing native plugins compatible for Editor in 3.56 ms, found 3 plugins.
Preloading 0 native plugins for Editor in 0.00 ms.
Unloading 3800 Unused Serialized files (Serialized files now loaded: 0)
Unloading 24 unused Assets / (0.5 MB). Loaded Objects now: 4338.
Memory consumption went from 213.2 MB to 212.6 MB.
Total: 2.926800 ms (FindLiveObjects: 0.326700 ms CreateObjectMapping: 0.217300 ms MarkObjects: 2.124600 ms  DeleteObjects: 0.257200 ms)

AssetImportParameters requested are different than current active one (requested -> active):
  custom:video-decoder-ogg-theora: a1e56fd34408186e4bbccfd4996cb3dc -> 
  custom:container-muxer-webm: aa71ff27fc2769a1b78a27578f13a17b -> 
  custom:container-demuxer-webm: 4f35f7cbe854078d1ac9338744f61a02 -> 
  custom:video-encoder-webm-vp8: eb34c28f22e8b96e1ab97ce403110664 -> 
  custom:audio-encoder-webm-vorbis: bf7c407c2cedff20999df2af8eb42d56 -> 
  custom:framework-win-MediaFoundation: 216162199b28c13a410421893ffa2e32 -> 
  custom:container-demuxer-ogg: 62fdf1f143b41e24485cea50d1cbac27 -> 
  custom:video-decoder-webm-vp8: 9c59270c3fd7afecdb556c50c9e8de78 -> 
  custom:audio-decoder-ogg-vorbis: bf7c407c2cedff20999df2af8eb42d56 -> 
========================================================================
Received Import Request.
  Time since last request: 24.507306 seconds.
  path: Assets/PostProcessing/Utilities/CustomMotionTexture/CustomMotionVectorDebugProfile.asset
  artifactKey: Guid(d982e879ff67b4d3fb6522d08c3cd5af) Importer(815301076,1909f56bfc062723c751e8b465ee728b)
Start importing Assets/PostProcessing/Utilities/CustomMotionTexture/CustomMotionVectorDebugProfile.asset using Guid(d982e879ff67b4d3fb6522d08c3cd5af) Importer(815301076,1909f56bfc062723c751e8b465ee728b)  -> (artifact id: 'd3513dd123ca028fef3196485bf950d7') in 0.029959 seconds 
========================================================================
Received Prepare
Registering precompiled user dll's ...
Registered in 0.014350 seconds.
Begin MonoManager ReloadAssembly
Symbol file LoadedFromMemory doesn't match image C:\Users\HHH\Desktop\This-onetest-main\Library\PackageCache\com.unity.visualscripting@1.7.6\Editor\VisualScripting.Core\Dependencies\YamlDotNet\Unity.VisualScripting.YamlDotNet.dll
Symbol file LoadedFromMemory doesn't match image C:\Users\HHH\Desktop\This-onetest-main\Library\PackageCache\com.unity.visualscripting@1.7.6\Editor\VisualScripting.Core\Dependencies\DotNetZip\Unity.VisualScripting.IonicZip.dll
Native extension for WindowsStandalone target not found
Refreshing native plugins compatible for Editor in 0.69 ms, found 3 plugins.
Preloading 0 native plugins for Editor in 0.00 ms.
Mono: successfully reloaded assembly
- Completed reload, in  1.336 seconds
Domain Reload Profiling:
	ReloadAssembly (1336ms)
		BeginReloadAssembly (196ms)
			ExecutionOrderSort (0ms)
			DisableScriptedObjects (7ms)
			BackupInstance (0ms)
			ReleaseScriptingObjects (0ms)
			CreateAndSetChildDomain (37ms)
		EndReloadAssembly (975ms)
			LoadAssemblies (145ms)
			RebuildTransferFunctionScriptingTraits (0ms)
			SetupTypeCache (276ms)
			ReleaseScriptCaches (1ms)
			RebuildScriptCaches (39ms)
			SetupLoadedEditorAssemblies (470ms)
				LogAssemblyErrors (0ms)
				InitializePlatformSupportModulesInManaged (17ms)
				SetLoadedEditorAssemblies (1ms)
				RefreshPlugins (1ms)
				BeforeProcessingInitializeOnLoad (168ms)
				ProcessInitializeOnLoadAttributes (220ms)
				ProcessInitializeOnLoadMethodAttributes (26ms)
				AfterProcessingInitializeOnLoad (38ms)
				EditorAssembliesLoaded (0ms)
			ExecutionOrderSort2 (0ms)
			AwakeInstancesAfterBackupRestoration (13ms)
Platform modules already initialized, skipping
Refreshing native plugins compatible for Editor in 3.69 ms, found 3 plugins.
Preloading 0 native plugins for Editor in 0.00 ms.
Unloading 3800 Unused Serialized files (Serialized files now loaded: 0)
Unloading 24 unused Assets / (0.5 MB). Loaded Objects now: 4340.
Memory consumption went from 213.2 MB to 212.7 MB.
Total: 2.992600 ms (FindLiveObjects: 0.317800 ms CreateObjectMapping: 0.217700 ms MarkObjects: 2.243700 ms  DeleteObjects: 0.212600 ms)

AssetImportParameters requested are different than current active one (requested -> active):
  custom:video-decoder-ogg-theora: a1e56fd34408186e4bbccfd4996cb3dc -> 
  custom:container-muxer-webm: aa71ff27fc2769a1b78a27578f13a17b -> 
  custom:container-demuxer-webm: 4f35f7cbe854078d1ac9338744f61a02 -> 
  custom:video-encoder-webm-vp8: eb34c28f22e8b96e1ab97ce403110664 -> 
  custom:audio-encoder-webm-vorbis: bf7c407c2cedff20999df2af8eb42d56 -> 
  custom:framework-win-MediaFoundation: 216162199b28c13a410421893ffa2e32 -> 
  custom:container-demuxer-ogg: 62fdf1f143b41e24485cea50d1cbac27 -> 
  custom:video-decoder-webm-vp8: 9c59270c3fd7afecdb556c50c9e8de78 -> 
  custom:audio-decoder-ogg-vorbis: bf7c407c2cedff20999df2af8eb42d56 -> 
========================================================================
Received Prepare
Registering precompiled user dll's ...
Registered in 0.016083 seconds.
Begin MonoManager ReloadAssembly
Symbol file LoadedFromMemory doesn't match image C:\Users\HHH\Desktop\This-onetest-main\Library\PackageCache\com.unity.visualscripting@1.7.6\Editor\VisualScripting.Core\Dependencies\YamlDotNet\Unity.VisualScripting.YamlDotNet.dll
Symbol file LoadedFromMemory doesn't match image C:\Users\HHH\Desktop\This-onetest-main\Library\PackageCache\com.unity.visualscripting@1.7.6\Editor\VisualScripting.Core\Dependencies\DotNetZip\Unity.VisualScripting.IonicZip.dll
Native extension for WindowsStandalone target not found
Refreshing native plugins compatible for Editor in 0.85 ms, found 3 plugins.
Preloading 0 native plugins for Editor in 0.00 ms.
Mono: successfully reloaded assembly
- Completed reload, in  1.365 seconds
Domain Reload Profiling:
	ReloadAssembly (1366ms)
		BeginReloadAssembly (188ms)
			ExecutionOrderSort (0ms)
			DisableScriptedObjects (5ms)
			BackupInstance (0ms)
			ReleaseScriptingObjects (0ms)
			CreateAndSetChildDomain (34ms)
		EndReloadAssembly (1030ms)
			LoadAssemblies (134ms)
			RebuildTransferFunctionScriptingTraits (0ms)
			SetupTypeCache (350ms)
			ReleaseScriptCaches (2ms)
			RebuildScriptCaches (51ms)
			SetupLoadedEditorAssemblies (429ms)
				LogAssemblyErrors (0ms)
				InitializePlatformSupportModulesInManaged (18ms)
				SetLoadedEditorAssemblies (1ms)
				RefreshPlugins (1ms)
				BeforeProcessingInitializeOnLoad (124ms)
				ProcessInitializeOnLoadAttributes (219ms)
				ProcessInitializeOnLoadMethodAttributes (25ms)
				AfterProcessingInitializeOnLoad (40ms)
				EditorAssembliesLoaded (0ms)
			ExecutionOrderSort2 (0ms)
			AwakeInstancesAfterBackupRestoration (12ms)
Platform modules already initialized, skipping
Refreshing native plugins compatible for Editor in 3.95 ms, found 3 plugins.
Preloading 0 native plugins for Editor in 0.00 ms.
Unloading 3808 Unused Serialized files (Serialized files now loaded: 0)
Unloading 24 unused Assets / (0.5 MB). Loaded Objects now: 4350.
Memory consumption went from 213.4 MB to 212.9 MB.
Total: 2.993700 ms (FindLiveObjects: 0.319200 ms CreateObjectMapping: 0.252800 ms MarkObjects: 2.218800 ms  DeleteObjects: 0.201800 ms)

AssetImportParameters requested are different than current active one (requested -> active):
  custom:video-decoder-ogg-theora: a1e56fd34408186e4bbccfd4996cb3dc -> 
  custom:container-muxer-webm: aa71ff27fc2769a1b78a27578f13a17b -> 
  custom:container-demuxer-webm: 4f35f7cbe854078d1ac9338744f61a02 -> 
  custom:video-encoder-webm-vp8: eb34c28f22e8b96e1ab97ce403110664 -> 
  custom:audio-encoder-webm-vorbis: bf7c407c2cedff20999df2af8eb42d56 -> 
  custom:framework-win-MediaFoundation: 216162199b28c13a410421893ffa2e32 -> 
  custom:container-demuxer-ogg: 62fdf1f143b41e24485cea50d1cbac27 -> 
  custom:video-decoder-webm-vp8: 9c59270c3fd7afecdb556c50c9e8de78 -> 
  custom:audio-decoder-ogg-vorbis: bf7c407c2cedff20999df2af8eb42d56 -> 
========================================================================
Received Import Request.
  Time since last request: 1131.437700 seconds.
  path: Assets/Scenes/Scene01.unity
  artifactKey: Guid(16abd53670ce44a59a37b5c975185be1) Importer(815301076,1909f56bfc062723c751e8b465ee728b)
Start importing Assets/Scenes/Scene01.unity using Guid(16abd53670ce44a59a37b5c975185be1) Importer(815301076,1909f56bfc062723c751e8b465ee728b)  -> (artifact id: 'dc434508681a96939833a99e6a05be64') in 0.006868 seconds 
========================================================================
Received Prepare
Registering precompiled user dll's ...
Registered in 0.013720 seconds.
Begin MonoManager ReloadAssembly
Symbol file LoadedFromMemory doesn't match image C:\Users\HHH\Desktop\This-onetest-main\Library\PackageCache\com.unity.visualscripting@1.7.6\Editor\VisualScripting.Core\Dependencies\YamlDotNet\Unity.VisualScripting.YamlDotNet.dll
Symbol file LoadedFromMemory doesn't match image C:\Users\HHH\Desktop\This-onetest-main\Library\PackageCache\com.unity.visualscripting@1.7.6\Editor\VisualScripting.Core\Dependencies\DotNetZip\Unity.VisualScripting.IonicZip.dll
Native extension for WindowsStandalone target not found
Refreshing native plugins compatible for Editor in 0.92 ms, found 3 plugins.
Preloading 0 native plugins for Editor in 0.00 ms.
Mono: successfully reloaded assembly
- Completed reload, in  1.420 seconds
Domain Reload Profiling:
	ReloadAssembly (1421ms)
		BeginReloadAssembly (225ms)
			ExecutionOrderSort (0ms)
			DisableScriptedObjects (6ms)
			BackupInstance (0ms)
			ReleaseScriptingObjects (0ms)
			CreateAndSetChildDomain (41ms)
		EndReloadAssembly (1022ms)
			LoadAssemblies (168ms)
			RebuildTransferFunctionScriptingTraits (0ms)
			SetupTypeCache (318ms)
			ReleaseScriptCaches (2ms)
			RebuildScriptCaches (53ms)
			SetupLoadedEditorAssemblies (445ms)
				LogAssemblyErrors (0ms)
				InitializePlatformSupportModulesInManaged (19ms)
				SetLoadedEditorAssemblies (0ms)
				RefreshPlugins (1ms)
				BeforeProcessingInitializeOnLoad (132ms)
				ProcessInitializeOnLoadAttributes (230ms)
				ProcessInitializeOnLoadMethodAttributes (24ms)
				AfterProcessingInitializeOnLoad (38ms)
				EditorAssembliesLoaded (0ms)
			ExecutionOrderSort2 (0ms)
			AwakeInstancesAfterBackupRestoration (11ms)
Platform modules already initialized, skipping
Refreshing native plugins compatible for Editor in 3.63 ms, found 3 plugins.
Preloading 0 native plugins for Editor in 0.00 ms.
Unloading 3808 Unused Serialized files (Serialized files now loaded: 0)
Unloading 24 unused Assets / (0.5 MB). Loaded Objects now: 4352.
Memory consumption went from 213.4 MB to 212.9 MB.
Total: 2.880200 ms (FindLiveObjects: 0.318400 ms CreateObjectMapping: 0.197500 ms MarkObjects: 2.182500 ms  DeleteObjects: 0.180600 ms)

AssetImportParameters requested are different than current active one (requested -> active):
  custom:video-decoder-ogg-theora: a1e56fd34408186e4bbccfd4996cb3dc -> 
  custom:container-muxer-webm: aa71ff27fc2769a1b78a27578f13a17b -> 
  custom:container-demuxer-webm: 4f35f7cbe854078d1ac9338744f61a02 -> 
  custom:video-encoder-webm-vp8: eb34c28f22e8b96e1ab97ce403110664 -> 
  custom:audio-encoder-webm-vorbis: bf7c407c2cedff20999df2af8eb42d56 -> 
  custom:framework-win-MediaFoundation: 216162199b28c13a410421893ffa2e32 -> 
  custom:container-demuxer-ogg: 62fdf1f143b41e24485cea50d1cbac27 -> 
  custom:video-decoder-webm-vp8: 9c59270c3fd7afecdb556c50c9e8de78 -> 
  custom:audio-decoder-ogg-vorbis: bf7c407c2cedff20999df2af8eb42d56 -> 
========================================================================
Received Prepare
Registering precompiled user dll's ...
Registered in 0.015762 seconds.
Begin MonoManager ReloadAssembly
Symbol file LoadedFromMemory doesn't match image C:\Users\HHH\Desktop\This-onetest-main\Library\PackageCache\com.unity.visualscripting@1.7.6\Editor\VisualScripting.Core\Dependencies\YamlDotNet\Unity.VisualScripting.YamlDotNet.dll
Symbol file LoadedFromMemory doesn't match image C:\Users\HHH\Desktop\This-onetest-main\Library\PackageCache\com.unity.visualscripting@1.7.6\Editor\VisualScripting.Core\Dependencies\DotNetZip\Unity.VisualScripting.IonicZip.dll
Native extension for WindowsStandalone target not found
Refreshing native plugins compatible for Editor in 0.72 ms, found 3 plugins.
Preloading 0 native plugins for Editor in 0.00 ms.
Mono: successfully reloaded assembly
- Completed reload, in  1.262 seconds
Domain Reload Profiling:
	ReloadAssembly (1263ms)
		BeginReloadAssembly (196ms)
			ExecutionOrderSort (0ms)
			DisableScriptedObjects (5ms)
			BackupInstance (0ms)
			ReleaseScriptingObjects (0ms)
			CreateAndSetChildDomain (33ms)
		EndReloadAssembly (908ms)
			LoadAssemblies (150ms)
			RebuildTransferFunctionScriptingTraits (0ms)
			SetupTypeCache (264ms)
			ReleaseScriptCaches (1ms)
			RebuildScriptCaches (47ms)
			SetupLoadedEditorAssemblies (404ms)
				LogAssemblyErrors (0ms)
				InitializePlatformSupportModulesInManaged (19ms)
				SetLoadedEditorAssemblies (0ms)
				RefreshPlugins (1ms)
				BeforeProcessingInitializeOnLoad (117ms)
				ProcessInitializeOnLoadAttributes (203ms)
				ProcessInitializeOnLoadMethodAttributes (28ms)
				AfterProcessingInitializeOnLoad (37ms)
				EditorAssembliesLoaded (0ms)
			ExecutionOrderSort2 (0ms)
			AwakeInstancesAfterBackupRestoration (12ms)
Platform modules already initialized, skipping
Refreshing native plugins compatible for Editor in 3.50 ms, found 3 plugins.
Preloading 0 native plugins for Editor in 0.00 ms.
Unloading 3808 Unused Serialized files (Serialized files now loaded: 0)
Unloading 24 unused Assets / (0.5 MB). Loaded Objects now: 4354.
Memory consumption went from 213.4 MB to 212.9 MB.
Total: 2.761500 ms (FindLiveObjects: 0.309900 ms CreateObjectMapping: 0.182200 ms MarkObjects: 2.097000 ms  DeleteObjects: 0.171600 ms)

AssetImportParameters requested are different than current active one (requested -> active):
  custom:video-decoder-ogg-theora: a1e56fd34408186e4bbccfd4996cb3dc -> 
  custom:container-muxer-webm: aa71ff27fc2769a1b78a27578f13a17b -> 
  custom:container-demuxer-webm: 4f35f7cbe854078d1ac9338744f61a02 -> 
  custom:video-encoder-webm-vp8: eb34c28f22e8b96e1ab97ce403110664 -> 
  custom:audio-encoder-webm-vorbis: bf7c407c2cedff20999df2af8eb42d56 -> 
  custom:framework-win-MediaFoundation: 216162199b28c13a410421893ffa2e32 -> 
  custom:container-demuxer-ogg: 62fdf1f143b41e24485cea50d1cbac27 -> 
  custom:video-decoder-webm-vp8: 9c59270c3fd7afecdb556c50c9e8de78 -> 
  custom:audio-decoder-ogg-vorbis: bf7c407c2cedff20999df2af8eb42d56 -> 
========================================================================
Received Import Request.
  Time since last request: 65.445204 seconds.
  path: Assets/All Assets/Simple Fantasy GUI/PNG/Character Bar/Health.png
  artifactKey: Guid(2927e1d7d646af8459f2898fc4fce62b) Importer(815301076,1909f56bfc062723c751e8b465ee728b)
Start importing Assets/All Assets/Simple Fantasy GUI/PNG/Character Bar/Health.png using Guid(2927e1d7d646af8459f2898fc4fce62b) Importer(815301076,1909f56bfc062723c751e8b465ee728b)  -> (artifact id: 'f7b3f4ef3e1ef3e4c9b7f603f662cb9f') in 0.143439 seconds 
========================================================================
Received Import Request.
  Time since last request: 0.000016 seconds.
  path: Assets/All Assets/Simple Fantasy GUI/PNG/Login Panel/LoginButton_Pressed.png
  artifactKey: Guid(b75aa2349cb309240afa0694dffe6027) Importer(815301076,1909f56bfc062723c751e8b465ee728b)
Start importing Assets/All Assets/Simple Fantasy GUI/PNG/Login Panel/LoginButton_Pressed.png using Guid(b75aa2349cb309240afa0694dffe6027) Importer(815301076,1909f56bfc062723c751e8b465ee728b)  -> (artifact id: 'af5f55c2f2e90b342f98534d2df8bc07') in 0.016400 seconds 
========================================================================
Received Import Request.
  Time since last request: 0.000024 seconds.
  path: Assets/All Assets/Tiny RPG Forest/Artwork/sprites/mole/walk/mole-walk-back/mole-walk-back-1.png
  artifactKey: Guid(74e87f172e20d4e2395c7cc5c70f5431) Importer(815301076,1909f56bfc062723c751e8b465ee728b)
Start importing Assets/All Assets/Tiny RPG Forest/Artwork/sprites/mole/walk/mole-walk-back/mole-walk-back-1.png using Guid(74e87f172e20d4e2395c7cc5c70f5431) Importer(815301076,1909f56bfc062723c751e8b465ee728b)  -> (artifact id: '92735611da10808cfc27f18ea75a84d5') in 0.016142 seconds 
========================================================================
Received Import Request.
  Time since last request: 0.000023 seconds.
  path: Assets/All Assets/Tiny RPG Forest/Artwork/sprites/mole/idle/mole-idle-side.png
  artifactKey: Guid(a52d43b4ff4dc4dfb99b796681f175fb) Importer(815301076,1909f56bfc062723c751e8b465ee728b)
Start importing Assets/All Assets/Tiny RPG Forest/Artwork/sprites/mole/idle/mole-idle-side.png using Guid(a52d43b4ff4dc4dfb99b796681f175fb) Importer(815301076,1909f56bfc062723c751e8b465ee728b)  -> (artifact id: '9d6494a76d14b238e84693f290ebe8a8') in 0.013418 seconds 
========================================================================
Received Import Request.
  Time since last request: 0.000023 seconds.
  path: Assets/All Assets/Tiny RPG Forest/Artwork/sprites/hero/walk/hero-walk-side-filp/hero-walk-side-2.png
  artifactKey: Guid(7341db3ed24544961a6e2feaab0e7ffa) Importer(815301076,1909f56bfc062723c751e8b465ee728b)
Start importing Assets/All Assets/Tiny RPG Forest/Artwork/sprites/hero/walk/hero-walk-side-filp/hero-walk-side-2.png using Guid(7341db3ed24544961a6e2feaab0e7ffa) Importer(815301076,1909f56bfc062723c751e8b465ee728b)  -> (artifact id: '3ac1a5c54c60b77b32927ebaa44a3c6a') in 0.014373 seconds 
========================================================================
Received Import Request.
  Time since last request: 0.000017 seconds.
  path: Assets/All Assets/Tiny RPG Forest/Artwork/sprites/hero/walk/hero-walk-side-filp/hero-walk-side-4.png
  artifactKey: Guid(1135b38f7043b47cfb58b1f48c2cd99f) Importer(815301076,1909f56bfc062723c751e8b465ee728b)
Start importing Assets/All Assets/Tiny RPG Forest/Artwork/sprites/hero/walk/hero-walk-side-filp/hero-walk-side-4.png using Guid(1135b38f7043b47cfb58b1f48c2cd99f) Importer(815301076,1909f56bfc062723c751e8b465ee728b)  -> (artifact id: 'b5202cfddedde8fdb2dbd91a114bee37') in 0.013180 seconds 
========================================================================
Received Import Request.
  Time since last request: 0.000023 seconds.
  path: Assets/All Assets/Tiny RPG Forest/Artwork/sprites/hero/walk/hero-walk-side-filp/hero-walk-side-6.png
  artifactKey: Guid(c39a5e4b43eed4bed8930d4ca178385d) Importer(815301076,1909f56bfc062723c751e8b465ee728b)
Start importing Assets/All Assets/Tiny RPG Forest/Artwork/sprites/hero/walk/hero-walk-side-filp/hero-walk-side-6.png using Guid(c39a5e4b43eed4bed8930d4ca178385d) Importer(815301076,1909f56bfc062723c751e8b465ee728b)  -> (artifact id: 'cacd14544071cb1afe4444940897d4a8') in 0.014073 seconds 
========================================================================
Received Import Request.
  Time since last request: 0.000031 seconds.
  path: Assets/All Assets/Simple Fantasy GUI/PSD/Loading_Bar.psd
  artifactKey: Guid(39667442e7d98e44e8d427024b12deee) Importer(815301076,1909f56bfc062723c751e8b465ee728b)
Start importing Assets/All Assets/Simple Fantasy GUI/PSD/Loading_Bar.psd using Guid(39667442e7d98e44e8d427024b12deee) Importer(815301076,1909f56bfc062723c751e8b465ee728b)  -> (artifact id: 'f5d7fb1e4421160334def1cbb170854f') in 0.057351 seconds 
========================================================================
Received Import Request.
  Time since last request: 0.000017 seconds.
  path: Assets/All Assets/Simple Fantasy GUI/PSD/Login_Bar.psd
  artifactKey: Guid(b75bc05bb9ed9b04891e759dc5d219e1) Importer(815301076,1909f56bfc062723c751e8b465ee728b)
Start importing Assets/All Assets/Simple Fantasy GUI/PSD/Login_Bar.psd using Guid(b75bc05bb9ed9b04891e759dc5d219e1) Importer(815301076,1909f56bfc062723c751e8b465ee728b)  -> (artifact id: 'ab70938ce9803f97bba127538540b485') in 0.031842 seconds 
========================================================================
Received Import Request.
  Time since last request: 0.000034 seconds.
  path: Assets/All Assets/Tiny RPG Forest/Artwork/sprites/hero/walk/hero-walk-back/hero-walk-back-4.png
  artifactKey: Guid(2a39d1b36efff405c9fa9eea030081b5) Importer(815301076,1909f56bfc062723c751e8b465ee728b)
Start importing Assets/All Assets/Tiny RPG Forest/Artwork/sprites/hero/walk/hero-walk-back/hero-walk-back-4.png using Guid(2a39d1b36efff405c9fa9eea030081b5) Importer(815301076,1909f56bfc062723c751e8b465ee728b)  -> (artifact id: '5c27e15f2fbeb9e279769d6a58158a01') in 0.015751 seconds 
========================================================================
Received Import Request.
  Time since last request: 0.000019 seconds.
  path: Assets/All Assets/Tiny RPG Forest/Artwork/sprites/hero/walk/hero-walk-side-filp/hero-walk-side-5.png
  artifactKey: Guid(00a182fdd03614af49d07af744a0967f) Importer(815301076,1909f56bfc062723c751e8b465ee728b)
Start importing Assets/All Assets/Tiny RPG Forest/Artwork/sprites/hero/walk/hero-walk-side-filp/hero-walk-side-5.png using Guid(00a182fdd03614af49d07af744a0967f) Importer(815301076,1909f56bfc062723c751e8b465ee728b)  -> (artifact id: 'da953bd7468172783b569cfb2effe161') in 0.012360 seconds 
========================================================================
Received Import Request.
  Time since last request: 0.000024 seconds.
  path: Assets/All Assets/Simple Fantasy GUI/PNG/Login Panel/Login_Box.png
  artifactKey: Guid(df1945708fc4d6742b37268ae519a4b1) Importer(815301076,1909f56bfc062723c751e8b465ee728b)
Start importing Assets/All Assets/Simple Fantasy GUI/PNG/Login Panel/Login_Box.png using Guid(df1945708fc4d6742b37268ae519a4b1) Importer(815301076,1909f56bfc062723c751e8b465ee728b)  -> (artifact id: '20524b17edff5e86f882fdf6eb8cba99') in 0.024426 seconds 
========================================================================
Received Import Request.
  Time since last request: 0.000025 seconds.
  path: Assets/All Assets/Tiny RPG Forest/Artwork/sprites/hero/attack-weapon/hero-attack-front/hero-attack-front-weapon-3.png
  artifactKey: Guid(79e8ab09581164230b48e34a040d92ef) Importer(815301076,1909f56bfc062723c751e8b465ee728b)
Start importing Assets/All Assets/Tiny RPG Forest/Artwork/sprites/hero/attack-weapon/hero-attack-front/hero-attack-front-weapon-3.png using Guid(79e8ab09581164230b48e34a040d92ef) Importer(815301076,1909f56bfc062723c751e8b465ee728b)  -> (artifact id: 'a3441fcb479d7fcd492086c6c03b0f70') in 0.013983 seconds 
========================================================================
Received Import Request.
  Time since last request: 0.000017 seconds.
  path: Assets/All Assets/Simple Fantasy GUI/PNG/Menu Panel/Menu_Box.png
  artifactKey: Guid(5b0afe43a1982124fb85c8003a2dea2b) Importer(815301076,1909f56bfc062723c751e8b465ee728b)
Start importing Assets/All Assets/Simple Fantasy GUI/PNG/Menu Panel/Menu_Box.png using Guid(5b0afe43a1982124fb85c8003a2dea2b) Importer(815301076,1909f56bfc062723c751e8b465ee728b)  -> (artifact id: '8bc37cace2b6d560106705f14f505355') in 0.024281 seconds 
========================================================================
Received Import Request.
  Time since last request: 0.000019 seconds.
  path: Assets/All Assets/Tiny RPG Forest/Artwork/sprites/hero/attack/hero-attack-front/hero-attack-front-2.png
  artifactKey: Guid(eef3b797d962d47419f4db6cf5144059) Importer(815301076,1909f56bfc062723c751e8b465ee728b)
Start importing Assets/All Assets/Tiny RPG Forest/Artwork/sprites/hero/attack/hero-attack-front/hero-attack-front-2.png using Guid(eef3b797d962d47419f4db6cf5144059) Importer(815301076,1909f56bfc062723c751e8b465ee728b)  -> (artifact id: '6a6eced372cd7c30a58e9c1aac7c2281') in 0.012351 seconds 
========================================================================
Received Import Request.
  Time since last request: 0.000029 seconds.
  path: Assets/All Assets/Tiny RPG Forest/Artwork/sprites/hero/attack/hero-attack-front/hero-attack-front-1.png
  artifactKey: Guid(3fee1b456a31145079dfa677bd981ed4) Importer(815301076,1909f56bfc062723c751e8b465ee728b)
Start importing Assets/All Assets/Tiny RPG Forest/Artwork/sprites/hero/attack/hero-attack-front/hero-attack-front-1.png using Guid(3fee1b456a31145079dfa677bd981ed4) Importer(815301076,1909f56bfc062723c751e8b465ee728b)  -> (artifact id: '3b2b9333c4b87f892c169f944b67d882') in 0.012948 seconds 
========================================================================
Received Import Request.
  Time since last request: 0.000024 seconds.
  path: Assets/All Assets/Tiny RPG Forest/Artwork/sprites/hero/walk/hero-walk-side/hero-walk-side-4.png
  artifactKey: Guid(82de06744ccd74b2cb215461eafffad7) Importer(815301076,1909f56bfc062723c751e8b465ee728b)
Start importing Assets/All Assets/Tiny RPG Forest/Artwork/sprites/hero/walk/hero-walk-side/hero-walk-side-4.png using Guid(82de06744ccd74b2cb215461eafffad7) Importer(815301076,1909f56bfc062723c751e8b465ee728b)  -> (artifact id: '7990f69259543240580f07abfcdc61f3') in 0.015168 seconds 
========================================================================
Received Import Request.
  Time since last request: 0.000024 seconds.
  path: Assets/All Assets/Simple Fantasy GUI/PNG/Inventory/Inventory_Slot.png
  artifactKey: Guid(70c500e3f9a702743946d084c36b42c6) Importer(815301076,1909f56bfc062723c751e8b465ee728b)
Start importing Assets/All Assets/Simple Fantasy GUI/PNG/Inventory/Inventory_Slot.png using Guid(70c500e3f9a702743946d084c36b42c6) Importer(815301076,1909f56bfc062723c751e8b465ee728b)  -> (artifact id: 'a494e7fd2f0830cde2d805f892c13865') in 0.020953 seconds 
========================================================================
Received Import Request.
  Time since last request: 0.000030 seconds.
  path: Assets/All Assets/Tiny RPG Forest/Artwork/sprites/hero/walk/hero-walk-back/hero-walk-back-5.png
  artifactKey: Guid(b6e0510b98b514e078dd461313dcd347) Importer(815301076,1909f56bfc062723c751e8b465ee728b)
Start importing Assets/All Assets/Tiny RPG Forest/Artwork/sprites/hero/walk/hero-walk-back/hero-walk-back-5.png using Guid(b6e0510b98b514e078dd461313dcd347) Importer(815301076,1909f56bfc062723c751e8b465ee728b)  -> (artifact id: '330e0c87ff9be6dd956a6a0b0a76358d') in 0.017494 seconds 
========================================================================
Received Import Request.
  Time since last request: 0.000192 seconds.
  path: Assets/All Assets/Tiny RPG Forest/Artwork/sprites/hero/walk/hero-walk-front/hero-walk-front-2.png
  artifactKey: Guid(5365aa814486e4356841731775eab6ec) Importer(815301076,1909f56bfc062723c751e8b465ee728b)
Start importing Assets/All Assets/Tiny RPG Forest/Artwork/sprites/hero/walk/hero-walk-front/hero-walk-front-2.png using Guid(5365aa814486e4356841731775eab6ec) Importer(815301076,1909f56bfc062723c751e8b465ee728b)  -> (artifact id: '2a111d30b77b9ec1b808a984d359576b') in 0.021707 seconds 
========================================================================
Received Import Request.
  Time since last request: 0.000026 seconds.
  path: Assets/All Assets/FreePixelGear/Gear.png
  artifactKey: Guid(03dd1ef6fb163214c9e1ac0242dab3ba) Importer(815301076,1909f56bfc062723c751e8b465ee728b)
Start importing Assets/All Assets/FreePixelGear/Gear.png using Guid(03dd1ef6fb163214c9e1ac0242dab3ba) Importer(815301076,1909f56bfc062723c751e8b465ee728b)  -> (artifact id: '5201a9b42edd345537e7c38ca5175a59') in 0.156783 seconds 
========================================================================
Received Import Request.
  Time since last request: 0.000038 seconds.
  path: Assets/All Assets/Simple Fantasy GUI/PNG/Character Panel/CharacterDemo.png
  artifactKey: Guid(50392d800eebceb43a34250d81f4bd1e) Importer(815301076,1909f56bfc062723c751e8b465ee728b)
Start importing Assets/All Assets/Simple Fantasy GUI/PNG/Character Panel/CharacterDemo.png using Guid(50392d800eebceb43a34250d81f4bd1e) Importer(815301076,1909f56bfc062723c751e8b465ee728b)  -> (artifact id: 'f28e999655d45cf6d5d6306dc7cd08bb') in 0.050038 seconds 
========================================================================
Received Import Request.
  Time since last request: 0.000025 seconds.
  path: Assets/All Assets/Simple Fantasy GUI/PNG/Character Bar/CharacterDemo.png
  artifactKey: Guid(dbf0b0525645e10428174d35b68acc83) Importer(815301076,1909f56bfc062723c751e8b465ee728b)
Start importing Assets/All Assets/Simple Fantasy GUI/PNG/Character Bar/CharacterDemo.png using Guid(dbf0b0525645e10428174d35b68acc83) Importer(815301076,1909f56bfc062723c751e8b465ee728b)  -> (artifact id: 'f7e4683b474b9cfcedb5dcc2b2818734') in 0.025593 seconds 
========================================================================
Received Import Request.
  Time since last request: 0.000022 seconds.
  path: Assets/All Assets/Tiny RPG Forest/Artwork/sprites/hero/walk/hero-walk-front/hero-walk-front-4.png
  artifactKey: Guid(8d49905babc88495495ad3a6f7fce288) Importer(815301076,1909f56bfc062723c751e8b465ee728b)
Start importing Assets/All Assets/Tiny RPG Forest/Artwork/sprites/hero/walk/hero-walk-front/hero-walk-front-4.png using Guid(8d49905babc88495495ad3a6f7fce288) Importer(815301076,1909f56bfc062723c751e8b465ee728b)  -> (artifact id: '1dd014144ea9dbaf803fbcca979b5410') in 0.017536 seconds 
========================================================================
Received Import Request.
  Time since last request: 0.000031 seconds.
  path: Assets/All Assets/Simple Fantasy GUI/PNG/Quest Panel/Crystal_Icon.png
  artifactKey: Guid(bebdcb1b1d4112d49bb5e505c72918c6) Importer(815301076,1909f56bfc062723c751e8b465ee728b)
Start importing Assets/All Assets/Simple Fantasy GUI/PNG/Quest Panel/Crystal_Icon.png using Guid(bebdcb1b1d4112d49bb5e505c72918c6) Importer(815301076,1909f56bfc062723c751e8b465ee728b)  -> (artifact id: '081bb176df4e83b2a9c728ee220336d9') in 0.018617 seconds 
========================================================================
Received Import Request.
  Time since last request: 0.000033 seconds.
  path: Assets/All Assets/Tiny RPG Forest/Artwork/sprites/hero/attack/hero-attack-back/hero-attack-back-3.png
  artifactKey: Guid(7185c97541acf4a909caef9a87fb3941) Importer(815301076,1909f56bfc062723c751e8b465ee728b)
Start importing Assets/All Assets/Tiny RPG Forest/Artwork/sprites/hero/attack/hero-attack-back/hero-attack-back-3.png using Guid(7185c97541acf4a909caef9a87fb3941) Importer(815301076,1909f56bfc062723c751e8b465ee728b)  -> (artifact id: '97125e78ed9deddf7fd5c8b218938be0') in 0.015324 seconds 
========================================================================
Received Import Request.
  Time since last request: 0.000026 seconds.
  path: Assets/All Assets/Tiny RPG Forest/Artwork/sprites/misc/coin/coin-1.png
  artifactKey: Guid(03b3b03d94fe64ca991436d28accda10) Importer(815301076,1909f56bfc062723c751e8b465ee728b)
Start importing Assets/All Assets/Tiny RPG Forest/Artwork/sprites/misc/coin/coin-1.png using Guid(03b3b03d94fe64ca991436d28accda10) Importer(815301076,1909f56bfc062723c751e8b465ee728b)  -> (artifact id: '12f8c1833c00f858f6cdffcae85da047') in 0.015200 seconds 
========================================================================
Received Import Request.
  Time since last request: 0.000028 seconds.
  path: Assets/All Assets/Tiny RPG Forest/Artwork/sprites/hero/attack-weapon/hero-attack-back/hero-attack-back-weapon-2.png
  artifactKey: Guid(8d495247644fb40b5972c92de8b601e9) Importer(815301076,1909f56bfc062723c751e8b465ee728b)
Start importing Assets/All Assets/Tiny RPG Forest/Artwork/sprites/hero/attack-weapon/hero-attack-back/hero-attack-back-weapon-2.png using Guid(8d495247644fb40b5972c92de8b601e9) Importer(815301076,1909f56bfc062723c751e8b465ee728b)  -> (artifact id: 'fe6e7d146279e219a6bb80312fe16998') in 0.018145 seconds 
========================================================================
Received Import Request.
  Time since last request: 0.000031 seconds.
  path: Assets/All Assets/Simple Fantasy GUI/PNG/Loading Bar/Background_Bar.png
  artifactKey: Guid(4527bf35c3959cf4b8ab578a90dcd02b) Importer(815301076,1909f56bfc062723c751e8b465ee728b)
Start importing Assets/All Assets/Simple Fantasy GUI/PNG/Loading Bar/Background_Bar.png using Guid(4527bf35c3959cf4b8ab578a90dcd02b) Importer(815301076,1909f56bfc062723c751e8b465ee728b)  -> (artifact id: '934a9e85a013cd20bc4d02fa973a956d') in 0.018887 seconds 
========================================================================
Received Import Request.
  Time since last request: 0.000038 seconds.
  path: Assets/All Assets/Simple Fantasy GUI/PNG/Icons/Boots_Icon.png
  artifactKey: Guid(b634c8a51d4a2d440b44719a9c1329ba) Importer(815301076,1909f56bfc062723c751e8b465ee728b)
Start importing Assets/All Assets/Simple Fantasy GUI/PNG/Icons/Boots_Icon.png using Guid(b634c8a51d4a2d440b44719a9c1329ba) Importer(815301076,1909f56bfc062723c751e8b465ee728b)  -> (artifact id: 'a6c1477ba11e5a452d0e3659c28c6f55') in 0.017806 seconds 
========================================================================
Received Import Request.
  Time since last request: 0.000026 seconds.
  path: Assets/All Assets/Tiny RPG Forest/Artwork/sprites/misc/arrow.png
  artifactKey: Guid(95406b6737b66479a80d172766f8bac5) Importer(815301076,1909f56bfc062723c751e8b465ee728b)
Start importing Assets/All Assets/Tiny RPG Forest/Artwork/sprites/misc/arrow.png using Guid(95406b6737b66479a80d172766f8bac5) Importer(815301076,1909f56bfc062723c751e8b465ee728b)  -> (artifact id: 'f06759c27b3d410245a203cab90b3336') in 0.016300 seconds 
========================================================================
Received Import Request.
  Time since last request: 0.000030 seconds.
  path: Assets/All Assets/Tiny RPG Forest/Artwork/sprites/hero/attack-weapon/hero-attack-front/hero-attack-front-weapon-1.png
  artifactKey: Guid(d3fc86e87ed624cd4b99f41839d07872) Importer(815301076,1909f56bfc062723c751e8b465ee728b)
Start importing Assets/All Assets/Tiny RPG Forest/Artwork/sprites/hero/attack-weapon/hero-attack-front/hero-attack-front-weapon-1.png using Guid(d3fc86e87ed624cd4b99f41839d07872) Importer(815301076,1909f56bfc062723c751e8b465ee728b)  -> (artifact id: 'a32f1f7f616f9901ec00afcc3933245a') in 0.014314 seconds 
========================================================================
Received Import Request.
  Time since last request: 0.000023 seconds.
  path: Assets/All Assets/Simple Fantasy GUI/PNG/Login Panel/LoginButton.png
  artifactKey: Guid(a10be1c4d44d5e447bf2917dbeb8f2b8) Importer(815301076,1909f56bfc062723c751e8b465ee728b)
Start importing Assets/All Assets/Simple Fantasy GUI/PNG/Login Panel/LoginButton.png using Guid(a10be1c4d44d5e447bf2917dbeb8f2b8) Importer(815301076,1909f56bfc062723c751e8b465ee728b)  -> (artifact id: '373b1a5972cb51d201a6d4a14e198132') in 0.016444 seconds 
========================================================================
Received Import Request.
  Time since last request: 0.000029 seconds.
  path: Assets/All Assets/Simple Fantasy GUI/PNG/Loading Bar/Decoration.png
  artifactKey: Guid(bb4c08313ab8d094099ba3912307d052) Importer(815301076,1909f56bfc062723c751e8b465ee728b)
Start importing Assets/All Assets/Simple Fantasy GUI/PNG/Loading Bar/Decoration.png using Guid(bb4c08313ab8d094099ba3912307d052) Importer(815301076,1909f56bfc062723c751e8b465ee728b)  -> (artifact id: 'fce304f3bc6c51c35ce823bb9cde9860') in 0.035293 seconds 
========================================================================
Received Import Request.
  Time since last request: 0.000027 seconds.
  path: Assets/All Assets/Simple Fantasy GUI/PNG/Loading Bar/LoadingDemo.png
  artifactKey: Guid(3337066f7ea9437419b50a86e0fb6ddd) Importer(815301076,1909f56bfc062723c751e8b465ee728b)
Start importing Assets/All Assets/Simple Fantasy GUI/PNG/Loading Bar/LoadingDemo.png using Guid(3337066f7ea9437419b50a86e0fb6ddd) Importer(815301076,1909f56bfc062723c751e8b465ee728b)  -> (artifact id: '2ff009697c55d2b367beb044dfb7ae37') in 0.057342 seconds 
========================================================================
Received Import Request.
  Time since last request: 0.000023 seconds.
  path: Assets/All Assets/Tiny RPG Forest/Artwork/sprites/hero/walk/hero-walk-side-filp/hero-walk-side-3.png
  artifactKey: Guid(81a64857bbb60452c9b2729ea1b2279a) Importer(815301076,1909f56bfc062723c751e8b465ee728b)
Start importing Assets/All Assets/Tiny RPG Forest/Artwork/sprites/hero/walk/hero-walk-side-filp/hero-walk-side-3.png using Guid(81a64857bbb60452c9b2729ea1b2279a) Importer(815301076,1909f56bfc062723c751e8b465ee728b)  -> (artifact id: 'b39648a5a9c0dc3601f7c5abb04cf7c7') in 0.016151 seconds 
========================================================================
Received Import Request.
  Time since last request: 0.000028 seconds.
  path: Assets/All Assets/Tiny RPG Forest/Artwork/sprites/hero/attack/hero-attack-back/hero-attack-back-1.png
  artifactKey: Guid(269bf255a0807467391905647741fd6d) Importer(815301076,1909f56bfc062723c751e8b465ee728b)
Start importing Assets/All Assets/Tiny RPG Forest/Artwork/sprites/hero/attack/hero-attack-back/hero-attack-back-1.png using Guid(269bf255a0807467391905647741fd6d) Importer(815301076,1909f56bfc062723c751e8b465ee728b)  -> (artifact id: 'e3ce3a1d43d38b51f508b751b3d6454b') in 0.015564 seconds 
========================================================================
Received Import Request.
  Time since last request: 0.000027 seconds.
  path: Assets/All Assets/Simple Fantasy GUI/PNG/Character Panel/Eq_Slot.png
  artifactKey: Guid(03435f376320d0e418058b601acc79fd) Importer(815301076,1909f56bfc062723c751e8b465ee728b)
Start importing Assets/All Assets/Simple Fantasy GUI/PNG/Character Panel/Eq_Slot.png using Guid(03435f376320d0e418058b601acc79fd) Importer(815301076,1909f56bfc062723c751e8b465ee728b)  -> (artifact id: '79c73eb3720273dd15e0152d68ed3218') in 0.016030 seconds 
========================================================================
Received Import Request.
  Time since last request: 0.000025 seconds.
  path: Assets/All Assets/Tiny RPG Forest/Artwork/sprites/misc/enemy-death/enemy-death-2.png
  artifactKey: Guid(251925328a35b4b1f86bc7bfc46ba9a3) Importer(815301076,1909f56bfc062723c751e8b465ee728b)
Start importing Assets/All Assets/Tiny RPG Forest/Artwork/sprites/misc/enemy-death/enemy-death-2.png using Guid(251925328a35b4b1f86bc7bfc46ba9a3) Importer(815301076,1909f56bfc062723c751e8b465ee728b)  -> (artifact id: '5559f62a7238189fd1e92e67e7300fb5') in 0.015955 seconds 
========================================================================
Received Import Request.
  Time since last request: 0.000027 seconds.
  path: Assets/All Assets/Tiny RPG Forest/Artwork/Environment/sliced-objects/bush.png
  artifactKey: Guid(dbc624f7b3a644dcf989e434e63d9a98) Importer(815301076,1909f56bfc062723c751e8b465ee728b)
Start importing Assets/All Assets/Tiny RPG Forest/Artwork/Environment/sliced-objects/bush.png using Guid(dbc624f7b3a644dcf989e434e63d9a98) Importer(815301076,1909f56bfc062723c751e8b465ee728b)  -> (artifact id: '252d750a0fbf24c25d6434091f86d228') in 0.016347 seconds 
========================================================================
Received Import Request.
  Time since last request: 0.000025 seconds.
  path: Assets/All Assets/Tiny RPG Forest/Artwork/sprites/misc/enemy-death/enemy-death-3.png
  artifactKey: Guid(39863dd113769499488ded9f37cd3ef4) Importer(815301076,1909f56bfc062723c751e8b465ee728b)
Start importing Assets/All Assets/Tiny RPG Forest/Artwork/sprites/misc/enemy-death/enemy-death-3.png using Guid(39863dd113769499488ded9f37cd3ef4) Importer(815301076,1909f56bfc062723c751e8b465ee728b)  -> (artifact id: '5b63b6c66fe1fdd7430afc4e7fd14d03') in 0.015518 seconds 
========================================================================
Received Import Request.
  Time since last request: 0.000026 seconds.
  path: Assets/All Assets/Tiny RPG Forest/Artwork/sprites/misc/coin/coin-2.png
  artifactKey: Guid(bff474feb3ed041f0abe9d1ec39e3b73) Importer(815301076,1909f56bfc062723c751e8b465ee728b)
Start importing Assets/All Assets/Tiny RPG Forest/Artwork/sprites/misc/coin/coin-2.png using Guid(bff474feb3ed041f0abe9d1ec39e3b73) Importer(815301076,1909f56bfc062723c751e8b465ee728b)  -> (artifact id: '3d3c99ac2df64837941cb79b5ff53d0c') in 0.014252 seconds 
========================================================================
Received Import Request.
  Time since last request: 0.000023 seconds.
  path: Assets/All Assets/Simple Fantasy GUI/PNG/Character Panel/Blue_Ribbon.png
  artifactKey: Guid(6b7f50f0c25eead429284cd00c8c43fd) Importer(815301076,1909f56bfc062723c751e8b465ee728b)
Start importing Assets/All Assets/Simple Fantasy GUI/PNG/Character Panel/Blue_Ribbon.png using Guid(6b7f50f0c25eead429284cd00c8c43fd) Importer(815301076,1909f56bfc062723c751e8b465ee728b)  -> (artifact id: '7d2a355014d7ebd2f62f7df89eb1598a') in 0.016949 seconds 
========================================================================
Received Import Request.
  Time since last request: 0.000023 seconds.
  path: Assets/All Assets/Tiny RPG Forest/Artwork/sprites/hero/idle/hero-idle-back/hero-idle-back.png
  artifactKey: Guid(4fc82fadd0e1d4ed8a697be473d72842) Importer(815301076,1909f56bfc062723c751e8b465ee728b)
Start importing Assets/All Assets/Tiny RPG Forest/Artwork/sprites/hero/idle/hero-idle-back/hero-idle-back.png using Guid(4fc82fadd0e1d4ed8a697be473d72842) Importer(815301076,1909f56bfc062723c751e8b465ee728b)  -> (artifact id: 'c36ebfeeff603337ea69acdb9daf5348') in 0.016741 seconds 
========================================================================
Received Import Request.
  Time since last request: 0.000022 seconds.
  path: Assets/All Assets/Tiny RPG Forest/Artwork/sprites/hero/attack/hero-attack-side/hero-attack-side-1.png
  artifactKey: Guid(ba299c80d09de4d4696f394e503ac933) Importer(815301076,1909f56bfc062723c751e8b465ee728b)
Start importing Assets/All Assets/Tiny RPG Forest/Artwork/sprites/hero/attack/hero-attack-side/hero-attack-side-1.png using Guid(ba299c80d09de4d4696f394e503ac933) Importer(815301076,1909f56bfc062723c751e8b465ee728b)  -> (artifact id: 'da5a37088c44f38813660761c757a7ed') in 0.017001 seconds 
========================================================================
Received Import Request.
  Time since last request: 0.000024 seconds.
  path: Assets/All Assets/Simple Fantasy GUI/PNG/Inventory/Coin_Icon.png
  artifactKey: Guid(2a1c781e35926804da1a57d450ea2c86) Importer(815301076,1909f56bfc062723c751e8b465ee728b)
Start importing Assets/All Assets/Simple Fantasy GUI/PNG/Inventory/Coin_Icon.png using Guid(2a1c781e35926804da1a57d450ea2c86) Importer(815301076,1909f56bfc062723c751e8b465ee728b)  -> (artifact id: 'dd2ed8ce56e2d2c9656975983d651bca') in 0.018382 seconds 
========================================================================
Received Import Request.
  Time since last request: 0.000028 seconds.
  path: Assets/All Assets/Tiny RPG Forest/Artwork/sprites/hero/walk/hero-walk-front/hero-walk-front-3.png
  artifactKey: Guid(1e624e1a997d8411ebe498d51d9dcc6d) Importer(815301076,1909f56bfc062723c751e8b465ee728b)
Start importing Assets/All Assets/Tiny RPG Forest/Artwork/sprites/hero/walk/hero-walk-front/hero-walk-front-3.png using Guid(1e624e1a997d8411ebe498d51d9dcc6d) Importer(815301076,1909f56bfc062723c751e8b465ee728b)  -> (artifact id: '84d2dd0dab7c961689ee0a60ed92ea62') in 0.016312 seconds 
========================================================================
Received Import Request.
  Time since last request: 0.000030 seconds.
  path: Assets/All Assets/Simple Fantasy GUI/PNG/Inventory/Close_Icon.png
  artifactKey: Guid(91b7e74335f44c44c8dba8435bf6c3ab) Importer(815301076,1909f56bfc062723c751e8b465ee728b)
Start importing Assets/All Assets/Simple Fantasy GUI/PNG/Inventory/Close_Icon.png using Guid(91b7e74335f44c44c8dba8435bf6c3ab) Importer(815301076,1909f56bfc062723c751e8b465ee728b)  -> (artifact id: 'fa28dfd730b5f6626a92dcd262c8ad0c') in 0.018370 seconds 
========================================================================
Received Import Request.
  Time since last request: 0.000027 seconds.
  path: Assets/All Assets/Tiny RPG Forest/Artwork/sprites/misc/enemy-death/enemy-death-5.png
  artifactKey: Guid(53a1842734d514cbaa3c63fb01b8a2e5) Importer(815301076,1909f56bfc062723c751e8b465ee728b)
Start importing Assets/All Assets/Tiny RPG Forest/Artwork/sprites/misc/enemy-death/enemy-death-5.png using Guid(53a1842734d514cbaa3c63fb01b8a2e5) Importer(815301076,1909f56bfc062723c751e8b465ee728b)  -> (artifact id: '10f15a8e9b4783cc185e6bbfe5fc7031') in 0.015205 seconds 
========================================================================
Received Import Request.
  Time since last request: 0.000022 seconds.
  path: Assets/All Assets/Tiny RPG Forest/Artwork/sprites/hero/walk/hero-walk-back/hero-walk-back-6.png
  artifactKey: Guid(89a9ed82b75b24c1492b3fd640424573) Importer(815301076,1909f56bfc062723c751e8b465ee728b)
Start importing Assets/All Assets/Tiny RPG Forest/Artwork/sprites/hero/walk/hero-walk-back/hero-walk-back-6.png using Guid(89a9ed82b75b24c1492b3fd640424573) Importer(815301076,1909f56bfc062723c751e8b465ee728b)  -> (artifact id: '697c450c4f89df466406876be361fad2') in 0.014688 seconds 
========================================================================
Received Import Request.
  Time since last request: 0.000039 seconds.
  path: Assets/All Assets/Simple Fantasy GUI/PNG/Icons/Armor_Icon.png
  artifactKey: Guid(65a9410232dbc154c9cec96a5fbd07b1) Importer(815301076,1909f56bfc062723c751e8b465ee728b)
Start importing Assets/All Assets/Simple Fantasy GUI/PNG/Icons/Armor_Icon.png using Guid(65a9410232dbc154c9cec96a5fbd07b1) Importer(815301076,1909f56bfc062723c751e8b465ee728b)  -> (artifact id: '9ab0c344013a268c57ce8decedda642f') in 0.017531 seconds 
========================================================================
Received Import Request.
  Time since last request: 0.000026 seconds.
  path: Assets/All Assets/Simple Fantasy GUI/PNG/Login Panel/LoginPassword_Box.png
  artifactKey: Guid(19c4df2c9c38ace4fbf0731a1dbe0527) Importer(815301076,1909f56bfc062723c751e8b465ee728b)
Start importing Assets/All Assets/Simple Fantasy GUI/PNG/Login Panel/LoginPassword_Box.png using Guid(19c4df2c9c38ace4fbf0731a1dbe0527) Importer(815301076,1909f56bfc062723c751e8b465ee728b)  -> (artifact id: 'cd1d4c93b2ed9173e00165190405ed68') in 0.017798 seconds 
========================================================================
Received Import Request.
  Time since last request: 0.000021 seconds.
  path: Assets/All Assets/Simple Fantasy GUI/PNG/Inventory/Inventory_Slots.png
  artifactKey: Guid(ea19e8ef39d89f648a757b47c87f2365) Importer(815301076,1909f56bfc062723c751e8b465ee728b)
Start importing Assets/All Assets/Simple Fantasy GUI/PNG/Inventory/Inventory_Slots.png using Guid(ea19e8ef39d89f648a757b47c87f2365) Importer(815301076,1909f56bfc062723c751e8b465ee728b)  -> (artifact id: '231bc00f2919fed53b4a3b0c828c3cae') in 0.027143 seconds 
========================================================================
Received Import Request.
  Time since last request: 0.000025 seconds.
  path: Assets/All Assets/Simple Fantasy GUI/PNG/Character Bar/Character_Box.png
  artifactKey: Guid(f07e17d8dc5732646b3ec49fce870411) Importer(815301076,1909f56bfc062723c751e8b465ee728b)
Start importing Assets/All Assets/Simple Fantasy GUI/PNG/Character Bar/Character_Box.png using Guid(f07e17d8dc5732646b3ec49fce870411) Importer(815301076,1909f56bfc062723c751e8b465ee728b)  -> (artifact id: '7d0bdf4930d1fc4ee7e8259856783999') in 0.023982 seconds 
========================================================================
Received Import Request.
  Time since last request: 0.000019 seconds.
  path: Assets/All Assets/Tiny RPG Forest/Artwork/sprites/hero/attack-weapon/hero-attack-back/hero-attack-back-weapon-1.png
  artifactKey: Guid(ffed433e735f44a99b90ef2bcb4119c7) Importer(815301076,1909f56bfc062723c751e8b465ee728b)
Start importing Assets/All Assets/Tiny RPG Forest/Artwork/sprites/hero/attack-weapon/hero-attack-back/hero-attack-back-weapon-1.png using Guid(ffed433e735f44a99b90ef2bcb4119c7) Importer(815301076,1909f56bfc062723c751e8b465ee728b)  -> (artifact id: '8b9af36712b6759ca2b0400604bbb9af') in 0.016495 seconds 
========================================================================
Received Import Request.
  Time since last request: 0.000023 seconds.
  path: Assets/All Assets/Tiny RPG Forest/Artwork/sprites/misc/gem/gem-3.png
  artifactKey: Guid(5bfad33111cd74875afe141dc1db8c66) Importer(815301076,1909f56bfc062723c751e8b465ee728b)
Start importing Assets/All Assets/Tiny RPG Forest/Artwork/sprites/misc/gem/gem-3.png using Guid(5bfad33111cd74875afe141dc1db8c66) Importer(815301076,1909f56bfc062723c751e8b465ee728b)  -> (artifact id: '38553b46bda91a5c09d3b07f4697306f') in 0.017238 seconds 
========================================================================
Received Import Request.
  Time since last request: 0.000031 seconds.
  path: Assets/All Assets/Tiny RPG Forest/Artwork/sprites/hero/walk/hero-walk-back/hero-walk-back-1.png
  artifactKey: Guid(b6844b89804364482afc9e85f4c7ead6) Importer(815301076,1909f56bfc062723c751e8b465ee728b)
Start importing Assets/All Assets/Tiny RPG Forest/Artwork/sprites/hero/walk/hero-walk-back/hero-walk-back-1.png using Guid(b6844b89804364482afc9e85f4c7ead6) Importer(815301076,1909f56bfc062723c751e8b465ee728b)  -> (artifact id: 'ef04e662fa144545a0c4e708280e9b01') in 0.015660 seconds 
========================================================================
Received Prepare
Registering precompiled user dll's ...
Registered in 0.015687 seconds.
Begin MonoManager ReloadAssembly
Symbol file LoadedFromMemory doesn't match image C:\Users\HHH\Desktop\This-onetest-main\Library\PackageCache\com.unity.visualscripting@1.7.6\Editor\VisualScripting.Core\Dependencies\YamlDotNet\Unity.VisualScripting.YamlDotNet.dll
Symbol file LoadedFromMemory doesn't match image C:\Users\HHH\Desktop\This-onetest-main\Library\PackageCache\com.unity.visualscripting@1.7.6\Editor\VisualScripting.Core\Dependencies\DotNetZip\Unity.VisualScripting.IonicZip.dll
Native extension for WindowsStandalone target not found
Refreshing native plugins compatible for Editor in 0.94 ms, found 3 plugins.
Preloading 0 native plugins for Editor in 0.00 ms.
Mono: successfully reloaded assembly
- Completed reload, in  1.682 seconds
Domain Reload Profiling:
	ReloadAssembly (1683ms)
		BeginReloadAssembly (277ms)
			ExecutionOrderSort (0ms)
			DisableScriptedObjects (7ms)
			BackupInstance (0ms)
			ReleaseScriptingObjects (0ms)
			CreateAndSetChildDomain (49ms)
		EndReloadAssembly (1203ms)
			LoadAssemblies (218ms)
			RebuildTransferFunctionScriptingTraits (0ms)
			SetupTypeCache (346ms)
			ReleaseScriptCaches (2ms)
			RebuildScriptCaches (57ms)
			SetupLoadedEditorAssemblies (552ms)
				LogAssemblyErrors (0ms)
				InitializePlatformSupportModulesInManaged (21ms)
				SetLoadedEditorAssemblies (1ms)
				RefreshPlugins (1ms)
				BeforeProcessingInitializeOnLoad (142ms)
				ProcessInitializeOnLoadAttributes (309ms)
				ProcessInitializeOnLoadMethodAttributes (31ms)
				AfterProcessingInitializeOnLoad (47ms)
				EditorAssembliesLoaded (0ms)
			ExecutionOrderSort2 (0ms)
			AwakeInstancesAfterBackupRestoration (12ms)
Platform modules already initialized, skipping
Refreshing native plugins compatible for Editor in 7.79 ms, found 3 plugins.
Preloading 0 native plugins for Editor in 0.00 ms.
Unloading 3808 Unused Serialized files (Serialized files now loaded: 0)
Unloading 24 unused Assets / (0.5 MB). Loaded Objects now: 4431.
Memory consumption went from 218.3 MB to 217.8 MB.
Total: 6.382300 ms (FindLiveObjects: 0.616900 ms CreateObjectMapping: 1.010000 ms MarkObjects: 4.097800 ms  DeleteObjects: 0.656000 ms)

AssetImportParameters requested are different than current active one (requested -> active):
  custom:video-decoder-ogg-theora: a1e56fd34408186e4bbccfd4996cb3dc -> 
  custom:container-muxer-webm: aa71ff27fc2769a1b78a27578f13a17b -> 
  custom:container-demuxer-webm: 4f35f7cbe854078d1ac9338744f61a02 -> 
  custom:video-encoder-webm-vp8: eb34c28f22e8b96e1ab97ce403110664 -> 
  custom:audio-encoder-webm-vorbis: bf7c407c2cedff20999df2af8eb42d56 -> 
  custom:framework-win-MediaFoundation: 216162199b28c13a410421893ffa2e32 -> 
  custom:container-demuxer-ogg: 62fdf1f143b41e24485cea50d1cbac27 -> 
  custom:video-decoder-webm-vp8: 9c59270c3fd7afecdb556c50c9e8de78 -> 
  custom:audio-decoder-ogg-vorbis: bf7c407c2cedff20999df2af8eb42d56 -> 
========================================================================
Received Prepare
Registering precompiled user dll's ...
Registered in 0.016096 seconds.
Begin MonoManager ReloadAssembly
Symbol file LoadedFromMemory doesn't match image C:\Users\HHH\Desktop\This-onetest-main\Library\PackageCache\com.unity.visualscripting@1.7.6\Editor\VisualScripting.Core\Dependencies\YamlDotNet\Unity.VisualScripting.YamlDotNet.dll
Symbol file LoadedFromMemory doesn't match image C:\Users\HHH\Desktop\This-onetest-main\Library\PackageCache\com.unity.visualscripting@1.7.6\Editor\VisualScripting.Core\Dependencies\DotNetZip\Unity.VisualScripting.IonicZip.dll
Native extension for WindowsStandalone target not found
Refreshing native plugins compatible for Editor in 0.96 ms, found 3 plugins.
Preloading 0 native plugins for Editor in 0.00 ms.
Mono: successfully reloaded assembly
- Completed reload, in  1.491 seconds
Domain Reload Profiling:
	ReloadAssembly (1492ms)
		BeginReloadAssembly (252ms)
			ExecutionOrderSort (0ms)
			DisableScriptedObjects (8ms)
			BackupInstance (0ms)
			ReleaseScriptingObjects (0ms)
			CreateAndSetChildDomain (40ms)
		EndReloadAssembly (1046ms)
			LoadAssemblies (184ms)
			RebuildTransferFunctionScriptingTraits (0ms)
			SetupTypeCache (313ms)
			ReleaseScriptCaches (1ms)
			RebuildScriptCaches (56ms)
			SetupLoadedEditorAssemblies (459ms)
				LogAssemblyErrors (0ms)
				InitializePlatformSupportModulesInManaged (19ms)
				SetLoadedEditorAssemblies (1ms)
				RefreshPlugins (1ms)
				BeforeProcessingInitializeOnLoad (137ms)
				ProcessInitializeOnLoadAttributes (231ms)
				ProcessInitializeOnLoadMethodAttributes (28ms)
				AfterProcessingInitializeOnLoad (41ms)
				EditorAssembliesLoaded (0ms)
			ExecutionOrderSort2 (0ms)
			AwakeInstancesAfterBackupRestoration (12ms)
Platform modules already initialized, skipping
Refreshing native plugins compatible for Editor in 6.61 ms, found 3 plugins.
Preloading 0 native plugins for Editor in 0.00 ms.
Unloading 3808 Unused Serialized files (Serialized files now loaded: 0)
Unloading 24 unused Assets / (0.5 MB). Loaded Objects now: 4433.
Memory consumption went from 218.4 MB to 217.8 MB.
Total: 6.034100 ms (FindLiveObjects: 0.460100 ms CreateObjectMapping: 0.526700 ms MarkObjects: 4.761100 ms  DeleteObjects: 0.284300 ms)

AssetImportParameters requested are different than current active one (requested -> active):
  custom:video-decoder-ogg-theora: a1e56fd34408186e4bbccfd4996cb3dc -> 
  custom:container-muxer-webm: aa71ff27fc2769a1b78a27578f13a17b -> 
  custom:container-demuxer-webm: 4f35f7cbe854078d1ac9338744f61a02 -> 
  custom:video-encoder-webm-vp8: eb34c28f22e8b96e1ab97ce403110664 -> 
  custom:audio-encoder-webm-vorbis: bf7c407c2cedff20999df2af8eb42d56 -> 
  custom:framework-win-MediaFoundation: 216162199b28c13a410421893ffa2e32 -> 
  custom:container-demuxer-ogg: 62fdf1f143b41e24485cea50d1cbac27 -> 
  custom:video-decoder-webm-vp8: 9c59270c3fd7afecdb556c50c9e8de78 -> 
  custom:audio-decoder-ogg-vorbis: bf7c407c2cedff20999df2af8eb42d56 -> 
Editor requested this worker to shutdown with reason: Scaling down because of idle timeout
AssetImportWorker is now disconnected from the server
Process exiting
Exiting without the bug reporter. Application will terminate with return code 0